[76.657s] DEBUG:colcon:Command line arguments: ['/usr/bin/colcon', 'build', '--symlink-install']
[76.657s] DEBUG:colcon:Parsed command line arguments: Namespace(allow_overriding=[], ament_cmake_args=None, base_paths=['.'], build_base='build', catkin_cmake_args=None, catkin_skip_building_tests=False, cmake_args=None, cmake_clean_cache=False, cmake_clean_first=False, cmake_force_configure=False, cmake_target=None, cmake_target_skip_unavailable=False, continue_on_error=False, event_handlers=None, executor='parallel', ignore_user_meta=False, install_base='install', log_base=None, log_level=None, main=<bound method BuildVerb.main of <colcon_core.verb.build.BuildVerb object at 0xffff9df2fa60>>, merge_install=False, metas=['./colcon.meta'], packages_above=None, packages_above_and_dependencies=None, packages_above_depth=None, packages_end=None, packages_ignore=None, packages_ignore_regex=None, packages_select=None, packages_select_build_failed=False, packages_select_by_dep=None, packages_select_regex=None, packages_select_test_failures=False, packages_skip=None, packages_skip_build_finished=False, packages_skip_by_dep=None, packages_skip_regex=None, packages_skip_test_passed=False, packages_skip_up_to=None, packages_start=None, packages_up_to=None, packages_up_to_regex=None, parallel_workers=4, paths=None, symlink_install=True, test_result_base=None, verb_extension=<colcon_core.verb.build.BuildVerb object at 0xffff9df2fa60>, verb_name='build', verb_parser=<colcon_defaults.argument_parser.defaults.DefaultArgumentsDecorator object at 0xffff9db74760>)
[80.018s] Level 1:colcon.colcon_core.package_discovery:discover_packages(colcon_meta) check parameters
[80.019s] Level 1:colcon.colcon_core.package_discovery:discover_packages(recursive) check parameters
[80.019s] Level 1:colcon.colcon_core.package_discovery:discover_packages(ignore) check parameters
[80.019s] Level 1:colcon.colcon_core.package_discovery:discover_packages(path) check parameters
[80.019s] Level 1:colcon.colcon_core.package_discovery:discover_packages(colcon_meta) discover
[80.019s] Level 1:colcon.colcon_core.package_discovery:discover_packages(recursive) discover
[80.020s] INFO:colcon.colcon_core.package_discovery:Crawling recursively for packages in '/home/jetson/Documents/Ros2PP'
[80.021s] Level 1:colcon.colcon_core.package_identification:_identify(.) by extensions ['ignore', 'ignore_ament_install']
[80.022s] Level 1:colcon.colcon_core.package_identification:_identify(.) by extension 'ignore'
[80.022s] Level 1:colcon.colcon_core.package_identification:_identify(.) by extension 'ignore_ament_install'
[80.022s] Level 1:colcon.colcon_core.package_identification:_identify(.) by extensions ['colcon_pkg']
[80.022s] Level 1:colcon.colcon_core.package_identification:_identify(.) by extension 'colcon_pkg'
[80.023s] Level 1:colcon.colcon_core.package_identification:_identify(.) by extensions ['colcon_meta']
[80.023s] Level 1:colcon.colcon_core.package_identification:_identify(.) by extension 'colcon_meta'
[80.023s] Level 1:colcon.colcon_core.package_identification:_identify(.) by extensions ['ros']
[80.023s] Level 1:colcon.colcon_core.package_identification:_identify(.) by extension 'ros'
[80.241s] Level 1:colcon.colcon_core.package_identification:_identify(.) by extensions ['cmake', 'python']
[80.241s] Level 1:colcon.colcon_core.package_identification:_identify(.) by extension 'cmake'
[80.242s] Level 1:colcon.colcon_core.package_identification:_identify(.) by extension 'python'
[80.242s] Level 1:colcon.colcon_core.package_identification:_identify(.) by extensions ['python_setup_py']
[80.242s] Level 1:colcon.colcon_core.package_identification:_identify(.) by extension 'python_setup_py'
[80.243s] Level 1:colcon.colcon_core.package_identification:_identify(build) by extensions ['ignore', 'ignore_ament_install']
[80.243s] Level 1:colcon.colcon_core.package_identification:_identify(build) by extension 'ignore'
[80.243s] Level 1:colcon.colcon_core.package_identification:_identify(build) ignored
[80.244s] Level 1:colcon.colcon_core.package_identification:_identify(install) by extensions ['ignore', 'ignore_ament_install']
[80.244s] Level 1:colcon.colcon_core.package_identification:_identify(install) by extension 'ignore'
[80.245s] Level 1:colcon.colcon_core.package_identification:_identify(install) ignored
[80.245s] Level 1:colcon.colcon_core.package_identification:_identify(log) by extensions ['ignore', 'ignore_ament_install']
[80.246s] Level 1:colcon.colcon_core.package_identification:_identify(log) by extension 'ignore'
[80.246s] Level 1:colcon.colcon_core.package_identification:_identify(log) ignored
[80.246s] Level 1:colcon.colcon_core.package_identification:_identify(src) by extensions ['ignore', 'ignore_ament_install']
[80.246s] Level 1:colcon.colcon_core.package_identification:_identify(src) by extension 'ignore'
[80.247s] Level 1:colcon.colcon_core.package_identification:_identify(src) by extension 'ignore_ament_install'
[80.247s] Level 1:colcon.colcon_core.package_identification:_identify(src) by extensions ['colcon_pkg']
[80.247s] Level 1:colcon.colcon_core.package_identification:_identify(src) by extension 'colcon_pkg'
[80.248s] Level 1:colcon.colcon_core.package_identification:_identify(src) by extensions ['colcon_meta']
[80.248s] Level 1:colcon.colcon_core.package_identification:_identify(src) by extension 'colcon_meta'
[80.248s] Level 1:colcon.colcon_core.package_identification:_identify(src) by extensions ['ros']
[80.248s] Level 1:colcon.colcon_core.package_identification:_identify(src) by extension 'ros'
[80.249s] Level 1:colcon.colcon_core.package_identification:_identify(src) by extensions ['cmake', 'python']
[80.249s] Level 1:colcon.colcon_core.package_identification:_identify(src) by extension 'cmake'
[80.249s] Level 1:colcon.colcon_core.package_identification:_identify(src) by extension 'python'
[80.249s] Level 1:colcon.colcon_core.package_identification:_identify(src) by extensions ['python_setup_py']
[80.249s] Level 1:colcon.colcon_core.package_identification:_identify(src) by extension 'python_setup_py'
[80.250s] Level 1:colcon.colcon_core.package_identification:_identify(src/my_waypoint_follower) by extensions ['ignore', 'ignore_ament_install']
[80.250s] Level 1:colcon.colcon_core.package_identification:_identify(src/my_waypoint_follower) by extension 'ignore'
[80.250s] Level 1:colcon.colcon_core.package_identification:_identify(src/my_waypoint_follower) by extension 'ignore_ament_install'
[80.251s] Level 1:colcon.colcon_core.package_identification:_identify(src/my_waypoint_follower) by extensions ['colcon_pkg']
[80.251s] Level 1:colcon.colcon_core.package_identification:_identify(src/my_waypoint_follower) by extension 'colcon_pkg'
[80.251s] Level 1:colcon.colcon_core.package_identification:_identify(src/my_waypoint_follower) by extensions ['colcon_meta']
[80.251s] Level 1:colcon.colcon_core.package_identification:_identify(src/my_waypoint_follower) by extension 'colcon_meta'
[80.252s] Level 1:colcon.colcon_core.package_identification:_identify(src/my_waypoint_follower) by extensions ['ros']
[80.252s] Level 1:colcon.colcon_core.package_identification:_identify(src/my_waypoint_follower) by extension 'ros'
[80.404s] DEBUG:colcon.colcon_core.package_identification:Package 'src/my_waypoint_follower' with type 'ros.ament_python' and name 'my_waypoint_follower'
[80.404s] Level 1:colcon.colcon_core.package_discovery:discover_packages(recursive) using defaults
[80.405s] Level 1:colcon.colcon_core.package_discovery:discover_packages(ignore) discover
[80.405s] Level 1:colcon.colcon_core.package_discovery:discover_packages(ignore) using defaults
[80.405s] Level 1:colcon.colcon_core.package_discovery:discover_packages(path) discover
[80.405s] Level 1:colcon.colcon_core.package_discovery:discover_packages(path) using defaults
[88.492s] Level 1:colcon.colcon_core.package_discovery:discover_packages(prefix_path) check parameters
[88.492s] Level 1:colcon.colcon_core.package_discovery:discover_packages(prefix_path) discover
[91.456s] DEBUG:colcon.colcon_installed_package_information.package_discovery:Found 1 installed packages in /home/jetson/Documents/Ros2PP/install
[92.084s] DEBUG:colcon.colcon_installed_package_information.package_discovery:Found 24 installed packages in /home/jetson/f1tenth_ws/install
[92.946s] DEBUG:colcon.colcon_installed_package_information.package_discovery:Found 326 installed packages in /home/jetson/ros2_foxy/install
[94.824s] DEBUG:colcon.colcon_installed_package_information.package_discovery:Found 365 installed packages in /opt/ros/foxy
[95.040s] Level 1:colcon.colcon_core.package_discovery:discover_packages(prefix_path) using defaults
[99.953s] Level 5:colcon.colcon_core.verb:set package 'my_waypoint_follower' build argument 'cmake_args' from command line to 'None'
[99.953s] Level 5:colcon.colcon_core.verb:set package 'my_waypoint_follower' build argument 'cmake_target' from command line to 'None'
[99.954s] Level 5:colcon.colcon_core.verb:set package 'my_waypoint_follower' build argument 'cmake_target_skip_unavailable' from command line to 'False'
[99.954s] Level 5:colcon.colcon_core.verb:set package 'my_waypoint_follower' build argument 'cmake_clean_cache' from command line to 'False'
[99.954s] Level 5:colcon.colcon_core.verb:set package 'my_waypoint_follower' build argument 'cmake_clean_first' from command line to 'False'
[99.963s] Level 5:colcon.colcon_core.verb:set package 'my_waypoint_follower' build argument 'cmake_force_configure' from command line to 'False'
[99.963s] Level 5:colcon.colcon_core.verb:set package 'my_waypoint_follower' build argument 'ament_cmake_args' from command line to 'None'
[99.964s] Level 5:colcon.colcon_core.verb:set package 'my_waypoint_follower' build argument 'catkin_cmake_args' from command line to 'None'
[99.964s] Level 5:colcon.colcon_core.verb:set package 'my_waypoint_follower' build argument 'catkin_skip_building_tests' from command line to 'False'
[99.964s] DEBUG:colcon.colcon_core.verb:Building package 'my_waypoint_follower' with the following arguments: {'ament_cmake_args': None, 'build_base': '/home/jetson/Documents/Ros2PP/build/my_waypoint_follower', 'catkin_cmake_args': None, 'catkin_skip_building_tests': False, 'cmake_args': None, 'cmake_clean_cache': False, 'cmake_clean_first': False, 'cmake_force_configure': False, 'cmake_target': None, 'cmake_target_skip_unavailable': False, 'install_base': '/home/jetson/Documents/Ros2PP/install/my_waypoint_follower', 'merge_install': False, 'path': '/home/jetson/Documents/Ros2PP/src/my_waypoint_follower', 'symlink_install': True, 'test_result_base': None}
[101.680s] INFO:colcon.colcon_core.executor:Executing jobs using 'parallel' executor
[103.510s] DEBUG:colcon.colcon_parallel_executor.executor.parallel:run_until_complete
[103.511s] INFO:colcon.colcon_ros.task.ament_python.build:Building ROS package in '/home/jetson/Documents/Ros2PP/src/my_waypoint_follower' with build type 'ament_python'
[103.511s] Level 1:colcon.colcon_core.shell:create_environment_hook('my_waypoint_follower', 'ament_prefix_path')
[106.229s] INFO:colcon.colcon_core.plugin_system:Skipping extension 'colcon_core.shell.bat': Not used on non-Windows systems
[106.230s] INFO:colcon.colcon_core.shell:Creating environment hook '/home/jetson/Documents/Ros2PP/install/my_waypoint_follower/share/my_waypoint_follower/hook/ament_prefix_path.ps1'
[106.237s] INFO:colcon.colcon_core.shell:Creating environment descriptor '/home/jetson/Documents/Ros2PP/install/my_waypoint_follower/share/my_waypoint_follower/hook/ament_prefix_path.dsv'
[106.245s] INFO:colcon.colcon_core.shell:Creating environment hook '/home/jetson/Documents/Ros2PP/install/my_waypoint_follower/share/my_waypoint_follower/hook/ament_prefix_path.sh'
[108.261s] INFO:colcon.colcon_core.shell:Skip shell extension 'powershell' for command environment: Not usable outside of PowerShell
[108.261s] DEBUG:colcon.colcon_core.shell:Skip shell extension 'dsv' for command environment
[120.174s] INFO:colcon.colcon_core.task.python.build:Building Python package in '/home/jetson/Documents/Ros2PP/src/my_waypoint_follower'
[121.145s] INFO:colcon.colcon_core.shell:Skip shell extension 'powershell' for command environment: Not usable outside of PowerShell
[121.145s] DEBUG:colcon.colcon_core.shell:Skip shell extension 'dsv' for command environment
[140.939s] DEBUG:colcon.colcon_core.event_handler.log_command:Invoking command in '/home/jetson/Documents/Ros2PP/build/my_waypoint_follower': PYTHONPATH=/home/jetson/Documents/Ros2PP/build/my_waypoint_follower/prefix_override:/home/jetson/Documents/Ros2PP/install/my_waypoint_follower/lib/python3.8/site-packages:${PYTHONPATH} /usr/bin/python3 setup.py develop --editable --build-directory /home/jetson/Documents/Ros2PP/build/my_waypoint_follower/build --no-deps install_data
[148.745s] Level 1:colcon.colcon_core.shell:create_environment_hook('my_waypoint_follower', 'pythonpath_develop')
[148.748s] DEBUG:colcon.colcon_core.event_handler.log_command:Invoked command in '/home/jetson/Documents/Ros2PP/build/my_waypoint_follower' returned '0': PYTHONPATH=/home/jetson/Documents/Ros2PP/build/my_waypoint_follower/prefix_override:/home/jetson/Documents/Ros2PP/install/my_waypoint_follower/lib/python3.8/site-packages:${PYTHONPATH} /usr/bin/python3 setup.py develop --editable --build-directory /home/jetson/Documents/Ros2PP/build/my_waypoint_follower/build --no-deps install_data
[150.961s] INFO:colcon.colcon_core.shell:Creating environment hook '/home/jetson/Documents/Ros2PP/build/my_waypoint_follower/share/my_waypoint_follower/hook/pythonpath_develop.ps1'
[150.975s] INFO:colcon.colcon_core.shell:Creating environment descriptor '/home/jetson/Documents/Ros2PP/build/my_waypoint_follower/share/my_waypoint_follower/hook/pythonpath_develop.dsv'
[150.980s] INFO:colcon.colcon_core.shell:Creating environment hook '/home/jetson/Documents/Ros2PP/build/my_waypoint_follower/share/my_waypoint_follower/hook/pythonpath_develop.sh'
[153.382s] Level 1:colcon.colcon_core.environment:checking '/home/jetson/Documents/Ros2PP/install/my_waypoint_follower' for CMake module files
[153.385s] Level 1:colcon.colcon_core.environment:checking '/home/jetson/Documents/Ros2PP/install/my_waypoint_follower' for CMake config files
[153.391s] Level 1:colcon.colcon_core.environment:checking '/home/jetson/Documents/Ros2PP/install/my_waypoint_follower/lib'
[153.392s] Level 1:colcon.colcon_core.environment:checking '/home/jetson/Documents/Ros2PP/install/my_waypoint_follower/bin'
[153.392s] Level 1:colcon.colcon_core.environment:checking '/home/jetson/Documents/Ros2PP/install/my_waypoint_follower/lib/pkgconfig/my_waypoint_follower.pc'
[153.393s] Level 1:colcon.colcon_core.environment:checking '/home/jetson/Documents/Ros2PP/install/my_waypoint_follower/lib/python3.8/site-packages'
[153.393s] Level 1:colcon.colcon_core.shell:create_environment_hook('my_waypoint_follower', 'pythonpath')
[154.825s] INFO:colcon.colcon_core.shell:Creating environment hook '/home/jetson/Documents/Ros2PP/install/my_waypoint_follower/share/my_waypoint_follower/hook/pythonpath.ps1'
[154.907s] INFO:colcon.colcon_core.shell:Creating environment descriptor '/home/jetson/Documents/Ros2PP/install/my_waypoint_follower/share/my_waypoint_follower/hook/pythonpath.dsv'
[154.909s] INFO:colcon.colcon_core.shell:Creating environment hook '/home/jetson/Documents/Ros2PP/install/my_waypoint_follower/share/my_waypoint_follower/hook/pythonpath.sh'
[154.912s] Level 1:colcon.colcon_core.environment:checking '/home/jetson/Documents/Ros2PP/install/my_waypoint_follower/bin'
[154.912s] Level 1:colcon.colcon_core.environment:create_environment_scripts_only(my_waypoint_follower)
[156.020s] INFO:colcon.colcon_core.shell:Creating package script '/home/jetson/Documents/Ros2PP/install/my_waypoint_follower/share/my_waypoint_follower/package.ps1'
[156.163s] INFO:colcon.colcon_core.shell:Creating package descriptor '/home/jetson/Documents/Ros2PP/install/my_waypoint_follower/share/my_waypoint_follower/package.dsv'
[156.168s] INFO:colcon.colcon_core.shell:Creating package script '/home/jetson/Documents/Ros2PP/install/my_waypoint_follower/share/my_waypoint_follower/package.sh'
[156.172s] INFO:colcon.colcon_core.shell:Creating package script '/home/jetson/Documents/Ros2PP/install/my_waypoint_follower/share/my_waypoint_follower/package.bash'
[156.176s] INFO:colcon.colcon_core.shell:Creating package script '/home/jetson/Documents/Ros2PP/install/my_waypoint_follower/share/my_waypoint_follower/package.zsh'
[156.181s] Level 1:colcon.colcon_core.environment:create_file_with_runtime_dependencies(/home/jetson/Documents/Ros2PP/install/my_waypoint_follower/share/colcon-core/packages/my_waypoint_follower)
[156.183s] DEBUG:colcon.colcon_parallel_executor.executor.parallel:closing loop
[156.186s] DEBUG:colcon.colcon_parallel_executor.executor.parallel:loop closed
[156.187s] DEBUG:colcon.colcon_parallel_executor.executor.parallel:run_until_complete finished with '0'
[156.188s] DEBUG:colcon.colcon_core.event_reactor:joining thread
[157.761s] INFO:colcon.colcon_core.plugin_system:Skipping extension 'colcon_notification.desktop_notification.terminal_notifier': Not used on non-Darwin systems
[157.762s] INFO:colcon.colcon_core.plugin_system:Skipping extension 'colcon_notification.desktop_notification.win32': Not used on non-Windows systems
[157.762s] INFO:colcon.colcon_notification.desktop_notification:Sending desktop notification using 'notify2'
[158.042s] DEBUG:colcon.colcon_core.event_reactor:joined thread
[160.071s] INFO:colcon.colcon_core.shell:Creating prefix script '/home/jetson/Documents/Ros2PP/install/local_setup.ps1'
[160.258s] INFO:colcon.colcon_core.shell:Creating prefix util module '/home/jetson/Documents/Ros2PP/install/_local_setup_util_ps1.py'
[160.377s] INFO:colcon.colcon_core.shell:Creating prefix chain script '/home/jetson/Documents/Ros2PP/install/setup.ps1'
[161.402s] INFO:colcon.colcon_core.shell:Creating prefix script '/home/jetson/Documents/Ros2PP/install/local_setup.sh'
[161.405s] INFO:colcon.colcon_core.shell:Creating prefix util module '/home/jetson/Documents/Ros2PP/install/_local_setup_util_sh.py'
[161.408s] INFO:colcon.colcon_core.shell:Creating prefix chain script '/home/jetson/Documents/Ros2PP/install/setup.sh'
[162.247s] INFO:colcon.colcon_core.shell:Creating prefix script '/home/jetson/Documents/Ros2PP/install/local_setup.bash'
[162.250s] INFO:colcon.colcon_core.shell:Creating prefix chain script '/home/jetson/Documents/Ros2PP/install/setup.bash'
[163.152s] INFO:colcon.colcon_core.shell:Creating prefix script '/home/jetson/Documents/Ros2PP/install/local_setup.zsh'
[163.155s] INFO:colcon.colcon_core.shell:Creating prefix chain script '/home/jetson/Documents/Ros2PP/install/setup.zsh'
