[31.339s] DEBUG:colcon:Command line arguments: ['/usr/bin/colcon', 'build', '--symlink-install']
[31.339s] DEBUG:colcon:Parsed command line arguments: Namespace(allow_overriding=[], ament_cmake_args=None, base_paths=['.'], build_base='build', catkin_cmake_args=None, catkin_skip_building_tests=False, cmake_args=None, cmake_clean_cache=False, cmake_clean_first=False, cmake_force_configure=False, cmake_target=None, cmake_target_skip_unavailable=False, continue_on_error=False, event_handlers=None, executor='parallel', ignore_user_meta=False, install_base='install', log_base=None, log_level=None, main=<bound method BuildVerb.main of <colcon_core.verb.build.BuildVerb object at 0xffff7e3dfd00>>, merge_install=False, metas=['./colcon.meta'], packages_above=None, packages_above_and_dependencies=None, packages_above_depth=None, packages_end=None, packages_ignore=None, packages_ignore_regex=None, packages_select=None, packages_select_build_failed=False, packages_select_by_dep=None, packages_select_regex=None, packages_select_test_failures=False, packages_skip=None, packages_skip_build_finished=False, packages_skip_by_dep=None, packages_skip_regex=None, packages_skip_test_passed=False, packages_skip_up_to=None, packages_start=None, packages_up_to=None, packages_up_to_regex=None, parallel_workers=4, paths=None, symlink_install=True, test_result_base=None, verb_extension=<colcon_core.verb.build.BuildVerb object at 0xffff7e3dfd00>, verb_name='build', verb_parser=<colcon_defaults.argument_parser.defaults.DefaultArgumentsDecorator object at 0xffff7e3df580>)
[32.819s] Level 1:colcon.colcon_core.package_discovery:discover_packages(colcon_meta) check parameters
[32.820s] Level 1:colcon.colcon_core.package_discovery:discover_packages(recursive) check parameters
[32.820s] Level 1:colcon.colcon_core.package_discovery:discover_packages(ignore) check parameters
[32.820s] Level 1:colcon.colcon_core.package_discovery:discover_packages(path) check parameters
[32.820s] Level 1:colcon.colcon_core.package_discovery:discover_packages(colcon_meta) discover
[32.820s] Level 1:colcon.colcon_core.package_discovery:discover_packages(recursive) discover
[32.820s] INFO:colcon.colcon_core.package_discovery:Crawling recursively for packages in '/home/jetson/Documents/Ros2PP'
[32.821s] Level 1:colcon.colcon_core.package_identification:_identify(.) by extensions ['ignore', 'ignore_ament_install']
[32.821s] Level 1:colcon.colcon_core.package_identification:_identify(.) by extension 'ignore'
[32.821s] Level 1:colcon.colcon_core.package_identification:_identify(.) by extension 'ignore_ament_install'
[32.822s] Level 1:colcon.colcon_core.package_identification:_identify(.) by extensions ['colcon_pkg']
[32.822s] Level 1:colcon.colcon_core.package_identification:_identify(.) by extension 'colcon_pkg'
[32.822s] Level 1:colcon.colcon_core.package_identification:_identify(.) by extensions ['colcon_meta']
[32.822s] Level 1:colcon.colcon_core.package_identification:_identify(.) by extension 'colcon_meta'
[32.822s] Level 1:colcon.colcon_core.package_identification:_identify(.) by extensions ['ros']
[32.822s] Level 1:colcon.colcon_core.package_identification:_identify(.) by extension 'ros'
[33.021s] Level 1:colcon.colcon_core.package_identification:_identify(.) by extensions ['cmake', 'python']
[33.021s] Level 1:colcon.colcon_core.package_identification:_identify(.) by extension 'cmake'
[33.021s] Level 1:colcon.colcon_core.package_identification:_identify(.) by extension 'python'
[33.022s] Level 1:colcon.colcon_core.package_identification:_identify(.) by extensions ['python_setup_py']
[33.022s] Level 1:colcon.colcon_core.package_identification:_identify(.) by extension 'python_setup_py'
[33.022s] Level 1:colcon.colcon_core.package_identification:_identify(build) by extensions ['ignore', 'ignore_ament_install']
[33.023s] Level 1:colcon.colcon_core.package_identification:_identify(build) by extension 'ignore'
[33.023s] Level 1:colcon.colcon_core.package_identification:_identify(build) ignored
[33.023s] Level 1:colcon.colcon_core.package_identification:_identify(install) by extensions ['ignore', 'ignore_ament_install']
[33.024s] Level 1:colcon.colcon_core.package_identification:_identify(install) by extension 'ignore'
[33.024s] Level 1:colcon.colcon_core.package_identification:_identify(install) ignored
[33.025s] Level 1:colcon.colcon_core.package_identification:_identify(log) by extensions ['ignore', 'ignore_ament_install']
[33.025s] Level 1:colcon.colcon_core.package_identification:_identify(log) by extension 'ignore'
[33.025s] Level 1:colcon.colcon_core.package_identification:_identify(log) ignored
[33.026s] Level 1:colcon.colcon_core.package_identification:_identify(src) by extensions ['ignore', 'ignore_ament_install']
[33.026s] Level 1:colcon.colcon_core.package_identification:_identify(src) by extension 'ignore'
[33.026s] Level 1:colcon.colcon_core.package_identification:_identify(src) by extension 'ignore_ament_install'
[33.026s] Level 1:colcon.colcon_core.package_identification:_identify(src) by extensions ['colcon_pkg']
[33.026s] Level 1:colcon.colcon_core.package_identification:_identify(src) by extension 'colcon_pkg'
[33.027s] Level 1:colcon.colcon_core.package_identification:_identify(src) by extensions ['colcon_meta']
[33.027s] Level 1:colcon.colcon_core.package_identification:_identify(src) by extension 'colcon_meta'
[33.027s] Level 1:colcon.colcon_core.package_identification:_identify(src) by extensions ['ros']
[33.027s] Level 1:colcon.colcon_core.package_identification:_identify(src) by extension 'ros'
[33.028s] Level 1:colcon.colcon_core.package_identification:_identify(src) by extensions ['cmake', 'python']
[33.028s] Level 1:colcon.colcon_core.package_identification:_identify(src) by extension 'cmake'
[33.028s] Level 1:colcon.colcon_core.package_identification:_identify(src) by extension 'python'
[33.028s] Level 1:colcon.colcon_core.package_identification:_identify(src) by extensions ['python_setup_py']
[33.028s] Level 1:colcon.colcon_core.package_identification:_identify(src) by extension 'python_setup_py'
[33.029s] Level 1:colcon.colcon_core.package_identification:_identify(src/my_waypoint_follower) by extensions ['ignore', 'ignore_ament_install']
[33.029s] Level 1:colcon.colcon_core.package_identification:_identify(src/my_waypoint_follower) by extension 'ignore'
[33.029s] Level 1:colcon.colcon_core.package_identification:_identify(src/my_waypoint_follower) by extension 'ignore_ament_install'
[33.029s] Level 1:colcon.colcon_core.package_identification:_identify(src/my_waypoint_follower) by extensions ['colcon_pkg']
[33.029s] Level 1:colcon.colcon_core.package_identification:_identify(src/my_waypoint_follower) by extension 'colcon_pkg'
[33.030s] Level 1:colcon.colcon_core.package_identification:_identify(src/my_waypoint_follower) by extensions ['colcon_meta']
[33.030s] Level 1:colcon.colcon_core.package_identification:_identify(src/my_waypoint_follower) by extension 'colcon_meta'
[33.030s] Level 1:colcon.colcon_core.package_identification:_identify(src/my_waypoint_follower) by extensions ['ros']
[33.030s] Level 1:colcon.colcon_core.package_identification:_identify(src/my_waypoint_follower) by extension 'ros'
[33.178s] DEBUG:colcon.colcon_core.package_identification:Package 'src/my_waypoint_follower' with type 'ros.ament_python' and name 'my_waypoint_follower'
[33.179s] Level 1:colcon.colcon_core.package_discovery:discover_packages(recursive) using defaults
[33.179s] Level 1:colcon.colcon_core.package_discovery:discover_packages(ignore) discover
[33.179s] Level 1:colcon.colcon_core.package_discovery:discover_packages(ignore) using defaults
[33.179s] Level 1:colcon.colcon_core.package_discovery:discover_packages(path) discover
[33.179s] Level 1:colcon.colcon_core.package_discovery:discover_packages(path) using defaults
[35.994s] Level 1:colcon.colcon_core.package_discovery:discover_packages(prefix_path) check parameters
[35.995s] Level 1:colcon.colcon_core.package_discovery:discover_packages(prefix_path) discover
[37.208s] DEBUG:colcon.colcon_installed_package_information.package_discovery:Found 1 installed packages in /home/jetson/Documents/Ros2PP/install
[37.640s] DEBUG:colcon.colcon_installed_package_information.package_discovery:Found 24 installed packages in /home/jetson/f1tenth_ws/install
[38.115s] DEBUG:colcon.colcon_installed_package_information.package_discovery:Found 326 installed packages in /home/jetson/ros2_foxy/install
[38.616s] DEBUG:colcon.colcon_installed_package_information.package_discovery:Found 365 installed packages in /opt/ros/foxy
[38.671s] Level 1:colcon.colcon_core.package_discovery:discover_packages(prefix_path) using defaults
[41.402s] Level 5:colcon.colcon_core.verb:set package 'my_waypoint_follower' build argument 'cmake_args' from command line to 'None'
[41.402s] Level 5:colcon.colcon_core.verb:set package 'my_waypoint_follower' build argument 'cmake_target' from command line to 'None'
[41.403s] Level 5:colcon.colcon_core.verb:set package 'my_waypoint_follower' build argument 'cmake_target_skip_unavailable' from command line to 'False'
[41.403s] Level 5:colcon.colcon_core.verb:set package 'my_waypoint_follower' build argument 'cmake_clean_cache' from command line to 'False'
[41.403s] Level 5:colcon.colcon_core.verb:set package 'my_waypoint_follower' build argument 'cmake_clean_first' from command line to 'False'
[41.403s] Level 5:colcon.colcon_core.verb:set package 'my_waypoint_follower' build argument 'cmake_force_configure' from command line to 'False'
[41.403s] Level 5:colcon.colcon_core.verb:set package 'my_waypoint_follower' build argument 'ament_cmake_args' from command line to 'None'
[41.403s] Level 5:colcon.colcon_core.verb:set package 'my_waypoint_follower' build argument 'catkin_cmake_args' from command line to 'None'
[41.403s] Level 5:colcon.colcon_core.verb:set package 'my_waypoint_follower' build argument 'catkin_skip_building_tests' from command line to 'False'
[41.403s] DEBUG:colcon.colcon_core.verb:Building package 'my_waypoint_follower' with the following arguments: {'ament_cmake_args': None, 'build_base': '/home/jetson/Documents/Ros2PP/build/my_waypoint_follower', 'catkin_cmake_args': None, 'catkin_skip_building_tests': False, 'cmake_args': None, 'cmake_clean_cache': False, 'cmake_clean_first': False, 'cmake_force_configure': False, 'cmake_target': None, 'cmake_target_skip_unavailable': False, 'install_base': '/home/jetson/Documents/Ros2PP/install/my_waypoint_follower', 'merge_install': False, 'path': '/home/jetson/Documents/Ros2PP/src/my_waypoint_follower', 'symlink_install': True, 'test_result_base': None}
[41.838s] INFO:colcon.colcon_core.executor:Executing jobs using 'parallel' executor
[42.278s] DEBUG:colcon.colcon_parallel_executor.executor.parallel:run_until_complete
[42.279s] INFO:colcon.colcon_ros.task.ament_python.build:Building ROS package in '/home/jetson/Documents/Ros2PP/src/my_waypoint_follower' with build type 'ament_python'
[42.280s] Level 1:colcon.colcon_core.shell:create_environment_hook('my_waypoint_follower', 'ament_prefix_path')
[42.902s] INFO:colcon.colcon_core.plugin_system:Skipping extension 'colcon_core.shell.bat': Not used on non-Windows systems
[42.903s] INFO:colcon.colcon_core.shell:Creating environment hook '/home/jetson/Documents/Ros2PP/install/my_waypoint_follower/share/my_waypoint_follower/hook/ament_prefix_path.ps1'
[42.907s] INFO:colcon.colcon_core.shell:Creating environment descriptor '/home/jetson/Documents/Ros2PP/install/my_waypoint_follower/share/my_waypoint_follower/hook/ament_prefix_path.dsv'
[42.909s] INFO:colcon.colcon_core.shell:Creating environment hook '/home/jetson/Documents/Ros2PP/install/my_waypoint_follower/share/my_waypoint_follower/hook/ament_prefix_path.sh'
[43.366s] INFO:colcon.colcon_core.shell:Skip shell extension 'powershell' for command environment: Not usable outside of PowerShell
[43.367s] DEBUG:colcon.colcon_core.shell:Skip shell extension 'dsv' for command environment
[48.647s] INFO:colcon.colcon_core.task.python.build:Building Python package in '/home/jetson/Documents/Ros2PP/src/my_waypoint_follower'
[49.124s] INFO:colcon.colcon_core.shell:Skip shell extension 'powershell' for command environment: Not usable outside of PowerShell
[49.124s] DEBUG:colcon.colcon_core.shell:Skip shell extension 'dsv' for command environment
[57.318s] DEBUG:colcon.colcon_core.event_handler.log_command:Invoking command in '/home/jetson/Documents/Ros2PP/build/my_waypoint_follower': PYTHONPATH=/home/jetson/Documents/Ros2PP/build/my_waypoint_follower/prefix_override:/home/jetson/Documents/Ros2PP/install/my_waypoint_follower/lib/python3.8/site-packages:${PYTHONPATH} /usr/bin/python3 setup.py develop --editable --build-directory /home/jetson/Documents/Ros2PP/build/my_waypoint_follower/build --no-deps install_data
[61.787s] Level 1:colcon.colcon_core.shell:create_environment_hook('my_waypoint_follower', 'pythonpath_develop')
[61.791s] DEBUG:colcon.colcon_core.event_handler.log_command:Invoked command in '/home/jetson/Documents/Ros2PP/build/my_waypoint_follower' returned '0': PYTHONPATH=/home/jetson/Documents/Ros2PP/build/my_waypoint_follower/prefix_override:/home/jetson/Documents/Ros2PP/install/my_waypoint_follower/lib/python3.8/site-packages:${PYTHONPATH} /usr/bin/python3 setup.py develop --editable --build-directory /home/jetson/Documents/Ros2PP/build/my_waypoint_follower/build --no-deps install_data
[62.270s] INFO:colcon.colcon_core.shell:Creating environment hook '/home/jetson/Documents/Ros2PP/build/my_waypoint_follower/share/my_waypoint_follower/hook/pythonpath_develop.ps1'
[62.273s] INFO:colcon.colcon_core.shell:Creating environment descriptor '/home/jetson/Documents/Ros2PP/build/my_waypoint_follower/share/my_waypoint_follower/hook/pythonpath_develop.dsv'
[62.284s] INFO:colcon.colcon_core.shell:Creating environment hook '/home/jetson/Documents/Ros2PP/build/my_waypoint_follower/share/my_waypoint_follower/hook/pythonpath_develop.sh'
[62.918s] Level 1:colcon.colcon_core.environment:checking '/home/jetson/Documents/Ros2PP/install/my_waypoint_follower' for CMake module files
[62.921s] Level 1:colcon.colcon_core.environment:checking '/home/jetson/Documents/Ros2PP/install/my_waypoint_follower' for CMake config files
[62.924s] Level 1:colcon.colcon_core.environment:checking '/home/jetson/Documents/Ros2PP/install/my_waypoint_follower/lib'
[62.925s] Level 1:colcon.colcon_core.environment:checking '/home/jetson/Documents/Ros2PP/install/my_waypoint_follower/bin'
[62.925s] Level 1:colcon.colcon_core.environment:checking '/home/jetson/Documents/Ros2PP/install/my_waypoint_follower/lib/pkgconfig/my_waypoint_follower.pc'
[62.926s] Level 1:colcon.colcon_core.environment:checking '/home/jetson/Documents/Ros2PP/install/my_waypoint_follower/lib/python3.8/site-packages'
[62.926s] Level 1:colcon.colcon_core.shell:create_environment_hook('my_waypoint_follower', 'pythonpath')
[63.382s] INFO:colcon.colcon_core.shell:Creating environment hook '/home/jetson/Documents/Ros2PP/install/my_waypoint_follower/share/my_waypoint_follower/hook/pythonpath.ps1'
[63.384s] INFO:colcon.colcon_core.shell:Creating environment descriptor '/home/jetson/Documents/Ros2PP/install/my_waypoint_follower/share/my_waypoint_follower/hook/pythonpath.dsv'
[63.388s] INFO:colcon.colcon_core.shell:Creating environment hook '/home/jetson/Documents/Ros2PP/install/my_waypoint_follower/share/my_waypoint_follower/hook/pythonpath.sh'
[63.390s] Level 1:colcon.colcon_core.environment:checking '/home/jetson/Documents/Ros2PP/install/my_waypoint_follower/bin'
[63.391s] Level 1:colcon.colcon_core.environment:create_environment_scripts_only(my_waypoint_follower)
[63.854s] INFO:colcon.colcon_core.shell:Creating package script '/home/jetson/Documents/Ros2PP/install/my_waypoint_follower/share/my_waypoint_follower/package.ps1'
[63.995s] INFO:colcon.colcon_core.shell:Creating package descriptor '/home/jetson/Documents/Ros2PP/install/my_waypoint_follower/share/my_waypoint_follower/package.dsv'
[63.998s] INFO:colcon.colcon_core.shell:Creating package script '/home/jetson/Documents/Ros2PP/install/my_waypoint_follower/share/my_waypoint_follower/package.sh'
[64.001s] INFO:colcon.colcon_core.shell:Creating package script '/home/jetson/Documents/Ros2PP/install/my_waypoint_follower/share/my_waypoint_follower/package.bash'
[64.005s] INFO:colcon.colcon_core.shell:Creating package script '/home/jetson/Documents/Ros2PP/install/my_waypoint_follower/share/my_waypoint_follower/package.zsh'
[64.008s] Level 1:colcon.colcon_core.environment:create_file_with_runtime_dependencies(/home/jetson/Documents/Ros2PP/install/my_waypoint_follower/share/colcon-core/packages/my_waypoint_follower)
[64.010s] DEBUG:colcon.colcon_parallel_executor.executor.parallel:closing loop
[64.012s] DEBUG:colcon.colcon_parallel_executor.executor.parallel:loop closed
[64.012s] DEBUG:colcon.colcon_parallel_executor.executor.parallel:run_until_complete finished with '0'
[64.013s] DEBUG:colcon.colcon_core.event_reactor:joining thread
[64.804s] INFO:colcon.colcon_core.plugin_system:Skipping extension 'colcon_notification.desktop_notification.terminal_notifier': Not used on non-Darwin systems
[64.804s] INFO:colcon.colcon_core.plugin_system:Skipping extension 'colcon_notification.desktop_notification.win32': Not used on non-Windows systems
[64.804s] INFO:colcon.colcon_notification.desktop_notification:Sending desktop notification using 'notify2'
[64.884s] DEBUG:colcon.colcon_core.event_reactor:joined thread
[65.354s] INFO:colcon.colcon_core.shell:Creating prefix script '/home/jetson/Documents/Ros2PP/install/local_setup.ps1'
[65.494s] INFO:colcon.colcon_core.shell:Creating prefix util module '/home/jetson/Documents/Ros2PP/install/_local_setup_util_ps1.py'
[65.499s] INFO:colcon.colcon_core.shell:Creating prefix chain script '/home/jetson/Documents/Ros2PP/install/setup.ps1'
[66.154s] INFO:colcon.colcon_core.shell:Creating prefix script '/home/jetson/Documents/Ros2PP/install/local_setup.sh'
[66.157s] INFO:colcon.colcon_core.shell:Creating prefix util module '/home/jetson/Documents/Ros2PP/install/_local_setup_util_sh.py'
[66.159s] INFO:colcon.colcon_core.shell:Creating prefix chain script '/home/jetson/Documents/Ros2PP/install/setup.sh'
[66.813s] INFO:colcon.colcon_core.shell:Creating prefix script '/home/jetson/Documents/Ros2PP/install/local_setup.bash'
[66.816s] INFO:colcon.colcon_core.shell:Creating prefix chain script '/home/jetson/Documents/Ros2PP/install/setup.bash'
[67.464s] INFO:colcon.colcon_core.shell:Creating prefix script '/home/jetson/Documents/Ros2PP/install/local_setup.zsh'
[67.466s] INFO:colcon.colcon_core.shell:Creating prefix chain script '/home/jetson/Documents/Ros2PP/install/setup.zsh'
