[3.001s] Invoking command in '/home/yiminglinux/Documents/Ros2PP/build/my_waypoint_follower': PYTHONPATH=/home/yiminglinux/Documents/Ros2PP/build/my_waypoint_follower/prefix_override:/home/yiminglinux/Documents/Ros2PP/install/my_waypoint_follower/lib/python3.8/site-packages:${PYTHONPATH} /usr/bin/python3 -W ignore:setup.py install is deprecated setup.py develop --editable --build-directory /home/yiminglinux/Documents/Ros2PP/build/my_waypoint_follower/build --no-deps symlink_data
[3.797s] running develop
[4.330s] running egg_info
[4.333s] writing my_waypoint_follower.egg-info/PKG-INFO
[4.333s] writing dependency_links to my_waypoint_follower.egg-info/dependency_links.txt
[4.333s] writing entry points to my_waypoint_follower.egg-info/entry_points.txt
[4.333s] writing requirements to my_waypoint_follower.egg-info/requires.txt
[4.334s] writing top-level names to my_waypoint_follower.egg-info/top_level.txt
[4.498s] reading manifest file 'my_waypoint_follower.egg-info/SOURCES.txt'
[4.504s] writing manifest file 'my_waypoint_follower.egg-info/SOURCES.txt'
[4.716s] running build_ext
[4.717s] Creating /home/yiminglinux/Documents/Ros2PP/install/my_waypoint_follower/lib/python3.8/site-packages/my-waypoint-follower.egg-link (link to .)
[4.718s] Installing MPCC_ros script to /home/yiminglinux/Documents/Ros2PP/install/my_waypoint_follower/lib/my_waypoint_follower
[4.718s] Installing MPC_ros script to /home/yiminglinux/Documents/Ros2PP/install/my_waypoint_follower/lib/my_waypoint_follower
[4.718s] Installing MPC_ros_tuning script to /home/yiminglinux/Documents/Ros2PP/install/my_waypoint_follower/lib/my_waypoint_follower
[4.721s] Installing Opt_MPC script to /home/yiminglinux/Documents/Ros2PP/install/my_waypoint_follower/lib/my_waypoint_follower
[4.721s] Installing Opt_MPCC script to /home/yiminglinux/Documents/Ros2PP/install/my_waypoint_follower/lib/my_waypoint_follower
[4.721s] Installing Opt_PurePursuit script to /home/yiminglinux/Documents/Ros2PP/install/my_waypoint_follower/lib/my_waypoint_follower
[4.721s] Installing purePursuit_ros script to /home/yiminglinux/Documents/Ros2PP/install/my_waypoint_follower/lib/my_waypoint_follower
[4.722s] 
[4.722s] Installed /home/yiminglinux/Documents/Ros2PP/build/my_waypoint_follower
[4.722s] running symlink_data
[4.776s] Invoked command in '/home/yiminglinux/Documents/Ros2PP/build/my_waypoint_follower' returned '0': PYTHONPATH=/home/yiminglinux/Documents/Ros2PP/build/my_waypoint_follower/prefix_override:/home/yiminglinux/Documents/Ros2PP/install/my_waypoint_follower/lib/python3.8/site-packages:${PYTHONPATH} /usr/bin/python3 -W ignore:setup.py install is deprecated setup.py develop --editable --build-directory /home/yiminglinux/Documents/Ros2PP/build/my_waypoint_follower/build --no-deps symlink_data
