[2.004s] Invoking command in '/home/yiminglinux/Documents/Ros2PP/build/my_waypoint_follower': PYTHONPATH=/home/yiminglinux/Documents/Ros2PP/build/my_waypoint_follower/prefix_override:/home/yiminglinux/Documents/Ros2PP/install/my_waypoint_follower/lib/python3.8/site-packages:${PYTHONPATH} /usr/bin/python3 setup.py develop --editable --build-directory /home/yiminglinux/Documents/Ros2PP/build/my_waypoint_follower/build --no-deps install_data
[2.358s] running develop
[2.596s] running egg_info
[2.596s] writing my_waypoint_follower.egg-info/PKG-INFO
[2.596s] writing dependency_links to my_waypoint_follower.egg-info/dependency_links.txt
[2.596s] writing entry points to my_waypoint_follower.egg-info/entry_points.txt
[2.596s] writing requirements to my_waypoint_follower.egg-info/requires.txt
[2.597s] writing top-level names to my_waypoint_follower.egg-info/top_level.txt
[2.655s] reading manifest file 'my_waypoint_follower.egg-info/SOURCES.txt'
[2.657s] writing manifest file 'my_waypoint_follower.egg-info/SOURCES.txt'
[2.692s] running build_ext
[2.715s] Creating /home/yiminglinux/Documents/Ros2PP/install/my_waypoint_follower/lib/python3.8/site-packages/my-waypoint-follower.egg-link (link to .)
[2.716s] Installing MPC script to /home/yiminglinux/Documents/Ros2PP/install/my_waypoint_follower/lib/my_waypoint_follower
[2.716s] Installing Opt_MPC script to /home/yiminglinux/Documents/Ros2PP/install/my_waypoint_follower/lib/my_waypoint_follower
[2.717s] Installing Opt_PurePursuit script to /home/yiminglinux/Documents/Ros2PP/install/my_waypoint_follower/lib/my_waypoint_follower
[2.717s] Installing purePursuit_ros script to /home/yiminglinux/Documents/Ros2PP/install/my_waypoint_follower/lib/my_waypoint_follower
[2.717s] 
[2.717s] Installed /home/yiminglinux/Documents/Ros2PP/build/my_waypoint_follower
[2.717s] running install_data
[2.744s] Invoked command in '/home/yiminglinux/Documents/Ros2PP/build/my_waypoint_follower' returned '0': PYTHONPATH=/home/yiminglinux/Documents/Ros2PP/build/my_waypoint_follower/prefix_override:/home/yiminglinux/Documents/Ros2PP/install/my_waypoint_follower/lib/python3.8/site-packages:${PYTHONPATH} /usr/bin/python3 setup.py develop --editable --build-directory /home/yiminglinux/Documents/Ros2PP/build/my_waypoint_follower/build --no-deps install_data
