[6.577s] DEBUG:colcon:Command line arguments: ['/usr/bin/colcon', 'list', '-p', '--base-paths', '/home/yiminglinux/Documents/Ros2PP']
[6.577s] DEBUG:colcon:Parsed command line arguments: Namespace(allow_overriding=[], base_paths=['/home/yiminglinux/Documents/Ros2PP'], build_base='build', ignore_user_meta=False, log_base=None, log_level=None, main=<bound method ListVerb.main of <colcon_package_information.verb.list.ListVerb object at 0x7f3760903c40>>, metas=['./colcon.meta'], names_only=False, packages_above=None, packages_above_and_dependencies=None, packages_above_depth=None, packages_end=None, packages_ignore=None, packages_ignore_regex=None, packages_select=None, packages_select_build_failed=False, packages_select_by_dep=None, packages_select_regex=None, packages_select_test_failures=False, packages_skip=None, packages_skip_build_finished=False, packages_skip_by_dep=None, packages_skip_regex=None, packages_skip_test_passed=False, packages_skip_up_to=None, packages_start=None, packages_up_to=None, packages_up_to_regex=None, paths=None, paths_only=True, topological_graph=False, topological_graph_density=False, topological_graph_dot=False, topological_graph_dot_cluster=False, topological_graph_dot_include_skipped=False, topological_graph_legend=False, topological_order=False, verb_extension=<colcon_package_information.verb.list.ListVerb object at 0x7f3760903c40>, verb_name='list', verb_parser=<colcon_defaults.argument_parser.defaults.DefaultArgumentsDecorator object at 0x7f376057e670>)
[6.812s] Level 1:colcon.colcon_core.package_discovery:discover_packages(colcon_meta) check parameters
[6.812s] Level 1:colcon.colcon_core.package_discovery:discover_packages(recursive) check parameters
[6.812s] Level 1:colcon.colcon_core.package_discovery:discover_packages(ignore) check parameters
[6.812s] Level 1:colcon.colcon_core.package_discovery:discover_packages(path) check parameters
[6.812s] Level 1:colcon.colcon_core.package_discovery:discover_packages(recursive) discover
[6.812s] INFO:colcon.colcon_core.package_discovery:Crawling recursively for packages in '/home/yiminglinux/Documents/Ros2PP'
[6.812s] Level 1:colcon.colcon_core.package_identification:_identify(/home/yiminglinux/Documents/Ros2PP) by extensions ['ignore', 'ignore_ament_install']
[6.812s] Level 1:colcon.colcon_core.package_identification:_identify(/home/yiminglinux/Documents/Ros2PP) by extension 'ignore'
[6.812s] Level 1:colcon.colcon_core.package_identification:_identify(/home/yiminglinux/Documents/Ros2PP) by extension 'ignore_ament_install'
[6.812s] Level 1:colcon.colcon_core.package_identification:_identify(/home/yiminglinux/Documents/Ros2PP) by extensions ['colcon_pkg']
[6.812s] Level 1:colcon.colcon_core.package_identification:_identify(/home/yiminglinux/Documents/Ros2PP) by extension 'colcon_pkg'
[6.812s] Level 1:colcon.colcon_core.package_identification:_identify(/home/yiminglinux/Documents/Ros2PP) by extensions ['colcon_meta']
[6.812s] Level 1:colcon.colcon_core.package_identification:_identify(/home/yiminglinux/Documents/Ros2PP) by extension 'colcon_meta'
[6.813s] Level 1:colcon.colcon_core.package_identification:_identify(/home/yiminglinux/Documents/Ros2PP) by extensions ['ros']
[6.813s] Level 1:colcon.colcon_core.package_identification:_identify(/home/yiminglinux/Documents/Ros2PP) by extension 'ros'
[6.822s] Level 1:colcon.colcon_core.package_identification:_identify(/home/yiminglinux/Documents/Ros2PP) by extensions ['cmake', 'python']
[6.822s] Level 1:colcon.colcon_core.package_identification:_identify(/home/yiminglinux/Documents/Ros2PP) by extension 'cmake'
[6.822s] Level 1:colcon.colcon_core.package_identification:_identify(/home/yiminglinux/Documents/Ros2PP) by extension 'python'
[6.822s] Level 1:colcon.colcon_core.package_identification:_identify(/home/yiminglinux/Documents/Ros2PP) by extensions ['python_setup_py']
[6.822s] Level 1:colcon.colcon_core.package_identification:_identify(/home/yiminglinux/Documents/Ros2PP) by extension 'python_setup_py'
[6.822s] Level 1:colcon.colcon_core.package_identification:_identify(/home/yiminglinux/Documents/Ros2PP/build) by extensions ['ignore', 'ignore_ament_install']
[6.822s] Level 1:colcon.colcon_core.package_identification:_identify(/home/yiminglinux/Documents/Ros2PP/build) by extension 'ignore'
[6.822s] Level 1:colcon.colcon_core.package_identification:_identify(/home/yiminglinux/Documents/Ros2PP/build) ignored
[6.822s] Level 1:colcon.colcon_core.package_identification:_identify(/home/yiminglinux/Documents/Ros2PP/install) by extensions ['ignore', 'ignore_ament_install']
[6.822s] Level 1:colcon.colcon_core.package_identification:_identify(/home/yiminglinux/Documents/Ros2PP/install) by extension 'ignore'
[6.822s] Level 1:colcon.colcon_core.package_identification:_identify(/home/yiminglinux/Documents/Ros2PP/install) ignored
[6.822s] Level 1:colcon.colcon_core.package_identification:_identify(/home/yiminglinux/Documents/Ros2PP/log) by extensions ['ignore', 'ignore_ament_install']
[6.823s] Level 1:colcon.colcon_core.package_identification:_identify(/home/yiminglinux/Documents/Ros2PP/log) by extension 'ignore'
[6.823s] Level 1:colcon.colcon_core.package_identification:_identify(/home/yiminglinux/Documents/Ros2PP/log) ignored
[6.823s] Level 1:colcon.colcon_core.package_identification:_identify(/home/yiminglinux/Documents/Ros2PP/src) by extensions ['ignore', 'ignore_ament_install']
[6.823s] Level 1:colcon.colcon_core.package_identification:_identify(/home/yiminglinux/Documents/Ros2PP/src) by extension 'ignore'
[6.823s] Level 1:colcon.colcon_core.package_identification:_identify(/home/yiminglinux/Documents/Ros2PP/src) by extension 'ignore_ament_install'
[6.823s] Level 1:colcon.colcon_core.package_identification:_identify(/home/yiminglinux/Documents/Ros2PP/src) by extensions ['colcon_pkg']
[6.823s] Level 1:colcon.colcon_core.package_identification:_identify(/home/yiminglinux/Documents/Ros2PP/src) by extension 'colcon_pkg'
[6.823s] Level 1:colcon.colcon_core.package_identification:_identify(/home/yiminglinux/Documents/Ros2PP/src) by extensions ['colcon_meta']
[6.823s] Level 1:colcon.colcon_core.package_identification:_identify(/home/yiminglinux/Documents/Ros2PP/src) by extension 'colcon_meta'
[6.823s] Level 1:colcon.colcon_core.package_identification:_identify(/home/yiminglinux/Documents/Ros2PP/src) by extensions ['ros']
[6.823s] Level 1:colcon.colcon_core.package_identification:_identify(/home/yiminglinux/Documents/Ros2PP/src) by extension 'ros'
[6.823s] Level 1:colcon.colcon_core.package_identification:_identify(/home/yiminglinux/Documents/Ros2PP/src) by extensions ['cmake', 'python']
[6.823s] Level 1:colcon.colcon_core.package_identification:_identify(/home/yiminglinux/Documents/Ros2PP/src) by extension 'cmake'
[6.823s] Level 1:colcon.colcon_core.package_identification:_identify(/home/yiminglinux/Documents/Ros2PP/src) by extension 'python'
[6.823s] Level 1:colcon.colcon_core.package_identification:_identify(/home/yiminglinux/Documents/Ros2PP/src) by extensions ['python_setup_py']
[6.823s] Level 1:colcon.colcon_core.package_identification:_identify(/home/yiminglinux/Documents/Ros2PP/src) by extension 'python_setup_py'
[6.823s] Level 1:colcon.colcon_core.package_identification:_identify(/home/yiminglinux/Documents/Ros2PP/src/my_waypoint_follower) by extensions ['ignore', 'ignore_ament_install']
[6.823s] Level 1:colcon.colcon_core.package_identification:_identify(/home/yiminglinux/Documents/Ros2PP/src/my_waypoint_follower) by extension 'ignore'
[6.823s] Level 1:colcon.colcon_core.package_identification:_identify(/home/yiminglinux/Documents/Ros2PP/src/my_waypoint_follower) by extension 'ignore_ament_install'
[6.824s] Level 1:colcon.colcon_core.package_identification:_identify(/home/yiminglinux/Documents/Ros2PP/src/my_waypoint_follower) by extensions ['colcon_pkg']
[6.824s] Level 1:colcon.colcon_core.package_identification:_identify(/home/yiminglinux/Documents/Ros2PP/src/my_waypoint_follower) by extension 'colcon_pkg'
[6.824s] Level 1:colcon.colcon_core.package_identification:_identify(/home/yiminglinux/Documents/Ros2PP/src/my_waypoint_follower) by extensions ['colcon_meta']
[6.824s] Level 1:colcon.colcon_core.package_identification:_identify(/home/yiminglinux/Documents/Ros2PP/src/my_waypoint_follower) by extension 'colcon_meta'
[6.824s] Level 1:colcon.colcon_core.package_identification:_identify(/home/yiminglinux/Documents/Ros2PP/src/my_waypoint_follower) by extensions ['ros']
[6.824s] Level 1:colcon.colcon_core.package_identification:_identify(/home/yiminglinux/Documents/Ros2PP/src/my_waypoint_follower) by extension 'ros'
[6.826s] DEBUG:colcon.colcon_core.package_identification:Package '/home/yiminglinux/Documents/Ros2PP/src/my_waypoint_follower' with type 'ros.ament_python' and name 'my_waypoint_follower'
[6.826s] Level 1:colcon.colcon_core.package_discovery:discover_packages(recursive) using defaults
