[1.127s] Invoking command in '/home/yiminglinux/Documents/Ros2PP/build/my_waypoint_follower': PYTHONPATH=/home/yiminglinux/Documents/Ros2PP/build/my_waypoint_follower/prefix_override:/home/yiminglinux/Documents/Ros2PP/install/my_waypoint_follower/lib/python3.8/site-packages:${PYTHONPATH} /usr/bin/python3 setup.py develop --uninstall --editable --build-directory /home/yiminglinux/Documents/Ros2PP/build/my_waypoint_follower/build
[1.415s] running develop
[1.629s] Invoked command in '/home/yiminglinux/Documents/Ros2PP/build/my_waypoint_follower' returned '0': PYTHONPATH=/home/yiminglinux/Documents/Ros2PP/build/my_waypoint_follower/prefix_override:/home/yiminglinux/Documents/Ros2PP/install/my_waypoint_follower/lib/python3.8/site-packages:${PYTHONPATH} /usr/bin/python3 setup.py develop --uninstall --editable --build-directory /home/yiminglinux/Documents/Ros2PP/build/my_waypoint_follower/build
[1.632s] Invoking command in '/home/yiminglinux/Documents/Ros2PP/src/my_waypoint_follower': PYTHONPATH=/home/yiminglinux/Documents/Ros2PP/build/my_waypoint_follower/prefix_override:/home/yiminglinux/Documents/Ros2PP/install/my_waypoint_follower/lib/python3.8/site-packages:${PYTHONPATH} /usr/bin/python3 setup.py egg_info --egg-base ../../build/my_waypoint_follower build --build-base /home/yiminglinux/Documents/Ros2PP/build/my_waypoint_follower/build install --record /home/yiminglinux/Documents/Ros2PP/build/my_waypoint_follower/install.log --install-scripts $base/lib/my_waypoint_follower --single-version-externally-managed
[1.876s] running egg_info
[1.893s] writing ../../build/my_waypoint_follower/my_waypoint_follower.egg-info/PKG-INFO
[1.893s] writing dependency_links to ../../build/my_waypoint_follower/my_waypoint_follower.egg-info/dependency_links.txt
[1.894s] writing entry points to ../../build/my_waypoint_follower/my_waypoint_follower.egg-info/entry_points.txt
[1.894s] writing requirements to ../../build/my_waypoint_follower/my_waypoint_follower.egg-info/requires.txt
[1.894s] writing top-level names to ../../build/my_waypoint_follower/my_waypoint_follower.egg-info/top_level.txt
[1.937s] reading manifest file '../../build/my_waypoint_follower/my_waypoint_follower.egg-info/SOURCES.txt'
[1.961s] writing manifest file '../../build/my_waypoint_follower/my_waypoint_follower.egg-info/SOURCES.txt'
[1.961s] running build
[1.962s] running build_py
[1.962s] copying my_waypoint_follower/MPC_ros.py -> /home/yiminglinux/Documents/Ros2PP/build/my_waypoint_follower/build/lib/my_waypoint_follower
[1.962s] running install
[1.963s] running install_lib
[1.964s] copying /home/yiminglinux/Documents/Ros2PP/build/my_waypoint_follower/build/lib/my_waypoint_follower/MPC_ros.py -> /home/yiminglinux/Documents/Ros2PP/install/my_waypoint_follower/lib/python3.8/site-packages/my_waypoint_follower
[1.965s] byte-compiling /home/yiminglinux/Documents/Ros2PP/install/my_waypoint_follower/lib/python3.8/site-packages/my_waypoint_follower/MPC_ros.py to MPC_ros.cpython-38.pyc
[1.968s] running install_data
[1.969s] running install_egg_info
[1.970s] removing '/home/yiminglinux/Documents/Ros2PP/install/my_waypoint_follower/lib/python3.8/site-packages/my_waypoint_follower-0.0.0-py3.8.egg-info' (and everything under it)
[1.970s] Copying ../../build/my_waypoint_follower/my_waypoint_follower.egg-info to /home/yiminglinux/Documents/Ros2PP/install/my_waypoint_follower/lib/python3.8/site-packages/my_waypoint_follower-0.0.0-py3.8.egg-info
[1.984s] running install_scripts
[2.000s] Installing MPC_ros script to /home/yiminglinux/Documents/Ros2PP/install/my_waypoint_follower/lib/my_waypoint_follower
[2.001s] Installing pose_subscriber script to /home/yiminglinux/Documents/Ros2PP/install/my_waypoint_follower/lib/my_waypoint_follower
[2.001s] Installing waypoint_follower script to /home/yiminglinux/Documents/Ros2PP/install/my_waypoint_follower/lib/my_waypoint_follower
[2.002s] writing list of installed files to '/home/yiminglinux/Documents/Ros2PP/build/my_waypoint_follower/install.log'
[2.022s] Invoked command in '/home/yiminglinux/Documents/Ros2PP/src/my_waypoint_follower' returned '0': PYTHONPATH=/home/yiminglinux/Documents/Ros2PP/build/my_waypoint_follower/prefix_override:/home/yiminglinux/Documents/Ros2PP/install/my_waypoint_follower/lib/python3.8/site-packages:${PYTHONPATH} /usr/bin/python3 setup.py egg_info --egg-base ../../build/my_waypoint_follower build --build-base /home/yiminglinux/Documents/Ros2PP/build/my_waypoint_follower/build install --record /home/yiminglinux/Documents/Ros2PP/build/my_waypoint_follower/install.log --install-scripts $base/lib/my_waypoint_follower --single-version-externally-managed
