[41.696s] DEBUG:colcon:Command line arguments: ['/usr/bin/colcon', 'build', '--symlink-install']
[41.697s] DEBUG:colcon:Parsed command line arguments: Namespace(allow_overriding=[], ament_cmake_args=None, base_paths=['.'], build_base='build', catkin_cmake_args=None, catkin_skip_building_tests=False, cmake_args=None, cmake_clean_cache=False, cmake_clean_first=False, cmake_force_configure=False, cmake_target=None, cmake_target_skip_unavailable=False, continue_on_error=False, event_handlers=None, executor='parallel', ignore_user_meta=False, install_base='install', log_base=None, log_level=None, main=<bound method BuildVerb.main of <colcon_core.verb.build.BuildVerb object at 0xffff89108af0>>, merge_install=False, metas=['./colcon.meta'], packages_above=None, packages_above_and_dependencies=None, packages_above_depth=None, packages_end=None, packages_ignore=None, packages_ignore_regex=None, packages_select=None, packages_select_build_failed=False, packages_select_by_dep=None, packages_select_regex=None, packages_select_test_failures=False, packages_skip=None, packages_skip_build_finished=False, packages_skip_by_dep=None, packages_skip_regex=None, packages_skip_test_passed=False, packages_skip_up_to=None, packages_start=None, packages_up_to=None, packages_up_to_regex=None, parallel_workers=6, paths=None, symlink_install=True, test_result_base=None, verb_extension=<colcon_core.verb.build.BuildVerb object at 0xffff89108af0>, verb_name='build', verb_parser=<colcon_defaults.argument_parser.defaults.DefaultArgumentsDecorator object at 0xffff89108790>)
[43.536s] Level 1:colcon.colcon_core.package_discovery:discover_packages(colcon_meta) check parameters
[43.536s] Level 1:colcon.colcon_core.package_discovery:discover_packages(recursive) check parameters
[43.537s] Level 1:colcon.colcon_core.package_discovery:discover_packages(ignore) check parameters
[43.537s] Level 1:colcon.colcon_core.package_discovery:discover_packages(path) check parameters
[43.537s] Level 1:colcon.colcon_core.package_discovery:discover_packages(colcon_meta) discover
[43.537s] Level 1:colcon.colcon_core.package_discovery:discover_packages(recursive) discover
[43.538s] INFO:colcon.colcon_core.package_discovery:Crawling recursively for packages in '/home/jetson/Documents/Ros2PP'
[43.538s] Level 1:colcon.colcon_core.package_identification:_identify(.) by extensions ['ignore', 'ignore_ament_install']
[43.539s] Level 1:colcon.colcon_core.package_identification:_identify(.) by extension 'ignore'
[43.539s] Level 1:colcon.colcon_core.package_identification:_identify(.) by extension 'ignore_ament_install'
[43.539s] Level 1:colcon.colcon_core.package_identification:_identify(.) by extensions ['colcon_pkg']
[43.539s] Level 1:colcon.colcon_core.package_identification:_identify(.) by extension 'colcon_pkg'
[43.540s] Level 1:colcon.colcon_core.package_identification:_identify(.) by extensions ['colcon_meta']
[43.540s] Level 1:colcon.colcon_core.package_identification:_identify(.) by extension 'colcon_meta'
[43.540s] Level 1:colcon.colcon_core.package_identification:_identify(.) by extensions ['ros']
[43.540s] Level 1:colcon.colcon_core.package_identification:_identify(.) by extension 'ros'
[43.754s] Level 1:colcon.colcon_core.package_identification:_identify(.) by extensions ['cmake', 'python']
[43.755s] Level 1:colcon.colcon_core.package_identification:_identify(.) by extension 'cmake'
[43.755s] Level 1:colcon.colcon_core.package_identification:_identify(.) by extension 'python'
[43.755s] Level 1:colcon.colcon_core.package_identification:_identify(.) by extensions ['python_setup_py']
[43.755s] Level 1:colcon.colcon_core.package_identification:_identify(.) by extension 'python_setup_py'
[43.756s] Level 1:colcon.colcon_core.package_identification:_identify(build) by extensions ['ignore', 'ignore_ament_install']
[43.756s] Level 1:colcon.colcon_core.package_identification:_identify(build) by extension 'ignore'
[43.757s] Level 1:colcon.colcon_core.package_identification:_identify(build) ignored
[43.757s] Level 1:colcon.colcon_core.package_identification:_identify(install) by extensions ['ignore', 'ignore_ament_install']
[43.758s] Level 1:colcon.colcon_core.package_identification:_identify(install) by extension 'ignore'
[43.758s] Level 1:colcon.colcon_core.package_identification:_identify(install) ignored
[43.759s] Level 1:colcon.colcon_core.package_identification:_identify(log) by extensions ['ignore', 'ignore_ament_install']
[43.759s] Level 1:colcon.colcon_core.package_identification:_identify(log) by extension 'ignore'
[43.760s] Level 1:colcon.colcon_core.package_identification:_identify(log) ignored
[43.760s] Level 1:colcon.colcon_core.package_identification:_identify(src) by extensions ['ignore', 'ignore_ament_install']
[43.760s] Level 1:colcon.colcon_core.package_identification:_identify(src) by extension 'ignore'
[43.761s] Level 1:colcon.colcon_core.package_identification:_identify(src) by extension 'ignore_ament_install'
[43.761s] Level 1:colcon.colcon_core.package_identification:_identify(src) by extensions ['colcon_pkg']
[43.761s] Level 1:colcon.colcon_core.package_identification:_identify(src) by extension 'colcon_pkg'
[43.761s] Level 1:colcon.colcon_core.package_identification:_identify(src) by extensions ['colcon_meta']
[43.762s] Level 1:colcon.colcon_core.package_identification:_identify(src) by extension 'colcon_meta'
[43.762s] Level 1:colcon.colcon_core.package_identification:_identify(src) by extensions ['ros']
[43.762s] Level 1:colcon.colcon_core.package_identification:_identify(src) by extension 'ros'
[43.762s] Level 1:colcon.colcon_core.package_identification:_identify(src) by extensions ['cmake', 'python']
[43.763s] Level 1:colcon.colcon_core.package_identification:_identify(src) by extension 'cmake'
[43.763s] Level 1:colcon.colcon_core.package_identification:_identify(src) by extension 'python'
[43.763s] Level 1:colcon.colcon_core.package_identification:_identify(src) by extensions ['python_setup_py']
[43.763s] Level 1:colcon.colcon_core.package_identification:_identify(src) by extension 'python_setup_py'
[43.764s] Level 1:colcon.colcon_core.package_identification:_identify(src/my_waypoint_follower) by extensions ['ignore', 'ignore_ament_install']
[43.764s] Level 1:colcon.colcon_core.package_identification:_identify(src/my_waypoint_follower) by extension 'ignore'
[43.765s] Level 1:colcon.colcon_core.package_identification:_identify(src/my_waypoint_follower) by extension 'ignore_ament_install'
[43.765s] Level 1:colcon.colcon_core.package_identification:_identify(src/my_waypoint_follower) by extensions ['colcon_pkg']
[43.765s] Level 1:colcon.colcon_core.package_identification:_identify(src/my_waypoint_follower) by extension 'colcon_pkg'
[43.765s] Level 1:colcon.colcon_core.package_identification:_identify(src/my_waypoint_follower) by extensions ['colcon_meta']
[43.765s] Level 1:colcon.colcon_core.package_identification:_identify(src/my_waypoint_follower) by extension 'colcon_meta'
[43.766s] Level 1:colcon.colcon_core.package_identification:_identify(src/my_waypoint_follower) by extensions ['ros']
[43.766s] Level 1:colcon.colcon_core.package_identification:_identify(src/my_waypoint_follower) by extension 'ros'
[43.916s] DEBUG:colcon.colcon_core.package_identification:Package 'src/my_waypoint_follower' with type 'ros.ament_python' and name 'my_waypoint_follower'
[43.917s] Level 1:colcon.colcon_core.package_discovery:discover_packages(recursive) using defaults
[43.917s] Level 1:colcon.colcon_core.package_discovery:discover_packages(ignore) discover
[43.917s] Level 1:colcon.colcon_core.package_discovery:discover_packages(ignore) using defaults
[43.917s] Level 1:colcon.colcon_core.package_discovery:discover_packages(path) discover
[43.917s] Level 1:colcon.colcon_core.package_discovery:discover_packages(path) using defaults
[47.579s] Level 1:colcon.colcon_core.package_discovery:discover_packages(prefix_path) check parameters
[47.580s] Level 1:colcon.colcon_core.package_discovery:discover_packages(prefix_path) discover
[49.126s] DEBUG:colcon.colcon_installed_package_information.package_discovery:Found 1 installed packages in /home/jetson/Documents/Ros2PP/install
[49.719s] DEBUG:colcon.colcon_installed_package_information.package_discovery:Found 24 installed packages in /home/jetson/f1tenth_ws/install
[50.357s] DEBUG:colcon.colcon_installed_package_information.package_discovery:Found 326 installed packages in /home/jetson/ros2_foxy/install
[50.998s] DEBUG:colcon.colcon_installed_package_information.package_discovery:Found 365 installed packages in /opt/ros/foxy
[51.073s] Level 1:colcon.colcon_core.package_discovery:discover_packages(prefix_path) using defaults
[54.289s] Level 5:colcon.colcon_core.verb:set package 'my_waypoint_follower' build argument 'cmake_args' from command line to 'None'
[54.290s] Level 5:colcon.colcon_core.verb:set package 'my_waypoint_follower' build argument 'cmake_target' from command line to 'None'
[54.290s] Level 5:colcon.colcon_core.verb:set package 'my_waypoint_follower' build argument 'cmake_target_skip_unavailable' from command line to 'False'
[54.290s] Level 5:colcon.colcon_core.verb:set package 'my_waypoint_follower' build argument 'cmake_clean_cache' from command line to 'False'
[54.290s] Level 5:colcon.colcon_core.verb:set package 'my_waypoint_follower' build argument 'cmake_clean_first' from command line to 'False'
[54.291s] Level 5:colcon.colcon_core.verb:set package 'my_waypoint_follower' build argument 'cmake_force_configure' from command line to 'False'
[54.291s] Level 5:colcon.colcon_core.verb:set package 'my_waypoint_follower' build argument 'ament_cmake_args' from command line to 'None'
[54.291s] Level 5:colcon.colcon_core.verb:set package 'my_waypoint_follower' build argument 'catkin_cmake_args' from command line to 'None'
[54.291s] Level 5:colcon.colcon_core.verb:set package 'my_waypoint_follower' build argument 'catkin_skip_building_tests' from command line to 'False'
[54.291s] DEBUG:colcon.colcon_core.verb:Building package 'my_waypoint_follower' with the following arguments: {'ament_cmake_args': None, 'build_base': '/home/jetson/Documents/Ros2PP/build/my_waypoint_follower', 'catkin_cmake_args': None, 'catkin_skip_building_tests': False, 'cmake_args': None, 'cmake_clean_cache': False, 'cmake_clean_first': False, 'cmake_force_configure': False, 'cmake_target': None, 'cmake_target_skip_unavailable': False, 'install_base': '/home/jetson/Documents/Ros2PP/install/my_waypoint_follower', 'merge_install': False, 'path': '/home/jetson/Documents/Ros2PP/src/my_waypoint_follower', 'symlink_install': True, 'test_result_base': None}
[54.879s] INFO:colcon.colcon_core.executor:Executing jobs using 'parallel' executor
[55.472s] DEBUG:colcon.colcon_parallel_executor.executor.parallel:run_until_complete
[55.474s] INFO:colcon.colcon_ros.task.ament_python.build:Building ROS package in '/home/jetson/Documents/Ros2PP/src/my_waypoint_follower' with build type 'ament_python'
[55.474s] Level 1:colcon.colcon_core.shell:create_environment_hook('my_waypoint_follower', 'ament_prefix_path')
[56.282s] INFO:colcon.colcon_core.plugin_system:Skipping extension 'colcon_core.shell.bat': Not used on non-Windows systems
[56.284s] INFO:colcon.colcon_core.shell:Creating environment hook '/home/jetson/Documents/Ros2PP/install/my_waypoint_follower/share/my_waypoint_follower/hook/ament_prefix_path.ps1'
[56.288s] INFO:colcon.colcon_core.shell:Creating environment descriptor '/home/jetson/Documents/Ros2PP/install/my_waypoint_follower/share/my_waypoint_follower/hook/ament_prefix_path.dsv'
[56.291s] INFO:colcon.colcon_core.shell:Creating environment hook '/home/jetson/Documents/Ros2PP/install/my_waypoint_follower/share/my_waypoint_follower/hook/ament_prefix_path.sh'
[56.944s] INFO:colcon.colcon_core.shell:Skip shell extension 'powershell' for command environment: Not usable outside of PowerShell
[56.945s] DEBUG:colcon.colcon_core.shell:Skip shell extension 'dsv' for command environment
[64.016s] INFO:colcon.colcon_core.task.python.build:Building Python package in '/home/jetson/Documents/Ros2PP/src/my_waypoint_follower'
[64.655s] INFO:colcon.colcon_core.shell:Skip shell extension 'powershell' for command environment: Not usable outside of PowerShell
[64.656s] DEBUG:colcon.colcon_core.shell:Skip shell extension 'dsv' for command environment
[76.017s] DEBUG:colcon.colcon_core.event_handler.log_command:Invoking command in '/home/jetson/Documents/Ros2PP/build/my_waypoint_follower': PYTHONPATH=/home/jetson/Documents/Ros2PP/build/my_waypoint_follower/prefix_override:/home/jetson/Documents/Ros2PP/install/my_waypoint_follower/lib/python3.8/site-packages:${PYTHONPATH} /usr/bin/python3 setup.py develop --editable --build-directory /home/jetson/Documents/Ros2PP/build/my_waypoint_follower/build --no-deps install_data
[81.873s] Level 1:colcon.colcon_core.shell:create_environment_hook('my_waypoint_follower', 'pythonpath_develop')
[81.877s] DEBUG:colcon.colcon_core.event_handler.log_command:Invoked command in '/home/jetson/Documents/Ros2PP/build/my_waypoint_follower' returned '0': PYTHONPATH=/home/jetson/Documents/Ros2PP/build/my_waypoint_follower/prefix_override:/home/jetson/Documents/Ros2PP/install/my_waypoint_follower/lib/python3.8/site-packages:${PYTHONPATH} /usr/bin/python3 setup.py develop --editable --build-directory /home/jetson/Documents/Ros2PP/build/my_waypoint_follower/build --no-deps install_data
[82.503s] INFO:colcon.colcon_core.shell:Creating environment hook '/home/jetson/Documents/Ros2PP/build/my_waypoint_follower/share/my_waypoint_follower/hook/pythonpath_develop.ps1'
[82.506s] INFO:colcon.colcon_core.shell:Creating environment descriptor '/home/jetson/Documents/Ros2PP/build/my_waypoint_follower/share/my_waypoint_follower/hook/pythonpath_develop.dsv'
[82.512s] INFO:colcon.colcon_core.shell:Creating environment hook '/home/jetson/Documents/Ros2PP/build/my_waypoint_follower/share/my_waypoint_follower/hook/pythonpath_develop.sh'
[83.319s] Level 1:colcon.colcon_core.environment:checking '/home/jetson/Documents/Ros2PP/install/my_waypoint_follower' for CMake module files
[83.322s] Level 1:colcon.colcon_core.environment:checking '/home/jetson/Documents/Ros2PP/install/my_waypoint_follower' for CMake config files
[83.327s] Level 1:colcon.colcon_core.environment:checking '/home/jetson/Documents/Ros2PP/install/my_waypoint_follower/lib'
[83.327s] Level 1:colcon.colcon_core.environment:checking '/home/jetson/Documents/Ros2PP/install/my_waypoint_follower/bin'
[83.328s] Level 1:colcon.colcon_core.environment:checking '/home/jetson/Documents/Ros2PP/install/my_waypoint_follower/lib/pkgconfig/my_waypoint_follower.pc'
[83.329s] Level 1:colcon.colcon_core.environment:checking '/home/jetson/Documents/Ros2PP/install/my_waypoint_follower/lib/python3.8/site-packages'
[83.329s] Level 1:colcon.colcon_core.shell:create_environment_hook('my_waypoint_follower', 'pythonpath')
[83.931s] INFO:colcon.colcon_core.shell:Creating environment hook '/home/jetson/Documents/Ros2PP/install/my_waypoint_follower/share/my_waypoint_follower/hook/pythonpath.ps1'
[83.933s] INFO:colcon.colcon_core.shell:Creating environment descriptor '/home/jetson/Documents/Ros2PP/install/my_waypoint_follower/share/my_waypoint_follower/hook/pythonpath.dsv'
[83.944s] INFO:colcon.colcon_core.shell:Creating environment hook '/home/jetson/Documents/Ros2PP/install/my_waypoint_follower/share/my_waypoint_follower/hook/pythonpath.sh'
[83.947s] Level 1:colcon.colcon_core.environment:checking '/home/jetson/Documents/Ros2PP/install/my_waypoint_follower/bin'
[83.947s] Level 1:colcon.colcon_core.environment:create_environment_scripts_only(my_waypoint_follower)
[84.574s] INFO:colcon.colcon_core.shell:Creating package script '/home/jetson/Documents/Ros2PP/install/my_waypoint_follower/share/my_waypoint_follower/package.ps1'
[84.716s] INFO:colcon.colcon_core.shell:Creating package descriptor '/home/jetson/Documents/Ros2PP/install/my_waypoint_follower/share/my_waypoint_follower/package.dsv'
[84.720s] INFO:colcon.colcon_core.shell:Creating package script '/home/jetson/Documents/Ros2PP/install/my_waypoint_follower/share/my_waypoint_follower/package.sh'
[84.725s] INFO:colcon.colcon_core.shell:Creating package script '/home/jetson/Documents/Ros2PP/install/my_waypoint_follower/share/my_waypoint_follower/package.bash'
[84.729s] INFO:colcon.colcon_core.shell:Creating package script '/home/jetson/Documents/Ros2PP/install/my_waypoint_follower/share/my_waypoint_follower/package.zsh'
[84.733s] Level 1:colcon.colcon_core.environment:create_file_with_runtime_dependencies(/home/jetson/Documents/Ros2PP/install/my_waypoint_follower/share/colcon-core/packages/my_waypoint_follower)
[84.735s] DEBUG:colcon.colcon_parallel_executor.executor.parallel:closing loop
[84.739s] DEBUG:colcon.colcon_parallel_executor.executor.parallel:loop closed
[84.739s] DEBUG:colcon.colcon_parallel_executor.executor.parallel:run_until_complete finished with '0'
[84.740s] DEBUG:colcon.colcon_core.event_reactor:joining thread
[85.685s] INFO:colcon.colcon_core.plugin_system:Skipping extension 'colcon_notification.desktop_notification.terminal_notifier': Not used on non-Darwin systems
[85.686s] INFO:colcon.colcon_core.plugin_system:Skipping extension 'colcon_notification.desktop_notification.win32': Not used on non-Windows systems
[85.686s] INFO:colcon.colcon_notification.desktop_notification:Sending desktop notification using 'notify2'
[85.783s] DEBUG:colcon.colcon_core.event_reactor:joined thread
[86.399s] INFO:colcon.colcon_core.shell:Creating prefix script '/home/jetson/Documents/Ros2PP/install/local_setup.ps1'
[86.539s] INFO:colcon.colcon_core.shell:Creating prefix util module '/home/jetson/Documents/Ros2PP/install/_local_setup_util_ps1.py'
[86.546s] INFO:colcon.colcon_core.shell:Creating prefix chain script '/home/jetson/Documents/Ros2PP/install/setup.ps1'
[87.374s] INFO:colcon.colcon_core.shell:Creating prefix script '/home/jetson/Documents/Ros2PP/install/local_setup.sh'
[87.378s] INFO:colcon.colcon_core.shell:Creating prefix util module '/home/jetson/Documents/Ros2PP/install/_local_setup_util_sh.py'
[87.380s] INFO:colcon.colcon_core.shell:Creating prefix chain script '/home/jetson/Documents/Ros2PP/install/setup.sh'
[88.159s] INFO:colcon.colcon_core.shell:Creating prefix script '/home/jetson/Documents/Ros2PP/install/local_setup.bash'
[88.162s] INFO:colcon.colcon_core.shell:Creating prefix chain script '/home/jetson/Documents/Ros2PP/install/setup.bash'
[88.986s] INFO:colcon.colcon_core.shell:Creating prefix script '/home/jetson/Documents/Ros2PP/install/local_setup.zsh'
[88.989s] INFO:colcon.colcon_core.shell:Creating prefix chain script '/home/jetson/Documents/Ros2PP/install/setup.zsh'
