[0.850s] DEBUG:colcon:Command line arguments: ['/usr/bin/colcon', 'build', '--symlink-install']
[0.854s] DEBUG:colcon:Parsed command line arguments: Namespace(allow_overriding=[], ament_cmake_args=None, base_paths=['.'], build_base='build', catkin_cmake_args=None, catkin_skip_building_tests=False, cmake_args=None, cmake_clean_cache=False, cmake_clean_first=False, cmake_force_configure=False, cmake_target=None, cmake_target_skip_unavailable=False, continue_on_error=False, event_handlers=None, executor='parallel', ignore_user_meta=False, install_base='install', log_base=None, log_level=None, main=<bound method BuildVerb.main of <colcon_core.verb.build.BuildVerb object at 0x7f7d7ec36160>>, merge_install=False, metas=['./colcon.meta'], mixin=None, mixin_files=None, mixin_verb=('build',), packages_above=None, packages_above_and_dependencies=None, packages_above_depth=None, packages_end=None, packages_ignore=None, packages_ignore_regex=None, packages_select=None, packages_select_build_failed=False, packages_select_by_dep=None, packages_select_regex=None, packages_select_test_failures=False, packages_skip=None, packages_skip_build_finished=False, packages_skip_by_dep=None, packages_skip_regex=None, packages_skip_test_passed=False, packages_skip_up_to=None, packages_start=None, packages_up_to=None, packages_up_to_regex=None, parallel_workers=8, paths=None, symlink_install=True, test_result_base=None, verb_extension=<colcon_core.verb.build.BuildVerb object at 0x7f7d7ec36160>, verb_name='build', verb_parser=<colcon_mixin.mixin.mixin_argument.MixinArgumentDecorator object at 0x7f7d7ec36640>)
[1.304s] Level 1:colcon.colcon_core.package_discovery:discover_packages(colcon_meta) check parameters
[1.304s] Level 1:colcon.colcon_core.package_discovery:discover_packages(recursive) check parameters
[1.304s] Level 1:colcon.colcon_core.package_discovery:discover_packages(ignore) check parameters
[1.305s] Level 1:colcon.colcon_core.package_discovery:discover_packages(path) check parameters
[1.305s] Level 1:colcon.colcon_core.package_discovery:discover_packages(colcon_meta) discover
[1.305s] Level 1:colcon.colcon_core.package_discovery:discover_packages(recursive) discover
[1.306s] INFO:colcon.colcon_core.package_discovery:Crawling recursively for packages in '/home/yiminglinux/Documents/Ros2PP'
[1.306s] Level 1:colcon.colcon_core.package_identification:_identify(.) by extensions ['ignore', 'ignore_ament_install']
[1.306s] Level 1:colcon.colcon_core.package_identification:_identify(.) by extension 'ignore'
[1.307s] Level 1:colcon.colcon_core.package_identification:_identify(.) by extension 'ignore_ament_install'
[1.307s] Level 1:colcon.colcon_core.package_identification:_identify(.) by extensions ['colcon_pkg']
[1.308s] Level 1:colcon.colcon_core.package_identification:_identify(.) by extension 'colcon_pkg'
[1.308s] Level 1:colcon.colcon_core.package_identification:_identify(.) by extensions ['colcon_meta']
[1.308s] Level 1:colcon.colcon_core.package_identification:_identify(.) by extension 'colcon_meta'
[1.309s] Level 1:colcon.colcon_core.package_identification:_identify(.) by extensions ['ros']
[1.309s] Level 1:colcon.colcon_core.package_identification:_identify(.) by extension 'ros'
[1.334s] Level 1:colcon.colcon_core.package_identification:_identify(.) by extensions ['cmake', 'python']
[1.334s] Level 1:colcon.colcon_core.package_identification:_identify(.) by extension 'cmake'
[1.335s] Level 1:colcon.colcon_core.package_identification:_identify(.) by extension 'python'
[1.335s] Level 1:colcon.colcon_core.package_identification:_identify(.) by extensions ['python_setup_py']
[1.335s] Level 1:colcon.colcon_core.package_identification:_identify(.) by extension 'python_setup_py'
[1.338s] Level 1:colcon.colcon_core.package_identification:_identify(build) by extensions ['ignore', 'ignore_ament_install']
[1.338s] Level 1:colcon.colcon_core.package_identification:_identify(build) by extension 'ignore'
[1.339s] Level 1:colcon.colcon_core.package_identification:_identify(build) ignored
[1.339s] Level 1:colcon.colcon_core.package_identification:_identify(install) by extensions ['ignore', 'ignore_ament_install']
[1.340s] Level 1:colcon.colcon_core.package_identification:_identify(install) by extension 'ignore'
[1.340s] Level 1:colcon.colcon_core.package_identification:_identify(install) ignored
[1.340s] Level 1:colcon.colcon_core.package_identification:_identify(log) by extensions ['ignore', 'ignore_ament_install']
[1.341s] Level 1:colcon.colcon_core.package_identification:_identify(log) by extension 'ignore'
[1.341s] Level 1:colcon.colcon_core.package_identification:_identify(log) ignored
[1.342s] Level 1:colcon.colcon_core.package_identification:_identify(src) by extensions ['ignore', 'ignore_ament_install']
[1.342s] Level 1:colcon.colcon_core.package_identification:_identify(src) by extension 'ignore'
[1.343s] Level 1:colcon.colcon_core.package_identification:_identify(src) by extension 'ignore_ament_install'
[1.343s] Level 1:colcon.colcon_core.package_identification:_identify(src) by extensions ['colcon_pkg']
[1.343s] Level 1:colcon.colcon_core.package_identification:_identify(src) by extension 'colcon_pkg'
[1.344s] Level 1:colcon.colcon_core.package_identification:_identify(src) by extensions ['colcon_meta']
[1.344s] Level 1:colcon.colcon_core.package_identification:_identify(src) by extension 'colcon_meta'
[1.344s] Level 1:colcon.colcon_core.package_identification:_identify(src) by extensions ['ros']
[1.345s] Level 1:colcon.colcon_core.package_identification:_identify(src) by extension 'ros'
[1.345s] Level 1:colcon.colcon_core.package_identification:_identify(src) by extensions ['cmake', 'python']
[1.345s] Level 1:colcon.colcon_core.package_identification:_identify(src) by extension 'cmake'
[1.346s] Level 1:colcon.colcon_core.package_identification:_identify(src) by extension 'python'
[1.346s] Level 1:colcon.colcon_core.package_identification:_identify(src) by extensions ['python_setup_py']
[1.346s] Level 1:colcon.colcon_core.package_identification:_identify(src) by extension 'python_setup_py'
[1.347s] Level 1:colcon.colcon_core.package_identification:_identify(src/my_waypoint_follower) by extensions ['ignore', 'ignore_ament_install']
[1.347s] Level 1:colcon.colcon_core.package_identification:_identify(src/my_waypoint_follower) by extension 'ignore'
[1.347s] Level 1:colcon.colcon_core.package_identification:_identify(src/my_waypoint_follower) by extension 'ignore_ament_install'
[1.348s] Level 1:colcon.colcon_core.package_identification:_identify(src/my_waypoint_follower) by extensions ['colcon_pkg']
[1.348s] Level 1:colcon.colcon_core.package_identification:_identify(src/my_waypoint_follower) by extension 'colcon_pkg'
[1.348s] Level 1:colcon.colcon_core.package_identification:_identify(src/my_waypoint_follower) by extensions ['colcon_meta']
[1.349s] Level 1:colcon.colcon_core.package_identification:_identify(src/my_waypoint_follower) by extension 'colcon_meta'
[1.349s] Level 1:colcon.colcon_core.package_identification:_identify(src/my_waypoint_follower) by extensions ['ros']
[1.349s] Level 1:colcon.colcon_core.package_identification:_identify(src/my_waypoint_follower) by extension 'ros'
[1.356s] DEBUG:colcon.colcon_core.package_identification:Package 'src/my_waypoint_follower' with type 'ros.ament_python' and name 'my_waypoint_follower'
[1.356s] Level 1:colcon.colcon_core.package_discovery:discover_packages(recursive) using defaults
[1.357s] Level 1:colcon.colcon_core.package_discovery:discover_packages(ignore) discover
[1.357s] Level 1:colcon.colcon_core.package_discovery:discover_packages(ignore) using defaults
[1.357s] Level 1:colcon.colcon_core.package_discovery:discover_packages(path) discover
[1.358s] Level 1:colcon.colcon_core.package_discovery:discover_packages(path) using defaults
[1.417s] Level 1:colcon.colcon_core.package_discovery:discover_packages(prefix_path) check parameters
[1.417s] Level 1:colcon.colcon_core.package_discovery:discover_packages(prefix_path) discover
[1.421s] DEBUG:colcon.colcon_installed_package_information.package_discovery:Found 2 installed packages in /home/yiminglinux/sim_ws/install
[1.425s] DEBUG:colcon.colcon_installed_package_information.package_discovery:Found 266 installed packages in /opt/ros/foxy
[1.430s] Level 1:colcon.colcon_core.package_discovery:discover_packages(prefix_path) using defaults
[1.681s] Level 5:colcon.colcon_core.verb:set package 'my_waypoint_follower' build argument 'cmake_args' from command line to 'None'
[1.681s] Level 5:colcon.colcon_core.verb:set package 'my_waypoint_follower' build argument 'cmake_target' from command line to 'None'
[1.681s] Level 5:colcon.colcon_core.verb:set package 'my_waypoint_follower' build argument 'cmake_target_skip_unavailable' from command line to 'False'
[1.681s] Level 5:colcon.colcon_core.verb:set package 'my_waypoint_follower' build argument 'cmake_clean_cache' from command line to 'False'
[1.682s] Level 5:colcon.colcon_core.verb:set package 'my_waypoint_follower' build argument 'cmake_clean_first' from command line to 'False'
[1.682s] Level 5:colcon.colcon_core.verb:set package 'my_waypoint_follower' build argument 'cmake_force_configure' from command line to 'False'
[1.682s] Level 5:colcon.colcon_core.verb:set package 'my_waypoint_follower' build argument 'ament_cmake_args' from command line to 'None'
[1.682s] Level 5:colcon.colcon_core.verb:set package 'my_waypoint_follower' build argument 'catkin_cmake_args' from command line to 'None'
[1.682s] Level 5:colcon.colcon_core.verb:set package 'my_waypoint_follower' build argument 'catkin_skip_building_tests' from command line to 'False'
[1.682s] DEBUG:colcon.colcon_core.verb:Building package 'my_waypoint_follower' with the following arguments: {'ament_cmake_args': None, 'build_base': '/home/yiminglinux/Documents/Ros2PP/build/my_waypoint_follower', 'catkin_cmake_args': None, 'catkin_skip_building_tests': False, 'cmake_args': None, 'cmake_clean_cache': False, 'cmake_clean_first': False, 'cmake_force_configure': False, 'cmake_target': None, 'cmake_target_skip_unavailable': False, 'install_base': '/home/yiminglinux/Documents/Ros2PP/install/my_waypoint_follower', 'merge_install': False, 'path': '/home/yiminglinux/Documents/Ros2PP/src/my_waypoint_follower', 'symlink_install': True, 'test_result_base': None}
[1.682s] INFO:colcon.colcon_core.executor:Executing jobs using 'parallel' executor
[1.695s] DEBUG:colcon.colcon_parallel_executor.executor.parallel:run_until_complete
[1.695s] INFO:colcon.colcon_ros.task.ament_python.build:Building ROS package in '/home/yiminglinux/Documents/Ros2PP/src/my_waypoint_follower' with build type 'ament_python'
[1.696s] Level 1:colcon.colcon_core.shell:create_environment_hook('my_waypoint_follower', 'ament_prefix_path')
[1.699s] INFO:colcon.colcon_core.plugin_system:Skipping extension 'colcon_core.shell.bat': Not used on non-Windows systems
[1.700s] INFO:colcon.colcon_core.shell:Creating environment hook '/home/yiminglinux/Documents/Ros2PP/install/my_waypoint_follower/share/my_waypoint_follower/hook/ament_prefix_path.ps1'
[1.701s] INFO:colcon.colcon_core.shell:Creating environment descriptor '/home/yiminglinux/Documents/Ros2PP/install/my_waypoint_follower/share/my_waypoint_follower/hook/ament_prefix_path.dsv'
[1.702s] INFO:colcon.colcon_core.shell:Creating environment hook '/home/yiminglinux/Documents/Ros2PP/install/my_waypoint_follower/share/my_waypoint_follower/hook/ament_prefix_path.sh'
[1.704s] INFO:colcon.colcon_core.shell:Skip shell extension 'powershell' for command environment: Not usable outside of PowerShell
[1.704s] DEBUG:colcon.colcon_core.shell:Skip shell extension 'dsv' for command environment
[2.747s] INFO:colcon.colcon_core.task.python.build:Building Python package in '/home/yiminglinux/Documents/Ros2PP/src/my_waypoint_follower'
[2.756s] INFO:colcon.colcon_core.shell:Skip shell extension 'powershell' for command environment: Not usable outside of PowerShell
[2.756s] DEBUG:colcon.colcon_core.shell:Skip shell extension 'dsv' for command environment
[4.719s] DEBUG:colcon.colcon_core.event_handler.log_command:Invoking command in '/home/yiminglinux/Documents/Ros2PP/build/my_waypoint_follower': PYTHONPATH=/home/yiminglinux/Documents/Ros2PP/build/my_waypoint_follower/prefix_override:/home/yiminglinux/Documents/Ros2PP/install/my_waypoint_follower/lib/python3.8/site-packages:${PYTHONPATH} /usr/bin/python3 -W ignore:setup.py install is deprecated setup.py develop --editable --build-directory /home/yiminglinux/Documents/Ros2PP/build/my_waypoint_follower/build --no-deps symlink_data
[6.491s] Level 1:colcon.colcon_core.shell:create_environment_hook('my_waypoint_follower', 'pythonpath_develop')
[6.492s] INFO:colcon.colcon_core.shell:Creating environment hook '/home/yiminglinux/Documents/Ros2PP/build/my_waypoint_follower/share/my_waypoint_follower/hook/pythonpath_develop.ps1'
[6.493s] INFO:colcon.colcon_core.shell:Creating environment descriptor '/home/yiminglinux/Documents/Ros2PP/build/my_waypoint_follower/share/my_waypoint_follower/hook/pythonpath_develop.dsv'
[6.494s] DEBUG:colcon.colcon_core.event_handler.log_command:Invoked command in '/home/yiminglinux/Documents/Ros2PP/build/my_waypoint_follower' returned '0': PYTHONPATH=/home/yiminglinux/Documents/Ros2PP/build/my_waypoint_follower/prefix_override:/home/yiminglinux/Documents/Ros2PP/install/my_waypoint_follower/lib/python3.8/site-packages:${PYTHONPATH} /usr/bin/python3 -W ignore:setup.py install is deprecated setup.py develop --editable --build-directory /home/yiminglinux/Documents/Ros2PP/build/my_waypoint_follower/build --no-deps symlink_data
[6.495s] INFO:colcon.colcon_core.shell:Creating environment hook '/home/yiminglinux/Documents/Ros2PP/build/my_waypoint_follower/share/my_waypoint_follower/hook/pythonpath_develop.sh'
[6.501s] Level 1:colcon.colcon_core.environment:checking '/home/yiminglinux/Documents/Ros2PP/install/my_waypoint_follower' for CMake module files
[6.502s] Level 1:colcon.colcon_core.environment:checking '/home/yiminglinux/Documents/Ros2PP/install/my_waypoint_follower' for CMake config files
[6.504s] Level 1:colcon.colcon_core.environment:checking '/home/yiminglinux/Documents/Ros2PP/install/my_waypoint_follower/lib'
[6.504s] Level 1:colcon.colcon_core.environment:checking '/home/yiminglinux/Documents/Ros2PP/install/my_waypoint_follower/bin'
[6.504s] Level 1:colcon.colcon_core.environment:checking '/home/yiminglinux/Documents/Ros2PP/install/my_waypoint_follower/lib/pkgconfig/my_waypoint_follower.pc'
[6.505s] Level 1:colcon.colcon_core.environment:checking '/home/yiminglinux/Documents/Ros2PP/install/my_waypoint_follower/lib/python3.8/site-packages'
[6.505s] Level 1:colcon.colcon_core.shell:create_environment_hook('my_waypoint_follower', 'pythonpath')
[6.505s] INFO:colcon.colcon_core.shell:Creating environment hook '/home/yiminglinux/Documents/Ros2PP/install/my_waypoint_follower/share/my_waypoint_follower/hook/pythonpath.ps1'
[6.506s] INFO:colcon.colcon_core.shell:Creating environment descriptor '/home/yiminglinux/Documents/Ros2PP/install/my_waypoint_follower/share/my_waypoint_follower/hook/pythonpath.dsv'
[6.506s] INFO:colcon.colcon_core.shell:Creating environment hook '/home/yiminglinux/Documents/Ros2PP/install/my_waypoint_follower/share/my_waypoint_follower/hook/pythonpath.sh'
[6.507s] Level 1:colcon.colcon_core.environment:checking '/home/yiminglinux/Documents/Ros2PP/install/my_waypoint_follower/bin'
[6.507s] Level 1:colcon.colcon_core.environment:create_environment_scripts_only(my_waypoint_follower)
[6.508s] INFO:colcon.colcon_core.shell:Creating package script '/home/yiminglinux/Documents/Ros2PP/install/my_waypoint_follower/share/my_waypoint_follower/package.ps1'
[6.510s] INFO:colcon.colcon_core.shell:Creating package descriptor '/home/yiminglinux/Documents/Ros2PP/install/my_waypoint_follower/share/my_waypoint_follower/package.dsv'
[6.511s] INFO:colcon.colcon_core.shell:Creating package script '/home/yiminglinux/Documents/Ros2PP/install/my_waypoint_follower/share/my_waypoint_follower/package.sh'
[6.512s] INFO:colcon.colcon_core.shell:Creating package script '/home/yiminglinux/Documents/Ros2PP/install/my_waypoint_follower/share/my_waypoint_follower/package.bash'
[6.513s] INFO:colcon.colcon_core.shell:Creating package script '/home/yiminglinux/Documents/Ros2PP/install/my_waypoint_follower/share/my_waypoint_follower/package.zsh'
[6.515s] Level 1:colcon.colcon_core.environment:create_file_with_runtime_dependencies(/home/yiminglinux/Documents/Ros2PP/install/my_waypoint_follower/share/colcon-core/packages/my_waypoint_follower)
[6.517s] DEBUG:colcon.colcon_parallel_executor.executor.parallel:closing loop
[6.517s] DEBUG:colcon.colcon_parallel_executor.executor.parallel:loop closed
[6.517s] DEBUG:colcon.colcon_parallel_executor.executor.parallel:run_until_complete finished with '0'
[6.518s] DEBUG:colcon.colcon_core.event_reactor:joining thread
[6.532s] INFO:colcon.colcon_core.plugin_system:Skipping extension 'colcon_notification.desktop_notification.terminal_notifier': Not used on non-Darwin systems
[6.532s] INFO:colcon.colcon_core.plugin_system:Skipping extension 'colcon_notification.desktop_notification.win32': Not used on non-Windows systems
[6.533s] INFO:colcon.colcon_notification.desktop_notification:Sending desktop notification using 'notify2'
[6.559s] DEBUG:colcon.colcon_core.event_reactor:joined thread
[6.559s] INFO:colcon.colcon_core.shell:Creating prefix script '/home/yiminglinux/Documents/Ros2PP/install/local_setup.ps1'
[6.586s] INFO:colcon.colcon_core.shell:Creating prefix util module '/home/yiminglinux/Documents/Ros2PP/install/_local_setup_util_ps1.py'
[6.601s] INFO:colcon.colcon_core.shell:Creating prefix chain script '/home/yiminglinux/Documents/Ros2PP/install/setup.ps1'
[6.604s] INFO:colcon.colcon_core.shell:Creating prefix script '/home/yiminglinux/Documents/Ros2PP/install/local_setup.sh'
[6.605s] INFO:colcon.colcon_core.shell:Creating prefix util module '/home/yiminglinux/Documents/Ros2PP/install/_local_setup_util_sh.py'
[6.612s] INFO:colcon.colcon_core.shell:Creating prefix chain script '/home/yiminglinux/Documents/Ros2PP/install/setup.sh'
[6.614s] INFO:colcon.colcon_core.shell:Creating prefix script '/home/yiminglinux/Documents/Ros2PP/install/local_setup.bash'
[6.615s] INFO:colcon.colcon_core.shell:Creating prefix chain script '/home/yiminglinux/Documents/Ros2PP/install/setup.bash'
[6.617s] INFO:colcon.colcon_core.shell:Creating prefix script '/home/yiminglinux/Documents/Ros2PP/install/local_setup.zsh'
[6.619s] INFO:colcon.colcon_core.shell:Creating prefix chain script '/home/yiminglinux/Documents/Ros2PP/install/setup.zsh'
