running develop
running egg_info
writing ../../build/my_waypoint_follower/my_waypoint_follower.egg-info/PKG-INFO
writing dependency_links to ../../build/my_waypoint_follower/my_waypoint_follower.egg-info/dependency_links.txt
writing entry points to ../../build/my_waypoint_follower/my_waypoint_follower.egg-info/entry_points.txt
writing requirements to ../../build/my_waypoint_follower/my_waypoint_follower.egg-info/requires.txt
writing top-level names to ../../build/my_waypoint_follower/my_waypoint_follower.egg-info/top_level.txt
reading manifest file '../../build/my_waypoint_follower/my_waypoint_follower.egg-info/SOURCES.txt'
writing manifest file '../../build/my_waypoint_follower/my_waypoint_follower.egg-info/SOURCES.txt'
running build
running build_py
copying my_waypoint_follower/purePursuit_ros_v1.py -> /home/yiminglinux/Documents/Ros2PP/build/my_waypoint_follower/build/lib/my_waypoint_follower
copying my_waypoint_follower/Opt_MPC_ros.py -> /home/yiminglinux/Documents/Ros2PP/build/my_waypoint_follower/build/lib/my_waypoint_follower
copying my_waypoint_follower/Opt_purePursuit_ros.py -> /home/yiminglinux/Documents/Ros2PP/build/my_waypoint_follower/build/lib/my_waypoint_follower
copying my_waypoint_follower/DataSave.py -> /home/yiminglinux/Documents/Ros2PP/build/my_waypoint_follower/build/lib/my_waypoint_follower
copying my_waypoint_follower/purePursuit_ros.py -> /home/yiminglinux/Documents/Ros2PP/build/my_waypoint_follower/build/lib/my_waypoint_follower
running install
running install_lib
copying /home/yiminglinux/Documents/Ros2PP/build/my_waypoint_follower/build/lib/my_waypoint_follower/purePursuit_ros_v1.py -> /home/yiminglinux/Documents/Ros2PP/install/my_waypoint_follower/lib/python3.8/site-packages/my_waypoint_follower
copying /home/yiminglinux/Documents/Ros2PP/build/my_waypoint_follower/build/lib/my_waypoint_follower/Opt_MPC_ros.py -> /home/yiminglinux/Documents/Ros2PP/install/my_waypoint_follower/lib/python3.8/site-packages/my_waypoint_follower
copying /home/yiminglinux/Documents/Ros2PP/build/my_waypoint_follower/build/lib/my_waypoint_follower/Opt_purePursuit_ros.py -> /home/yiminglinux/Documents/Ros2PP/install/my_waypoint_follower/lib/python3.8/site-packages/my_waypoint_follower
copying /home/yiminglinux/Documents/Ros2PP/build/my_waypoint_follower/build/lib/my_waypoint_follower/DataSave.py -> /home/yiminglinux/Documents/Ros2PP/install/my_waypoint_follower/lib/python3.8/site-packages/my_waypoint_follower
copying /home/yiminglinux/Documents/Ros2PP/build/my_waypoint_follower/build/lib/my_waypoint_follower/purePursuit_ros.py -> /home/yiminglinux/Documents/Ros2PP/install/my_waypoint_follower/lib/python3.8/site-packages/my_waypoint_follower
byte-compiling /home/yiminglinux/Documents/Ros2PP/install/my_waypoint_follower/lib/python3.8/site-packages/my_waypoint_follower/purePursuit_ros_v1.py to purePursuit_ros_v1.cpython-38.pyc
byte-compiling /home/yiminglinux/Documents/Ros2PP/install/my_waypoint_follower/lib/python3.8/site-packages/my_waypoint_follower/Opt_MPC_ros.py to Opt_MPC_ros.cpython-38.pyc
byte-compiling /home/yiminglinux/Documents/Ros2PP/install/my_waypoint_follower/lib/python3.8/site-packages/my_waypoint_follower/Opt_purePursuit_ros.py to Opt_purePursuit_ros.cpython-38.pyc
byte-compiling /home/yiminglinux/Documents/Ros2PP/install/my_waypoint_follower/lib/python3.8/site-packages/my_waypoint_follower/DataSave.py to DataSave.cpython-38.pyc
byte-compiling /home/yiminglinux/Documents/Ros2PP/install/my_waypoint_follower/lib/python3.8/site-packages/my_waypoint_follower/purePursuit_ros.py to purePursuit_ros.cpython-38.pyc
running install_data
running install_egg_info
removing '/home/yiminglinux/Documents/Ros2PP/install/my_waypoint_follower/lib/python3.8/site-packages/my_waypoint_follower-0.0.0-py3.8.egg-info' (and everything under it)
Copying ../../build/my_waypoint_follower/my_waypoint_follower.egg-info to /home/yiminglinux/Documents/Ros2PP/install/my_waypoint_follower/lib/python3.8/site-packages/my_waypoint_follower-0.0.0-py3.8.egg-info
running install_scripts
Installing MPC script to /home/yiminglinux/Documents/Ros2PP/install/my_waypoint_follower/lib/my_waypoint_follower
Installing Opt_MPC script to /home/yiminglinux/Documents/Ros2PP/install/my_waypoint_follower/lib/my_waypoint_follower
Installing Opt_PurePursuit script to /home/yiminglinux/Documents/Ros2PP/install/my_waypoint_follower/lib/my_waypoint_follower
Installing purePursuit_ros script to /home/yiminglinux/Documents/Ros2PP/install/my_waypoint_follower/lib/my_waypoint_follower
writing list of installed files to '/home/yiminglinux/Documents/Ros2PP/build/my_waypoint_follower/install.log'
