[1.877s] Invoking command in '/home/yiminglinux/Documents/Ros2PP/build/my_waypoint_follower': PYTHONPATH=/home/yiminglinux/Documents/Ros2PP/build/my_waypoint_follower/prefix_override:/home/yiminglinux/Documents/Ros2PP/install/my_waypoint_follower/lib/python3.8/site-packages:${PYTHONPATH} /usr/bin/python3 setup.py develop --uninstall --editable --build-directory /home/yiminglinux/Documents/Ros2PP/build/my_waypoint_follower/build
[2.169s] running develop
[2.423s] Invoked command in '/home/yiminglinux/Documents/Ros2PP/build/my_waypoint_follower' returned '0': PYTHONPATH=/home/yiminglinux/Documents/Ros2PP/build/my_waypoint_follower/prefix_override:/home/yiminglinux/Documents/Ros2PP/install/my_waypoint_follower/lib/python3.8/site-packages:${PYTHONPATH} /usr/bin/python3 setup.py develop --uninstall --editable --build-directory /home/yiminglinux/Documents/Ros2PP/build/my_waypoint_follower/build
[2.425s] Invoking command in '/home/yiminglinux/Documents/Ros2PP/src/my_waypoint_follower': PYTHONPATH=/home/yiminglinux/Documents/Ros2PP/build/my_waypoint_follower/prefix_override:/home/yiminglinux/Documents/Ros2PP/install/my_waypoint_follower/lib/python3.8/site-packages:${PYTHONPATH} /usr/bin/python3 setup.py egg_info --egg-base ../../build/my_waypoint_follower build --build-base /home/yiminglinux/Documents/Ros2PP/build/my_waypoint_follower/build install --record /home/yiminglinux/Documents/Ros2PP/build/my_waypoint_follower/install.log --install-scripts $base/lib/my_waypoint_follower --single-version-externally-managed
[2.682s] running egg_info
[2.683s] writing ../../build/my_waypoint_follower/my_waypoint_follower.egg-info/PKG-INFO
[2.683s] writing dependency_links to ../../build/my_waypoint_follower/my_waypoint_follower.egg-info/dependency_links.txt
[2.683s] writing entry points to ../../build/my_waypoint_follower/my_waypoint_follower.egg-info/entry_points.txt
[2.684s] writing requirements to ../../build/my_waypoint_follower/my_waypoint_follower.egg-info/requires.txt
[2.684s] writing top-level names to ../../build/my_waypoint_follower/my_waypoint_follower.egg-info/top_level.txt
[2.734s] reading manifest file '../../build/my_waypoint_follower/my_waypoint_follower.egg-info/SOURCES.txt'
[2.741s] writing manifest file '../../build/my_waypoint_follower/my_waypoint_follower.egg-info/SOURCES.txt'
[2.741s] running build
[2.741s] running build_py
[2.742s] copying my_waypoint_follower/purePursuit_ros_v1.py -> /home/yiminglinux/Documents/Ros2PP/build/my_waypoint_follower/build/lib/my_waypoint_follower
[2.742s] copying my_waypoint_follower/Opt_MPC_ros.py -> /home/yiminglinux/Documents/Ros2PP/build/my_waypoint_follower/build/lib/my_waypoint_follower
[2.742s] copying my_waypoint_follower/Opt_purePursuit_ros.py -> /home/yiminglinux/Documents/Ros2PP/build/my_waypoint_follower/build/lib/my_waypoint_follower
[2.742s] copying my_waypoint_follower/DataSave.py -> /home/yiminglinux/Documents/Ros2PP/build/my_waypoint_follower/build/lib/my_waypoint_follower
[2.742s] copying my_waypoint_follower/purePursuit_ros.py -> /home/yiminglinux/Documents/Ros2PP/build/my_waypoint_follower/build/lib/my_waypoint_follower
[2.742s] running install
[2.743s] running install_lib
[2.745s] copying /home/yiminglinux/Documents/Ros2PP/build/my_waypoint_follower/build/lib/my_waypoint_follower/purePursuit_ros_v1.py -> /home/yiminglinux/Documents/Ros2PP/install/my_waypoint_follower/lib/python3.8/site-packages/my_waypoint_follower
[2.745s] copying /home/yiminglinux/Documents/Ros2PP/build/my_waypoint_follower/build/lib/my_waypoint_follower/Opt_MPC_ros.py -> /home/yiminglinux/Documents/Ros2PP/install/my_waypoint_follower/lib/python3.8/site-packages/my_waypoint_follower
[2.745s] copying /home/yiminglinux/Documents/Ros2PP/build/my_waypoint_follower/build/lib/my_waypoint_follower/Opt_purePursuit_ros.py -> /home/yiminglinux/Documents/Ros2PP/install/my_waypoint_follower/lib/python3.8/site-packages/my_waypoint_follower
[2.745s] copying /home/yiminglinux/Documents/Ros2PP/build/my_waypoint_follower/build/lib/my_waypoint_follower/DataSave.py -> /home/yiminglinux/Documents/Ros2PP/install/my_waypoint_follower/lib/python3.8/site-packages/my_waypoint_follower
[2.745s] copying /home/yiminglinux/Documents/Ros2PP/build/my_waypoint_follower/build/lib/my_waypoint_follower/purePursuit_ros.py -> /home/yiminglinux/Documents/Ros2PP/install/my_waypoint_follower/lib/python3.8/site-packages/my_waypoint_follower
[2.746s] byte-compiling /home/yiminglinux/Documents/Ros2PP/install/my_waypoint_follower/lib/python3.8/site-packages/my_waypoint_follower/purePursuit_ros_v1.py to purePursuit_ros_v1.cpython-38.pyc
[2.750s] byte-compiling /home/yiminglinux/Documents/Ros2PP/install/my_waypoint_follower/lib/python3.8/site-packages/my_waypoint_follower/Opt_MPC_ros.py to Opt_MPC_ros.cpython-38.pyc
[2.751s] byte-compiling /home/yiminglinux/Documents/Ros2PP/install/my_waypoint_follower/lib/python3.8/site-packages/my_waypoint_follower/Opt_purePursuit_ros.py to Opt_purePursuit_ros.cpython-38.pyc
[2.753s] byte-compiling /home/yiminglinux/Documents/Ros2PP/install/my_waypoint_follower/lib/python3.8/site-packages/my_waypoint_follower/DataSave.py to DataSave.cpython-38.pyc
[2.754s] byte-compiling /home/yiminglinux/Documents/Ros2PP/install/my_waypoint_follower/lib/python3.8/site-packages/my_waypoint_follower/purePursuit_ros.py to purePursuit_ros.cpython-38.pyc
[2.755s] running install_data
[2.756s] running install_egg_info
[2.758s] removing '/home/yiminglinux/Documents/Ros2PP/install/my_waypoint_follower/lib/python3.8/site-packages/my_waypoint_follower-0.0.0-py3.8.egg-info' (and everything under it)
[2.758s] Copying ../../build/my_waypoint_follower/my_waypoint_follower.egg-info to /home/yiminglinux/Documents/Ros2PP/install/my_waypoint_follower/lib/python3.8/site-packages/my_waypoint_follower-0.0.0-py3.8.egg-info
[2.808s] running install_scripts
[2.832s] Installing MPC script to /home/yiminglinux/Documents/Ros2PP/install/my_waypoint_follower/lib/my_waypoint_follower
[2.833s] Installing Opt_MPC script to /home/yiminglinux/Documents/Ros2PP/install/my_waypoint_follower/lib/my_waypoint_follower
[2.833s] Installing Opt_PurePursuit script to /home/yiminglinux/Documents/Ros2PP/install/my_waypoint_follower/lib/my_waypoint_follower
[2.833s] Installing purePursuit_ros script to /home/yiminglinux/Documents/Ros2PP/install/my_waypoint_follower/lib/my_waypoint_follower
[2.833s] writing list of installed files to '/home/yiminglinux/Documents/Ros2PP/build/my_waypoint_follower/install.log'
[2.861s] Invoked command in '/home/yiminglinux/Documents/Ros2PP/src/my_waypoint_follower' returned '0': PYTHONPATH=/home/yiminglinux/Documents/Ros2PP/build/my_waypoint_follower/prefix_override:/home/yiminglinux/Documents/Ros2PP/install/my_waypoint_follower/lib/python3.8/site-packages:${PYTHONPATH} /usr/bin/python3 setup.py egg_info --egg-base ../../build/my_waypoint_follower build --build-base /home/yiminglinux/Documents/Ros2PP/build/my_waypoint_follower/build install --record /home/yiminglinux/Documents/Ros2PP/build/my_waypoint_follower/install.log --install-scripts $base/lib/my_waypoint_follower --single-version-externally-managed
