[1.181s] Invoking command in '/home/yiminglinux/Documents/Ros2PP/build/my_waypoint_follower': PYTHONPATH=/home/yiminglinux/Documents/Ros2PP/build/my_waypoint_follower/prefix_override:/home/yiminglinux/Documents/Ros2PP/install/my_waypoint_follower/lib/python3.8/site-packages:${PYTHONPATH} /usr/bin/python3 setup.py develop --uninstall --editable --build-directory /home/yiminglinux/Documents/Ros2PP/build/my_waypoint_follower/build
[1.515s] running develop
[1.747s] Removing /home/yiminglinux/Documents/Ros2PP/install/my_waypoint_follower/lib/python3.8/site-packages/my-waypoint-follower.egg-link (link to .)
[1.770s] Invoked command in '/home/yiminglinux/Documents/Ros2PP/build/my_waypoint_follower' returned '0': PYTHONPATH=/home/yiminglinux/Documents/Ros2PP/build/my_waypoint_follower/prefix_override:/home/yiminglinux/Documents/Ros2PP/install/my_waypoint_follower/lib/python3.8/site-packages:${PYTHONPATH} /usr/bin/python3 setup.py develop --uninstall --editable --build-directory /home/yiminglinux/Documents/Ros2PP/build/my_waypoint_follower/build
[1.771s] Invoking command in '/home/yiminglinux/Documents/Ros2PP/src/my_waypoint_follower': PYTHONPATH=/home/yiminglinux/Documents/Ros2PP/build/my_waypoint_follower/prefix_override:/home/yiminglinux/Documents/Ros2PP/install/my_waypoint_follower/lib/python3.8/site-packages:${PYTHONPATH} /usr/bin/python3 setup.py egg_info --egg-base ../../build/my_waypoint_follower build --build-base /home/yiminglinux/Documents/Ros2PP/build/my_waypoint_follower/build install --record /home/yiminglinux/Documents/Ros2PP/build/my_waypoint_follower/install.log --install-scripts $base/lib/my_waypoint_follower --single-version-externally-managed
[2.041s] running egg_info
[2.042s] writing ../../build/my_waypoint_follower/my_waypoint_follower.egg-info/PKG-INFO
[2.042s] writing dependency_links to ../../build/my_waypoint_follower/my_waypoint_follower.egg-info/dependency_links.txt
[2.042s] writing entry points to ../../build/my_waypoint_follower/my_waypoint_follower.egg-info/entry_points.txt
[2.042s] writing requirements to ../../build/my_waypoint_follower/my_waypoint_follower.egg-info/requires.txt
[2.043s] writing top-level names to ../../build/my_waypoint_follower/my_waypoint_follower.egg-info/top_level.txt
[2.120s] reading manifest file '../../build/my_waypoint_follower/my_waypoint_follower.egg-info/SOURCES.txt'
[2.122s] writing manifest file '../../build/my_waypoint_follower/my_waypoint_follower.egg-info/SOURCES.txt'
[2.122s] running build
[2.122s] running build_py
[2.123s] copying my_waypoint_follower/MPC_ros.py -> /home/yiminglinux/Documents/Ros2PP/build/my_waypoint_follower/build/lib/my_waypoint_follower
[2.123s] copying my_waypoint_follower/waypoint_follower.py -> /home/yiminglinux/Documents/Ros2PP/build/my_waypoint_follower/build/lib/my_waypoint_follower
[2.132s] copying my_waypoint_follower/Opt_wayPoint_Follower.py -> /home/yiminglinux/Documents/Ros2PP/build/my_waypoint_follower/build/lib/my_waypoint_follower
[2.141s] running install
[2.142s] running install_lib
[2.143s] creating /home/yiminglinux/Documents/Ros2PP/install/my_waypoint_follower/lib/python3.8/site-packages/my_waypoint_follower
[2.143s] copying /home/yiminglinux/Documents/Ros2PP/build/my_waypoint_follower/build/lib/my_waypoint_follower/__init__.py -> /home/yiminglinux/Documents/Ros2PP/install/my_waypoint_follower/lib/python3.8/site-packages/my_waypoint_follower
[2.143s] copying /home/yiminglinux/Documents/Ros2PP/build/my_waypoint_follower/build/lib/my_waypoint_follower/MPC_ros.py -> /home/yiminglinux/Documents/Ros2PP/install/my_waypoint_follower/lib/python3.8/site-packages/my_waypoint_follower
[2.143s] copying /home/yiminglinux/Documents/Ros2PP/build/my_waypoint_follower/build/lib/my_waypoint_follower/waypoint_follower.py -> /home/yiminglinux/Documents/Ros2PP/install/my_waypoint_follower/lib/python3.8/site-packages/my_waypoint_follower
[2.144s] copying /home/yiminglinux/Documents/Ros2PP/build/my_waypoint_follower/build/lib/my_waypoint_follower/Opt_wayPoint_Follower.py -> /home/yiminglinux/Documents/Ros2PP/install/my_waypoint_follower/lib/python3.8/site-packages/my_waypoint_follower
[2.144s] copying /home/yiminglinux/Documents/Ros2PP/build/my_waypoint_follower/build/lib/my_waypoint_follower/pose_subscriber.py -> /home/yiminglinux/Documents/Ros2PP/install/my_waypoint_follower/lib/python3.8/site-packages/my_waypoint_follower
[2.152s] byte-compiling /home/yiminglinux/Documents/Ros2PP/install/my_waypoint_follower/lib/python3.8/site-packages/my_waypoint_follower/__init__.py to __init__.cpython-38.pyc
[2.154s] byte-compiling /home/yiminglinux/Documents/Ros2PP/install/my_waypoint_follower/lib/python3.8/site-packages/my_waypoint_follower/MPC_ros.py to MPC_ros.cpython-38.pyc
[2.156s] byte-compiling /home/yiminglinux/Documents/Ros2PP/install/my_waypoint_follower/lib/python3.8/site-packages/my_waypoint_follower/waypoint_follower.py to waypoint_follower.cpython-38.pyc
[2.157s] byte-compiling /home/yiminglinux/Documents/Ros2PP/install/my_waypoint_follower/lib/python3.8/site-packages/my_waypoint_follower/Opt_wayPoint_Follower.py to Opt_wayPoint_Follower.cpython-38.pyc
[2.159s] byte-compiling /home/yiminglinux/Documents/Ros2PP/install/my_waypoint_follower/lib/python3.8/site-packages/my_waypoint_follower/pose_subscriber.py to pose_subscriber.cpython-38.pyc
[2.159s] running install_data
[2.160s] running install_egg_info
[2.162s] Copying ../../build/my_waypoint_follower/my_waypoint_follower.egg-info to /home/yiminglinux/Documents/Ros2PP/install/my_waypoint_follower/lib/python3.8/site-packages/my_waypoint_follower-0.0.0-py3.8.egg-info
[2.170s] running install_scripts
[2.187s] Installing MPC_ros script to /home/yiminglinux/Documents/Ros2PP/install/my_waypoint_follower/lib/my_waypoint_follower
[2.187s] Installing pose_subscriber script to /home/yiminglinux/Documents/Ros2PP/install/my_waypoint_follower/lib/my_waypoint_follower
[2.187s] Installing waypoint_follower script to /home/yiminglinux/Documents/Ros2PP/install/my_waypoint_follower/lib/my_waypoint_follower
[2.188s] writing list of installed files to '/home/yiminglinux/Documents/Ros2PP/build/my_waypoint_follower/install.log'
[2.213s] Invoked command in '/home/yiminglinux/Documents/Ros2PP/src/my_waypoint_follower' returned '0': PYTHONPATH=/home/yiminglinux/Documents/Ros2PP/build/my_waypoint_follower/prefix_override:/home/yiminglinux/Documents/Ros2PP/install/my_waypoint_follower/lib/python3.8/site-packages:${PYTHONPATH} /usr/bin/python3 setup.py egg_info --egg-base ../../build/my_waypoint_follower build --build-base /home/yiminglinux/Documents/Ros2PP/build/my_waypoint_follower/build install --record /home/yiminglinux/Documents/Ros2PP/build/my_waypoint_follower/install.log --install-scripts $base/lib/my_waypoint_follower --single-version-externally-managed
