[0.403s] DEBUG:colcon:Command line arguments: ['/usr/bin/colcon', 'build', '--symlink-install']
[0.403s] DEBUG:colcon:Parsed command line arguments: Namespace(allow_overriding=[], ament_cmake_args=None, base_paths=['.'], build_base='build', catkin_cmake_args=None, catkin_skip_building_tests=False, cmake_args=None, cmake_clean_cache=False, cmake_clean_first=False, cmake_force_configure=False, cmake_target=None, cmake_target_skip_unavailable=False, continue_on_error=False, event_handlers=None, executor='parallel', ignore_user_meta=False, install_base='install', log_base=None, log_level=None, main=<bound method BuildVerb.main of <colcon_core.verb.build.BuildVerb object at 0x7f9b4d4e5af0>>, merge_install=False, metas=['./colcon.meta'], packages_above=None, packages_above_and_dependencies=None, packages_above_depth=None, packages_end=None, packages_ignore=None, packages_ignore_regex=None, packages_select=None, packages_select_build_failed=False, packages_select_by_dep=None, packages_select_regex=None, packages_select_test_failures=False, packages_skip=None, packages_skip_build_finished=False, packages_skip_by_dep=None, packages_skip_regex=None, packages_skip_test_passed=False, packages_skip_up_to=None, packages_start=None, packages_up_to=None, packages_up_to_regex=None, parallel_workers=8, paths=None, symlink_install=True, test_result_base=None, verb_extension=<colcon_core.verb.build.BuildVerb object at 0x7f9b4d4e5af0>, verb_name='build', verb_parser=<colcon_defaults.argument_parser.defaults.DefaultArgumentsDecorator object at 0x7f9b4d579dc0>)
[0.482s] Level 1:colcon.colcon_core.package_discovery:discover_packages(colcon_meta) check parameters
[0.482s] Level 1:colcon.colcon_core.package_discovery:discover_packages(recursive) check parameters
[0.482s] Level 1:colcon.colcon_core.package_discovery:discover_packages(ignore) check parameters
[0.482s] Level 1:colcon.colcon_core.package_discovery:discover_packages(path) check parameters
[0.482s] Level 1:colcon.colcon_core.package_discovery:discover_packages(colcon_meta) discover
[0.482s] Level 1:colcon.colcon_core.package_discovery:discover_packages(recursive) discover
[0.482s] INFO:colcon.colcon_core.package_discovery:Crawling recursively for packages in '/home/yiminglinux/Documents/Ros2PP'
[0.483s] Level 1:colcon.colcon_core.package_identification:_identify(.) by extensions ['ignore', 'ignore_ament_install']
[0.483s] Level 1:colcon.colcon_core.package_identification:_identify(.) by extension 'ignore'
[0.483s] Level 1:colcon.colcon_core.package_identification:_identify(.) by extension 'ignore_ament_install'
[0.483s] Level 1:colcon.colcon_core.package_identification:_identify(.) by extensions ['colcon_pkg']
[0.483s] Level 1:colcon.colcon_core.package_identification:_identify(.) by extension 'colcon_pkg'
[0.483s] Level 1:colcon.colcon_core.package_identification:_identify(.) by extensions ['colcon_meta']
[0.483s] Level 1:colcon.colcon_core.package_identification:_identify(.) by extension 'colcon_meta'
[0.483s] Level 1:colcon.colcon_core.package_identification:_identify(.) by extensions ['ros']
[0.483s] Level 1:colcon.colcon_core.package_identification:_identify(.) by extension 'ros'
[0.493s] Level 1:colcon.colcon_core.package_identification:_identify(.) by extensions ['cmake', 'python']
[0.494s] Level 1:colcon.colcon_core.package_identification:_identify(.) by extension 'cmake'
[0.494s] Level 1:colcon.colcon_core.package_identification:_identify(.) by extension 'python'
[0.494s] Level 1:colcon.colcon_core.package_identification:_identify(.) by extensions ['python_setup_py']
[0.494s] Level 1:colcon.colcon_core.package_identification:_identify(.) by extension 'python_setup_py'
[0.494s] Level 1:colcon.colcon_core.package_identification:_identify(build) by extensions ['ignore', 'ignore_ament_install']
[0.494s] Level 1:colcon.colcon_core.package_identification:_identify(build) by extension 'ignore'
[0.494s] Level 1:colcon.colcon_core.package_identification:_identify(build) ignored
[0.494s] Level 1:colcon.colcon_core.package_identification:_identify(install) by extensions ['ignore', 'ignore_ament_install']
[0.494s] Level 1:colcon.colcon_core.package_identification:_identify(install) by extension 'ignore'
[0.494s] Level 1:colcon.colcon_core.package_identification:_identify(install) ignored
[0.495s] Level 1:colcon.colcon_core.package_identification:_identify(log) by extensions ['ignore', 'ignore_ament_install']
[0.495s] Level 1:colcon.colcon_core.package_identification:_identify(log) by extension 'ignore'
[0.495s] Level 1:colcon.colcon_core.package_identification:_identify(log) ignored
[0.495s] Level 1:colcon.colcon_core.package_identification:_identify(src) by extensions ['ignore', 'ignore_ament_install']
[0.495s] Level 1:colcon.colcon_core.package_identification:_identify(src) by extension 'ignore'
[0.495s] Level 1:colcon.colcon_core.package_identification:_identify(src) by extension 'ignore_ament_install'
[0.495s] Level 1:colcon.colcon_core.package_identification:_identify(src) by extensions ['colcon_pkg']
[0.495s] Level 1:colcon.colcon_core.package_identification:_identify(src) by extension 'colcon_pkg'
[0.495s] Level 1:colcon.colcon_core.package_identification:_identify(src) by extensions ['colcon_meta']
[0.495s] Level 1:colcon.colcon_core.package_identification:_identify(src) by extension 'colcon_meta'
[0.495s] Level 1:colcon.colcon_core.package_identification:_identify(src) by extensions ['ros']
[0.495s] Level 1:colcon.colcon_core.package_identification:_identify(src) by extension 'ros'
[0.495s] Level 1:colcon.colcon_core.package_identification:_identify(src) by extensions ['cmake', 'python']
[0.495s] Level 1:colcon.colcon_core.package_identification:_identify(src) by extension 'cmake'
[0.495s] Level 1:colcon.colcon_core.package_identification:_identify(src) by extension 'python'
[0.496s] Level 1:colcon.colcon_core.package_identification:_identify(src) by extensions ['python_setup_py']
[0.496s] Level 1:colcon.colcon_core.package_identification:_identify(src) by extension 'python_setup_py'
[0.496s] Level 1:colcon.colcon_core.package_identification:_identify(src/my_waypoint_follower) by extensions ['ignore', 'ignore_ament_install']
[0.496s] Level 1:colcon.colcon_core.package_identification:_identify(src/my_waypoint_follower) by extension 'ignore'
[0.496s] Level 1:colcon.colcon_core.package_identification:_identify(src/my_waypoint_follower) by extension 'ignore_ament_install'
[0.496s] Level 1:colcon.colcon_core.package_identification:_identify(src/my_waypoint_follower) by extensions ['colcon_pkg']
[0.496s] Level 1:colcon.colcon_core.package_identification:_identify(src/my_waypoint_follower) by extension 'colcon_pkg'
[0.496s] Level 1:colcon.colcon_core.package_identification:_identify(src/my_waypoint_follower) by extensions ['colcon_meta']
[0.496s] Level 1:colcon.colcon_core.package_identification:_identify(src/my_waypoint_follower) by extension 'colcon_meta'
[0.496s] Level 1:colcon.colcon_core.package_identification:_identify(src/my_waypoint_follower) by extensions ['ros']
[0.496s] Level 1:colcon.colcon_core.package_identification:_identify(src/my_waypoint_follower) by extension 'ros'
[0.499s] DEBUG:colcon.colcon_core.package_identification:Package 'src/my_waypoint_follower' with type 'ros.ament_python' and name 'my_waypoint_follower'
[0.500s] Level 1:colcon.colcon_core.package_discovery:discover_packages(recursive) using defaults
[0.500s] Level 1:colcon.colcon_core.package_discovery:discover_packages(ignore) discover
[0.500s] Level 1:colcon.colcon_core.package_discovery:discover_packages(ignore) using defaults
[0.500s] Level 1:colcon.colcon_core.package_discovery:discover_packages(path) discover
[0.500s] Level 1:colcon.colcon_core.package_discovery:discover_packages(path) using defaults
[0.525s] Level 1:colcon.colcon_core.package_discovery:discover_packages(prefix_path) check parameters
[0.525s] Level 1:colcon.colcon_core.package_discovery:discover_packages(prefix_path) discover
[0.565s] DEBUG:colcon.colcon_installed_package_information.package_discovery:Found 1 installed packages in /home/yiminglinux/Masters/ros2_ws/install
[0.568s] DEBUG:colcon.colcon_installed_package_information.package_discovery:Found 265 installed packages in /opt/ros/foxy
[0.571s] Level 1:colcon.colcon_core.package_discovery:discover_packages(prefix_path) using defaults
[1.046s] Level 5:colcon.colcon_core.verb:set package 'my_waypoint_follower' build argument 'cmake_args' from command line to 'None'
[1.046s] Level 5:colcon.colcon_core.verb:set package 'my_waypoint_follower' build argument 'cmake_target' from command line to 'None'
[1.046s] Level 5:colcon.colcon_core.verb:set package 'my_waypoint_follower' build argument 'cmake_target_skip_unavailable' from command line to 'False'
[1.046s] Level 5:colcon.colcon_core.verb:set package 'my_waypoint_follower' build argument 'cmake_clean_cache' from command line to 'False'
[1.046s] Level 5:colcon.colcon_core.verb:set package 'my_waypoint_follower' build argument 'cmake_clean_first' from command line to 'False'
[1.046s] Level 5:colcon.colcon_core.verb:set package 'my_waypoint_follower' build argument 'cmake_force_configure' from command line to 'False'
[1.046s] Level 5:colcon.colcon_core.verb:set package 'my_waypoint_follower' build argument 'ament_cmake_args' from command line to 'None'
[1.046s] Level 5:colcon.colcon_core.verb:set package 'my_waypoint_follower' build argument 'catkin_cmake_args' from command line to 'None'
[1.046s] Level 5:colcon.colcon_core.verb:set package 'my_waypoint_follower' build argument 'catkin_skip_building_tests' from command line to 'False'
[1.046s] DEBUG:colcon.colcon_core.verb:Building package 'my_waypoint_follower' with the following arguments: {'ament_cmake_args': None, 'build_base': '/home/yiminglinux/Documents/Ros2PP/build/my_waypoint_follower', 'catkin_cmake_args': None, 'catkin_skip_building_tests': False, 'cmake_args': None, 'cmake_clean_cache': False, 'cmake_clean_first': False, 'cmake_force_configure': False, 'cmake_target': None, 'cmake_target_skip_unavailable': False, 'install_base': '/home/yiminglinux/Documents/Ros2PP/install/my_waypoint_follower', 'merge_install': False, 'path': '/home/yiminglinux/Documents/Ros2PP/src/my_waypoint_follower', 'symlink_install': True, 'test_result_base': None}
[1.048s] INFO:colcon.colcon_core.executor:Executing jobs using 'parallel' executor
[1.057s] DEBUG:colcon.colcon_parallel_executor.executor.parallel:run_until_complete
[1.058s] INFO:colcon.colcon_ros.task.ament_python.build:Building ROS package in '/home/yiminglinux/Documents/Ros2PP/src/my_waypoint_follower' with build type 'ament_python'
[1.058s] Level 1:colcon.colcon_core.shell:create_environment_hook('my_waypoint_follower', 'ament_prefix_path')
[1.104s] INFO:colcon.colcon_core.plugin_system:Skipping extension 'colcon_core.shell.bat': Not used on non-Windows systems
[1.105s] INFO:colcon.colcon_core.shell:Creating environment hook '/home/yiminglinux/Documents/Ros2PP/install/my_waypoint_follower/share/my_waypoint_follower/hook/ament_prefix_path.ps1'
[1.109s] INFO:colcon.colcon_core.shell:Creating environment descriptor '/home/yiminglinux/Documents/Ros2PP/install/my_waypoint_follower/share/my_waypoint_follower/hook/ament_prefix_path.dsv'
[1.117s] INFO:colcon.colcon_core.shell:Creating environment hook '/home/yiminglinux/Documents/Ros2PP/install/my_waypoint_follower/share/my_waypoint_follower/hook/ament_prefix_path.sh'
[1.122s] INFO:colcon.colcon_core.shell:Skip shell extension 'powershell' for command environment: Not usable outside of PowerShell
[1.122s] DEBUG:colcon.colcon_core.shell:Skip shell extension 'dsv' for command environment
[1.406s] INFO:colcon.colcon_core.task.python.build:Building Python package in '/home/yiminglinux/Documents/Ros2PP/src/my_waypoint_follower'
[1.412s] INFO:colcon.colcon_core.shell:Skip shell extension 'powershell' for command environment: Not usable outside of PowerShell
[1.412s] DEBUG:colcon.colcon_core.shell:Skip shell extension 'dsv' for command environment
[2.218s] DEBUG:colcon.colcon_core.event_handler.log_command:Invoking command in '/home/yiminglinux/Documents/Ros2PP/build/my_waypoint_follower': PYTHONPATH=/home/yiminglinux/Documents/Ros2PP/build/my_waypoint_follower/prefix_override:/home/yiminglinux/Documents/Ros2PP/install/my_waypoint_follower/lib/python3.8/site-packages:${PYTHONPATH} /usr/bin/python3 setup.py develop --editable --build-directory /home/yiminglinux/Documents/Ros2PP/build/my_waypoint_follower/build --no-deps install_data
[2.781s] Level 1:colcon.colcon_core.shell:create_environment_hook('my_waypoint_follower', 'pythonpath_develop')
[2.785s] INFO:colcon.colcon_core.shell:Creating environment hook '/home/yiminglinux/Documents/Ros2PP/build/my_waypoint_follower/share/my_waypoint_follower/hook/pythonpath_develop.ps1'
[2.786s] DEBUG:colcon.colcon_core.event_handler.log_command:Invoked command in '/home/yiminglinux/Documents/Ros2PP/build/my_waypoint_follower' returned '0': PYTHONPATH=/home/yiminglinux/Documents/Ros2PP/build/my_waypoint_follower/prefix_override:/home/yiminglinux/Documents/Ros2PP/install/my_waypoint_follower/lib/python3.8/site-packages:${PYTHONPATH} /usr/bin/python3 setup.py develop --editable --build-directory /home/yiminglinux/Documents/Ros2PP/build/my_waypoint_follower/build --no-deps install_data
[2.786s] INFO:colcon.colcon_core.shell:Creating environment descriptor '/home/yiminglinux/Documents/Ros2PP/build/my_waypoint_follower/share/my_waypoint_follower/hook/pythonpath_develop.dsv'
[2.787s] INFO:colcon.colcon_core.shell:Creating environment hook '/home/yiminglinux/Documents/Ros2PP/build/my_waypoint_follower/share/my_waypoint_follower/hook/pythonpath_develop.sh'
[2.840s] Level 1:colcon.colcon_core.environment:checking '/home/yiminglinux/Documents/Ros2PP/install/my_waypoint_follower' for CMake module files
[2.840s] Level 1:colcon.colcon_core.environment:checking '/home/yiminglinux/Documents/Ros2PP/install/my_waypoint_follower' for CMake config files
[2.841s] Level 1:colcon.colcon_core.environment:checking '/home/yiminglinux/Documents/Ros2PP/install/my_waypoint_follower/lib'
[2.841s] Level 1:colcon.colcon_core.environment:checking '/home/yiminglinux/Documents/Ros2PP/install/my_waypoint_follower/bin'
[2.841s] Level 1:colcon.colcon_core.environment:checking '/home/yiminglinux/Documents/Ros2PP/install/my_waypoint_follower/lib/pkgconfig/my_waypoint_follower.pc'
[2.841s] Level 1:colcon.colcon_core.environment:checking '/home/yiminglinux/Documents/Ros2PP/install/my_waypoint_follower/lib/python3.8/site-packages'
[2.841s] Level 1:colcon.colcon_core.shell:create_environment_hook('my_waypoint_follower', 'pythonpath')
[2.845s] INFO:colcon.colcon_core.shell:Creating environment hook '/home/yiminglinux/Documents/Ros2PP/install/my_waypoint_follower/share/my_waypoint_follower/hook/pythonpath.ps1'
[2.846s] INFO:colcon.colcon_core.shell:Creating environment descriptor '/home/yiminglinux/Documents/Ros2PP/install/my_waypoint_follower/share/my_waypoint_follower/hook/pythonpath.dsv'
[2.847s] INFO:colcon.colcon_core.shell:Creating environment hook '/home/yiminglinux/Documents/Ros2PP/install/my_waypoint_follower/share/my_waypoint_follower/hook/pythonpath.sh'
[2.847s] Level 1:colcon.colcon_core.environment:checking '/home/yiminglinux/Documents/Ros2PP/install/my_waypoint_follower/bin'
[2.848s] Level 1:colcon.colcon_core.environment:create_environment_scripts_only(my_waypoint_follower)
[2.852s] INFO:colcon.colcon_core.shell:Creating package script '/home/yiminglinux/Documents/Ros2PP/install/my_waypoint_follower/share/my_waypoint_follower/package.ps1'
[2.860s] INFO:colcon.colcon_core.shell:Creating package descriptor '/home/yiminglinux/Documents/Ros2PP/install/my_waypoint_follower/share/my_waypoint_follower/package.dsv'
[2.867s] INFO:colcon.colcon_core.shell:Creating package script '/home/yiminglinux/Documents/Ros2PP/install/my_waypoint_follower/share/my_waypoint_follower/package.sh'
[2.868s] INFO:colcon.colcon_core.shell:Creating package script '/home/yiminglinux/Documents/Ros2PP/install/my_waypoint_follower/share/my_waypoint_follower/package.bash'
[2.878s] INFO:colcon.colcon_core.shell:Creating package script '/home/yiminglinux/Documents/Ros2PP/install/my_waypoint_follower/share/my_waypoint_follower/package.zsh'
[2.881s] Level 1:colcon.colcon_core.environment:create_file_with_runtime_dependencies(/home/yiminglinux/Documents/Ros2PP/install/my_waypoint_follower/share/colcon-core/packages/my_waypoint_follower)
[2.881s] DEBUG:colcon.colcon_parallel_executor.executor.parallel:closing loop
[2.882s] DEBUG:colcon.colcon_parallel_executor.executor.parallel:loop closed
[2.882s] DEBUG:colcon.colcon_parallel_executor.executor.parallel:run_until_complete finished with '0'
[2.882s] DEBUG:colcon.colcon_core.event_reactor:joining thread
[2.898s] INFO:colcon.colcon_core.plugin_system:Skipping extension 'colcon_notification.desktop_notification.terminal_notifier': Not used on non-Darwin systems
[2.899s] INFO:colcon.colcon_core.plugin_system:Skipping extension 'colcon_notification.desktop_notification.win32': Not used on non-Windows systems
[2.899s] INFO:colcon.colcon_notification.desktop_notification:Sending desktop notification using 'notify2'
[2.947s] DEBUG:colcon.colcon_core.event_reactor:joined thread
[2.966s] INFO:colcon.colcon_core.shell:Creating prefix script '/home/yiminglinux/Documents/Ros2PP/install/local_setup.ps1'
[2.972s] INFO:colcon.colcon_core.shell:Creating prefix util module '/home/yiminglinux/Documents/Ros2PP/install/_local_setup_util_ps1.py'
[2.978s] INFO:colcon.colcon_core.shell:Creating prefix chain script '/home/yiminglinux/Documents/Ros2PP/install/setup.ps1'
[2.986s] INFO:colcon.colcon_core.shell:Creating prefix script '/home/yiminglinux/Documents/Ros2PP/install/local_setup.sh'
[2.989s] INFO:colcon.colcon_core.shell:Creating prefix util module '/home/yiminglinux/Documents/Ros2PP/install/_local_setup_util_sh.py'
[2.992s] INFO:colcon.colcon_core.shell:Creating prefix chain script '/home/yiminglinux/Documents/Ros2PP/install/setup.sh'
[3.002s] INFO:colcon.colcon_core.shell:Creating prefix script '/home/yiminglinux/Documents/Ros2PP/install/local_setup.bash'
[3.004s] INFO:colcon.colcon_core.shell:Creating prefix chain script '/home/yiminglinux/Documents/Ros2PP/install/setup.bash'
[3.013s] INFO:colcon.colcon_core.shell:Creating prefix script '/home/yiminglinux/Documents/Ros2PP/install/local_setup.zsh'
[3.014s] INFO:colcon.colcon_core.shell:Creating prefix chain script '/home/yiminglinux/Documents/Ros2PP/install/setup.zsh'
