[1.336s] Invoking command in '/home/yiminglinux/Documents/Ros2PP/build/my_waypoint_follower': PYTHONPATH=/home/yiminglinux/Documents/Ros2PP/build/my_waypoint_follower/prefix_override:/home/yiminglinux/Documents/Ros2PP/install/my_waypoint_follower/lib/python3.8/site-packages:${PYTHONPATH} /usr/bin/python3 setup.py develop --editable --build-directory /home/yiminglinux/Documents/Ros2PP/build/my_waypoint_follower/build --no-deps install_data
[1.587s] running develop
[1.744s] running egg_info
[1.744s] writing my_waypoint_follower.egg-info/PKG-INFO
[1.745s] writing dependency_links to my_waypoint_follower.egg-info/dependency_links.txt
[1.745s] writing entry points to my_waypoint_follower.egg-info/entry_points.txt
[1.745s] writing requirements to my_waypoint_follower.egg-info/requires.txt
[1.745s] writing top-level names to my_waypoint_follower.egg-info/top_level.txt
[1.779s] reading manifest file 'my_waypoint_follower.egg-info/SOURCES.txt'
[1.780s] writing manifest file 'my_waypoint_follower.egg-info/SOURCES.txt'
[1.819s] running build_ext
[1.820s] Creating /home/yiminglinux/Documents/Ros2PP/install/my_waypoint_follower/lib/python3.8/site-packages/my-waypoint-follower.egg-link (link to .)
[1.820s] Installing MPC_ros script to /home/yiminglinux/Documents/Ros2PP/install/my_waypoint_follower/lib/my_waypoint_follower
[1.821s] Installing Opt_MPC script to /home/yiminglinux/Documents/Ros2PP/install/my_waypoint_follower/lib/my_waypoint_follower
[1.821s] Installing Opt_PurePursuit script to /home/yiminglinux/Documents/Ros2PP/install/my_waypoint_follower/lib/my_waypoint_follower
[1.821s] Installing purePursuit_ros script to /home/yiminglinux/Documents/Ros2PP/install/my_waypoint_follower/lib/my_waypoint_follower
[1.821s] 
[1.821s] Installed /home/yiminglinux/Documents/Ros2PP/build/my_waypoint_follower
[1.821s] running install_data
[1.856s] Invoked command in '/home/yiminglinux/Documents/Ros2PP/build/my_waypoint_follower' returned '0': PYTHONPATH=/home/yiminglinux/Documents/Ros2PP/build/my_waypoint_follower/prefix_override:/home/yiminglinux/Documents/Ros2PP/install/my_waypoint_follower/lib/python3.8/site-packages:${PYTHONPATH} /usr/bin/python3 setup.py develop --editable --build-directory /home/yiminglinux/Documents/Ros2PP/build/my_waypoint_follower/build --no-deps install_data
