/home/yiminglinux/Documents/Ros2PP/install/my_waypoint_follower/lib/python3.8/site-packages/my_waypoint_follower/__init__.py
/home/yiminglinux/Documents/Ros2PP/install/my_waypoint_follower/lib/python3.8/site-packages/my_waypoint_follower/MPC_ros.py
/home/yiminglinux/Documents/Ros2PP/install/my_waypoint_follower/lib/python3.8/site-packages/my_waypoint_follower/graph_plot.py
/home/yiminglinux/Documents/Ros2PP/install/my_waypoint_follower/lib/python3.8/site-packages/my_waypoint_follower/waypoint_follower.py
/home/yiminglinux/Documents/Ros2PP/install/my_waypoint_follower/lib/python3.8/site-packages/my_waypoint_follower/Opt_wayPoint_Follower.py
/home/yiminglinux/Documents/Ros2PP/install/my_waypoint_follower/lib/python3.8/site-packages/my_waypoint_follower/pose_subscriber.py
/home/yiminglinux/Documents/Ros2PP/install/my_waypoint_follower/lib/python3.8/site-packages/my_waypoint_follower/__pycache__/__init__.cpython-38.pyc
/home/yiminglinux/Documents/Ros2PP/install/my_waypoint_follower/lib/python3.8/site-packages/my_waypoint_follower/__pycache__/MPC_ros.cpython-38.pyc
/home/yiminglinux/Documents/Ros2PP/install/my_waypoint_follower/lib/python3.8/site-packages/my_waypoint_follower/__pycache__/graph_plot.cpython-38.pyc
/home/yiminglinux/Documents/Ros2PP/install/my_waypoint_follower/lib/python3.8/site-packages/my_waypoint_follower/__pycache__/waypoint_follower.cpython-38.pyc
/home/yiminglinux/Documents/Ros2PP/install/my_waypoint_follower/lib/python3.8/site-packages/my_waypoint_follower/__pycache__/Opt_wayPoint_Follower.cpython-38.pyc
/home/yiminglinux/Documents/Ros2PP/install/my_waypoint_follower/lib/python3.8/site-packages/my_waypoint_follower/__pycache__/pose_subscriber.cpython-38.pyc
/home/yiminglinux/Documents/Ros2PP/install/my_waypoint_follower/share/ament_index/resource_index/packages/my_waypoint_follower
/home/yiminglinux/Documents/Ros2PP/install/my_waypoint_follower/share/my_waypoint_follower/package.xml
/home/yiminglinux/Documents/Ros2PP/install/my_waypoint_follower/lib/python3.8/site-packages/my_waypoint_follower-0.0.0-py3.8.egg-info/top_level.txt
/home/yiminglinux/Documents/Ros2PP/install/my_waypoint_follower/lib/python3.8/site-packages/my_waypoint_follower-0.0.0-py3.8.egg-info/SOURCES.txt
/home/yiminglinux/Documents/Ros2PP/install/my_waypoint_follower/lib/python3.8/site-packages/my_waypoint_follower-0.0.0-py3.8.egg-info/requires.txt
/home/yiminglinux/Documents/Ros2PP/install/my_waypoint_follower/lib/python3.8/site-packages/my_waypoint_follower-0.0.0-py3.8.egg-info/dependency_links.txt
/home/yiminglinux/Documents/Ros2PP/install/my_waypoint_follower/lib/python3.8/site-packages/my_waypoint_follower-0.0.0-py3.8.egg-info/entry_points.txt
/home/yiminglinux/Documents/Ros2PP/install/my_waypoint_follower/lib/python3.8/site-packages/my_waypoint_follower-0.0.0-py3.8.egg-info/zip-safe
/home/yiminglinux/Documents/Ros2PP/install/my_waypoint_follower/lib/python3.8/site-packages/my_waypoint_follower-0.0.0-py3.8.egg-info/PKG-INFO
/home/yiminglinux/Documents/Ros2PP/install/my_waypoint_follower/lib/my_waypoint_follower/MPC_ros
/home/yiminglinux/Documents/Ros2PP/install/my_waypoint_follower/lib/my_waypoint_follower/Opt_wayPoint_Follower
/home/yiminglinux/Documents/Ros2PP/install/my_waypoint_follower/lib/my_waypoint_follower/pose_subscriber
/home/yiminglinux/Documents/Ros2PP/install/my_waypoint_follower/lib/my_waypoint_follower/waypoint_follower
