[0.980s] Invoking command in '/home/yiminglinux/Documents/Ros2PP/build/my_waypoint_follower': PYTHONPATH=/home/yiminglinux/Documents/Ros2PP/build/my_waypoint_follower/prefix_override:/home/yiminglinux/Documents/Ros2PP/install/my_waypoint_follower/lib/python3.8/site-packages:${PYTHONPATH} /usr/bin/python3 setup.py develop --uninstall --editable --build-directory /home/yiminglinux/Documents/Ros2PP/build/my_waypoint_follower/build
[1.203s] running develop
[1.369s] Removing /home/yiminglinux/Documents/Ros2PP/install/my_waypoint_follower/lib/python3.8/site-packages/my-waypoint-follower.egg-link (link to .)
[1.385s] Invoked command in '/home/yiminglinux/Documents/Ros2PP/build/my_waypoint_follower' returned '0': PYTHONPATH=/home/yiminglinux/Documents/Ros2PP/build/my_waypoint_follower/prefix_override:/home/yiminglinux/Documents/Ros2PP/install/my_waypoint_follower/lib/python3.8/site-packages:${PYTHONPATH} /usr/bin/python3 setup.py develop --uninstall --editable --build-directory /home/yiminglinux/Documents/Ros2PP/build/my_waypoint_follower/build
[1.387s] Invoking command in '/home/yiminglinux/Documents/Ros2PP/src/my_waypoint_follower': PYTHONPATH=/home/yiminglinux/Documents/Ros2PP/build/my_waypoint_follower/prefix_override:/home/yiminglinux/Documents/Ros2PP/install/my_waypoint_follower/lib/python3.8/site-packages:${PYTHONPATH} /usr/bin/python3 setup.py egg_info --egg-base ../../build/my_waypoint_follower build --build-base /home/yiminglinux/Documents/Ros2PP/build/my_waypoint_follower/build install --record /home/yiminglinux/Documents/Ros2PP/build/my_waypoint_follower/install.log --install-scripts $base/lib/my_waypoint_follower --single-version-externally-managed
[1.576s] running egg_info
[1.576s] writing ../../build/my_waypoint_follower/my_waypoint_follower.egg-info/PKG-INFO
[1.576s] writing dependency_links to ../../build/my_waypoint_follower/my_waypoint_follower.egg-info/dependency_links.txt
[1.576s] writing entry points to ../../build/my_waypoint_follower/my_waypoint_follower.egg-info/entry_points.txt
[1.577s] writing requirements to ../../build/my_waypoint_follower/my_waypoint_follower.egg-info/requires.txt
[1.577s] writing top-level names to ../../build/my_waypoint_follower/my_waypoint_follower.egg-info/top_level.txt
[1.625s] reading manifest file '../../build/my_waypoint_follower/my_waypoint_follower.egg-info/SOURCES.txt'
[1.644s] writing manifest file '../../build/my_waypoint_follower/my_waypoint_follower.egg-info/SOURCES.txt'
[1.644s] running build
[1.644s] running build_py
[1.658s] copying my_waypoint_follower/MPC_ros.py -> /home/yiminglinux/Documents/Ros2PP/build/my_waypoint_follower/build/lib/my_waypoint_follower
[1.658s] copying my_waypoint_follower/graph_plot.py -> /home/yiminglinux/Documents/Ros2PP/build/my_waypoint_follower/build/lib/my_waypoint_follower
[1.658s] copying my_waypoint_follower/waypoint_follower.py -> /home/yiminglinux/Documents/Ros2PP/build/my_waypoint_follower/build/lib/my_waypoint_follower
[1.658s] copying my_waypoint_follower/Opt_wayPoint_Follower.py -> /home/yiminglinux/Documents/Ros2PP/build/my_waypoint_follower/build/lib/my_waypoint_follower
[1.659s] running install
[1.659s] running install_lib
[1.660s] creating /home/yiminglinux/Documents/Ros2PP/install/my_waypoint_follower/lib/python3.8/site-packages/my_waypoint_follower
[1.660s] copying /home/yiminglinux/Documents/Ros2PP/build/my_waypoint_follower/build/lib/my_waypoint_follower/__init__.py -> /home/yiminglinux/Documents/Ros2PP/install/my_waypoint_follower/lib/python3.8/site-packages/my_waypoint_follower
[1.661s] copying /home/yiminglinux/Documents/Ros2PP/build/my_waypoint_follower/build/lib/my_waypoint_follower/MPC_ros.py -> /home/yiminglinux/Documents/Ros2PP/install/my_waypoint_follower/lib/python3.8/site-packages/my_waypoint_follower
[1.661s] copying /home/yiminglinux/Documents/Ros2PP/build/my_waypoint_follower/build/lib/my_waypoint_follower/graph_plot.py -> /home/yiminglinux/Documents/Ros2PP/install/my_waypoint_follower/lib/python3.8/site-packages/my_waypoint_follower
[1.661s] copying /home/yiminglinux/Documents/Ros2PP/build/my_waypoint_follower/build/lib/my_waypoint_follower/waypoint_follower.py -> /home/yiminglinux/Documents/Ros2PP/install/my_waypoint_follower/lib/python3.8/site-packages/my_waypoint_follower
[1.661s] copying /home/yiminglinux/Documents/Ros2PP/build/my_waypoint_follower/build/lib/my_waypoint_follower/Opt_wayPoint_Follower.py -> /home/yiminglinux/Documents/Ros2PP/install/my_waypoint_follower/lib/python3.8/site-packages/my_waypoint_follower
[1.661s] copying /home/yiminglinux/Documents/Ros2PP/build/my_waypoint_follower/build/lib/my_waypoint_follower/pose_subscriber.py -> /home/yiminglinux/Documents/Ros2PP/install/my_waypoint_follower/lib/python3.8/site-packages/my_waypoint_follower
[1.698s] byte-compiling /home/yiminglinux/Documents/Ros2PP/install/my_waypoint_follower/lib/python3.8/site-packages/my_waypoint_follower/__init__.py to __init__.cpython-38.pyc
[1.700s] byte-compiling /home/yiminglinux/Documents/Ros2PP/install/my_waypoint_follower/lib/python3.8/site-packages/my_waypoint_follower/MPC_ros.py to MPC_ros.cpython-38.pyc
[1.703s] byte-compiling /home/yiminglinux/Documents/Ros2PP/install/my_waypoint_follower/lib/python3.8/site-packages/my_waypoint_follower/graph_plot.py to graph_plot.cpython-38.pyc
[1.704s] byte-compiling /home/yiminglinux/Documents/Ros2PP/install/my_waypoint_follower/lib/python3.8/site-packages/my_waypoint_follower/waypoint_follower.py to waypoint_follower.cpython-38.pyc
[1.707s] byte-compiling /home/yiminglinux/Documents/Ros2PP/install/my_waypoint_follower/lib/python3.8/site-packages/my_waypoint_follower/Opt_wayPoint_Follower.py to Opt_wayPoint_Follower.cpython-38.pyc
[1.710s] byte-compiling /home/yiminglinux/Documents/Ros2PP/install/my_waypoint_follower/lib/python3.8/site-packages/my_waypoint_follower/pose_subscriber.py to pose_subscriber.cpython-38.pyc
[1.710s] running install_data
[1.711s] running install_egg_info
[1.714s] Copying ../../build/my_waypoint_follower/my_waypoint_follower.egg-info to /home/yiminglinux/Documents/Ros2PP/install/my_waypoint_follower/lib/python3.8/site-packages/my_waypoint_follower-0.0.0-py3.8.egg-info
[1.724s] running install_scripts
[1.749s] Installing MPC_ros script to /home/yiminglinux/Documents/Ros2PP/install/my_waypoint_follower/lib/my_waypoint_follower
[1.750s] Installing Opt_wayPoint_Follower script to /home/yiminglinux/Documents/Ros2PP/install/my_waypoint_follower/lib/my_waypoint_follower
[1.750s] Installing pose_subscriber script to /home/yiminglinux/Documents/Ros2PP/install/my_waypoint_follower/lib/my_waypoint_follower
[1.750s] Installing waypoint_follower script to /home/yiminglinux/Documents/Ros2PP/install/my_waypoint_follower/lib/my_waypoint_follower
[1.750s] writing list of installed files to '/home/yiminglinux/Documents/Ros2PP/build/my_waypoint_follower/install.log'
[1.768s] Invoked command in '/home/yiminglinux/Documents/Ros2PP/src/my_waypoint_follower' returned '0': PYTHONPATH=/home/yiminglinux/Documents/Ros2PP/build/my_waypoint_follower/prefix_override:/home/yiminglinux/Documents/Ros2PP/install/my_waypoint_follower/lib/python3.8/site-packages:${PYTHONPATH} /usr/bin/python3 setup.py egg_info --egg-base ../../build/my_waypoint_follower build --build-base /home/yiminglinux/Documents/Ros2PP/build/my_waypoint_follower/build install --record /home/yiminglinux/Documents/Ros2PP/build/my_waypoint_follower/install.log --install-scripts $base/lib/my_waypoint_follower --single-version-externally-managed
