[3.309s] DEBUG:colcon:Command line arguments: ['/usr/bin/colcon', 'build', '--symlink-install']
[3.310s] DEBUG:colcon:Parsed command line arguments: Namespace(allow_overriding=[], ament_cmake_args=None, base_paths=['.'], build_base='build', catkin_cmake_args=None, catkin_skip_building_tests=False, cmake_args=None, cmake_clean_cache=False, cmake_clean_first=False, cmake_force_configure=False, cmake_target=None, cmake_target_skip_unavailable=False, continue_on_error=False, event_handlers=None, executor='parallel', ignore_user_meta=False, install_base='install', log_base=None, log_level=None, main=<bound method BuildVerb.main of <colcon_core.verb.build.BuildVerb object at 0x7f194fe978b0>>, merge_install=False, metas=['./colcon.meta'], packages_above=None, packages_above_and_dependencies=None, packages_above_depth=None, packages_end=None, packages_ignore=None, packages_ignore_regex=None, packages_select=None, packages_select_build_failed=False, packages_select_by_dep=None, packages_select_regex=None, packages_select_test_failures=False, packages_skip=None, packages_skip_build_finished=False, packages_skip_by_dep=None, packages_skip_regex=None, packages_skip_test_passed=False, packages_skip_up_to=None, packages_start=None, packages_up_to=None, packages_up_to_regex=None, parallel_workers=8, paths=None, symlink_install=True, test_result_base=None, verb_extension=<colcon_core.verb.build.BuildVerb object at 0x7f194fe978b0>, verb_name='build', verb_parser=<colcon_defaults.argument_parser.defaults.DefaultArgumentsDecorator object at 0x7f194faf39d0>)
[3.434s] Level 1:colcon.colcon_core.package_discovery:discover_packages(colcon_meta) check parameters
[3.434s] Level 1:colcon.colcon_core.package_discovery:discover_packages(recursive) check parameters
[3.434s] Level 1:colcon.colcon_core.package_discovery:discover_packages(ignore) check parameters
[3.434s] Level 1:colcon.colcon_core.package_discovery:discover_packages(path) check parameters
[3.434s] Level 1:colcon.colcon_core.package_discovery:discover_packages(colcon_meta) discover
[3.434s] Level 1:colcon.colcon_core.package_discovery:discover_packages(recursive) discover
[3.434s] INFO:colcon.colcon_core.package_discovery:Crawling recursively for packages in '/home/yiminglinux/Documents/Ros2PP'
[3.434s] Level 1:colcon.colcon_core.package_identification:_identify(.) by extensions ['ignore', 'ignore_ament_install']
[3.434s] Level 1:colcon.colcon_core.package_identification:_identify(.) by extension 'ignore'
[3.434s] Level 1:colcon.colcon_core.package_identification:_identify(.) by extension 'ignore_ament_install'
[3.434s] Level 1:colcon.colcon_core.package_identification:_identify(.) by extensions ['colcon_pkg']
[3.434s] Level 1:colcon.colcon_core.package_identification:_identify(.) by extension 'colcon_pkg'
[3.435s] Level 1:colcon.colcon_core.package_identification:_identify(.) by extensions ['colcon_meta']
[3.435s] Level 1:colcon.colcon_core.package_identification:_identify(.) by extension 'colcon_meta'
[3.435s] Level 1:colcon.colcon_core.package_identification:_identify(.) by extensions ['ros']
[3.435s] Level 1:colcon.colcon_core.package_identification:_identify(.) by extension 'ros'
[3.446s] Level 1:colcon.colcon_core.package_identification:_identify(.) by extensions ['cmake', 'python']
[3.446s] Level 1:colcon.colcon_core.package_identification:_identify(.) by extension 'cmake'
[3.446s] Level 1:colcon.colcon_core.package_identification:_identify(.) by extension 'python'
[3.446s] Level 1:colcon.colcon_core.package_identification:_identify(.) by extensions ['python_setup_py']
[3.446s] Level 1:colcon.colcon_core.package_identification:_identify(.) by extension 'python_setup_py'
[3.447s] Level 1:colcon.colcon_core.package_identification:_identify(build) by extensions ['ignore', 'ignore_ament_install']
[3.447s] Level 1:colcon.colcon_core.package_identification:_identify(build) by extension 'ignore'
[3.447s] Level 1:colcon.colcon_core.package_identification:_identify(build) ignored
[3.447s] Level 1:colcon.colcon_core.package_identification:_identify(install) by extensions ['ignore', 'ignore_ament_install']
[3.447s] Level 1:colcon.colcon_core.package_identification:_identify(install) by extension 'ignore'
[3.447s] Level 1:colcon.colcon_core.package_identification:_identify(install) ignored
[3.447s] Level 1:colcon.colcon_core.package_identification:_identify(log) by extensions ['ignore', 'ignore_ament_install']
[3.448s] Level 1:colcon.colcon_core.package_identification:_identify(log) by extension 'ignore'
[3.448s] Level 1:colcon.colcon_core.package_identification:_identify(log) ignored
[3.448s] Level 1:colcon.colcon_core.package_identification:_identify(src) by extensions ['ignore', 'ignore_ament_install']
[3.448s] Level 1:colcon.colcon_core.package_identification:_identify(src) by extension 'ignore'
[3.448s] Level 1:colcon.colcon_core.package_identification:_identify(src) by extension 'ignore_ament_install'
[3.448s] Level 1:colcon.colcon_core.package_identification:_identify(src) by extensions ['colcon_pkg']
[3.448s] Level 1:colcon.colcon_core.package_identification:_identify(src) by extension 'colcon_pkg'
[3.448s] Level 1:colcon.colcon_core.package_identification:_identify(src) by extensions ['colcon_meta']
[3.448s] Level 1:colcon.colcon_core.package_identification:_identify(src) by extension 'colcon_meta'
[3.448s] Level 1:colcon.colcon_core.package_identification:_identify(src) by extensions ['ros']
[3.448s] Level 1:colcon.colcon_core.package_identification:_identify(src) by extension 'ros'
[3.448s] Level 1:colcon.colcon_core.package_identification:_identify(src) by extensions ['cmake', 'python']
[3.448s] Level 1:colcon.colcon_core.package_identification:_identify(src) by extension 'cmake'
[3.448s] Level 1:colcon.colcon_core.package_identification:_identify(src) by extension 'python'
[3.448s] Level 1:colcon.colcon_core.package_identification:_identify(src) by extensions ['python_setup_py']
[3.448s] Level 1:colcon.colcon_core.package_identification:_identify(src) by extension 'python_setup_py'
[3.448s] Level 1:colcon.colcon_core.package_identification:_identify(src/my_waypoint_follower) by extensions ['ignore', 'ignore_ament_install']
[3.449s] Level 1:colcon.colcon_core.package_identification:_identify(src/my_waypoint_follower) by extension 'ignore'
[3.449s] Level 1:colcon.colcon_core.package_identification:_identify(src/my_waypoint_follower) by extension 'ignore_ament_install'
[3.449s] Level 1:colcon.colcon_core.package_identification:_identify(src/my_waypoint_follower) by extensions ['colcon_pkg']
[3.449s] Level 1:colcon.colcon_core.package_identification:_identify(src/my_waypoint_follower) by extension 'colcon_pkg'
[3.449s] Level 1:colcon.colcon_core.package_identification:_identify(src/my_waypoint_follower) by extensions ['colcon_meta']
[3.449s] Level 1:colcon.colcon_core.package_identification:_identify(src/my_waypoint_follower) by extension 'colcon_meta'
[3.449s] Level 1:colcon.colcon_core.package_identification:_identify(src/my_waypoint_follower) by extensions ['ros']
[3.449s] Level 1:colcon.colcon_core.package_identification:_identify(src/my_waypoint_follower) by extension 'ros'
[3.452s] DEBUG:colcon.colcon_core.package_identification:Package 'src/my_waypoint_follower' with type 'ros.ament_python' and name 'my_waypoint_follower'
[3.452s] Level 1:colcon.colcon_core.package_discovery:discover_packages(recursive) using defaults
[3.452s] Level 1:colcon.colcon_core.package_discovery:discover_packages(ignore) discover
[3.452s] Level 1:colcon.colcon_core.package_discovery:discover_packages(ignore) using defaults
[3.452s] Level 1:colcon.colcon_core.package_discovery:discover_packages(path) discover
[3.452s] Level 1:colcon.colcon_core.package_discovery:discover_packages(path) using defaults
[3.734s] Level 1:colcon.colcon_core.package_discovery:discover_packages(prefix_path) check parameters
[3.734s] Level 1:colcon.colcon_core.package_discovery:discover_packages(prefix_path) discover
[3.836s] DEBUG:colcon.colcon_installed_package_information.package_discovery:Found 1 installed packages in /home/yiminglinux/Documents/Ros2PP/install
[3.893s] DEBUG:colcon.colcon_installed_package_information.package_discovery:Found 1 installed packages in /home/yiminglinux/sim_ws/install
[3.952s] DEBUG:colcon.colcon_installed_package_information.package_discovery:Found 1 installed packages in /home/yiminglinux/Masters/ros2_ws/install
[4.016s] DEBUG:colcon.colcon_installed_package_information.package_discovery:Found 258 installed packages in /opt/ros/foxy
[4.017s] Level 1:colcon.colcon_core.package_discovery:discover_packages(prefix_path) using defaults
[4.196s] Level 5:colcon.colcon_core.verb:set package 'my_waypoint_follower' build argument 'cmake_args' from command line to 'None'
[4.196s] Level 5:colcon.colcon_core.verb:set package 'my_waypoint_follower' build argument 'cmake_target' from command line to 'None'
[4.196s] Level 5:colcon.colcon_core.verb:set package 'my_waypoint_follower' build argument 'cmake_target_skip_unavailable' from command line to 'False'
[4.196s] Level 5:colcon.colcon_core.verb:set package 'my_waypoint_follower' build argument 'cmake_clean_cache' from command line to 'False'
[4.196s] Level 5:colcon.colcon_core.verb:set package 'my_waypoint_follower' build argument 'cmake_clean_first' from command line to 'False'
[4.196s] Level 5:colcon.colcon_core.verb:set package 'my_waypoint_follower' build argument 'cmake_force_configure' from command line to 'False'
[4.196s] Level 5:colcon.colcon_core.verb:set package 'my_waypoint_follower' build argument 'ament_cmake_args' from command line to 'None'
[4.196s] Level 5:colcon.colcon_core.verb:set package 'my_waypoint_follower' build argument 'catkin_cmake_args' from command line to 'None'
[4.196s] Level 5:colcon.colcon_core.verb:set package 'my_waypoint_follower' build argument 'catkin_skip_building_tests' from command line to 'False'
[4.196s] DEBUG:colcon.colcon_core.verb:Building package 'my_waypoint_follower' with the following arguments: {'ament_cmake_args': None, 'build_base': '/home/yiminglinux/Documents/Ros2PP/build/my_waypoint_follower', 'catkin_cmake_args': None, 'catkin_skip_building_tests': False, 'cmake_args': None, 'cmake_clean_cache': False, 'cmake_clean_first': False, 'cmake_force_configure': False, 'cmake_target': None, 'cmake_target_skip_unavailable': False, 'install_base': '/home/yiminglinux/Documents/Ros2PP/install/my_waypoint_follower', 'merge_install': False, 'path': '/home/yiminglinux/Documents/Ros2PP/src/my_waypoint_follower', 'symlink_install': True, 'test_result_base': None}
[4.252s] INFO:colcon.colcon_core.executor:Executing jobs using 'parallel' executor
[4.308s] DEBUG:colcon.colcon_parallel_executor.executor.parallel:run_until_complete
[4.309s] INFO:colcon.colcon_ros.task.ament_python.build:Building ROS package in '/home/yiminglinux/Documents/Ros2PP/src/my_waypoint_follower' with build type 'ament_python'
[4.309s] Level 1:colcon.colcon_core.shell:create_environment_hook('my_waypoint_follower', 'ament_prefix_path')
[4.366s] INFO:colcon.colcon_core.plugin_system:Skipping extension 'colcon_core.shell.bat': Not used on non-Windows systems
[4.367s] INFO:colcon.colcon_core.shell:Creating environment hook '/home/yiminglinux/Documents/Ros2PP/install/my_waypoint_follower/share/my_waypoint_follower/hook/ament_prefix_path.ps1'
[4.368s] INFO:colcon.colcon_core.shell:Creating environment descriptor '/home/yiminglinux/Documents/Ros2PP/install/my_waypoint_follower/share/my_waypoint_follower/hook/ament_prefix_path.dsv'
[4.368s] INFO:colcon.colcon_core.shell:Creating environment hook '/home/yiminglinux/Documents/Ros2PP/install/my_waypoint_follower/share/my_waypoint_follower/hook/ament_prefix_path.sh'
[4.418s] INFO:colcon.colcon_core.shell:Skip shell extension 'powershell' for command environment: Not usable outside of PowerShell
[4.418s] DEBUG:colcon.colcon_core.shell:Skip shell extension 'dsv' for command environment
[5.080s] INFO:colcon.colcon_core.task.python.build:Building Python package in '/home/yiminglinux/Documents/Ros2PP/src/my_waypoint_follower'
[5.141s] INFO:colcon.colcon_core.shell:Skip shell extension 'powershell' for command environment: Not usable outside of PowerShell
[5.141s] DEBUG:colcon.colcon_core.shell:Skip shell extension 'dsv' for command environment
[5.864s] DEBUG:colcon.colcon_core.event_handler.log_command:Invoking command in '/home/yiminglinux/Documents/Ros2PP/build/my_waypoint_follower': PYTHONPATH=/home/yiminglinux/Documents/Ros2PP/build/my_waypoint_follower/prefix_override:/home/yiminglinux/Documents/Ros2PP/install/my_waypoint_follower/lib/python3.8/site-packages:${PYTHONPATH} /usr/bin/python3 setup.py develop --editable --build-directory /home/yiminglinux/Documents/Ros2PP/build/my_waypoint_follower/build --no-deps install_data
[6.461s] Level 1:colcon.colcon_core.shell:create_environment_hook('my_waypoint_follower', 'pythonpath_develop')
[6.462s] DEBUG:colcon.colcon_core.event_handler.log_command:Invoked command in '/home/yiminglinux/Documents/Ros2PP/build/my_waypoint_follower' returned '0': PYTHONPATH=/home/yiminglinux/Documents/Ros2PP/build/my_waypoint_follower/prefix_override:/home/yiminglinux/Documents/Ros2PP/install/my_waypoint_follower/lib/python3.8/site-packages:${PYTHONPATH} /usr/bin/python3 setup.py develop --editable --build-directory /home/yiminglinux/Documents/Ros2PP/build/my_waypoint_follower/build --no-deps install_data
[6.523s] INFO:colcon.colcon_core.shell:Creating environment hook '/home/yiminglinux/Documents/Ros2PP/build/my_waypoint_follower/share/my_waypoint_follower/hook/pythonpath_develop.ps1'
[6.524s] INFO:colcon.colcon_core.shell:Creating environment descriptor '/home/yiminglinux/Documents/Ros2PP/build/my_waypoint_follower/share/my_waypoint_follower/hook/pythonpath_develop.dsv'
[6.524s] INFO:colcon.colcon_core.shell:Creating environment hook '/home/yiminglinux/Documents/Ros2PP/build/my_waypoint_follower/share/my_waypoint_follower/hook/pythonpath_develop.sh'
[6.584s] Level 1:colcon.colcon_core.environment:checking '/home/yiminglinux/Documents/Ros2PP/install/my_waypoint_follower' for CMake module files
[6.585s] Level 1:colcon.colcon_core.environment:checking '/home/yiminglinux/Documents/Ros2PP/install/my_waypoint_follower' for CMake config files
[6.586s] Level 1:colcon.colcon_core.environment:checking '/home/yiminglinux/Documents/Ros2PP/install/my_waypoint_follower/lib'
[6.586s] Level 1:colcon.colcon_core.environment:checking '/home/yiminglinux/Documents/Ros2PP/install/my_waypoint_follower/bin'
[6.586s] Level 1:colcon.colcon_core.environment:checking '/home/yiminglinux/Documents/Ros2PP/install/my_waypoint_follower/lib/pkgconfig/my_waypoint_follower.pc'
[6.587s] Level 1:colcon.colcon_core.environment:checking '/home/yiminglinux/Documents/Ros2PP/install/my_waypoint_follower/lib/python3.8/site-packages'
[6.587s] Level 1:colcon.colcon_core.shell:create_environment_hook('my_waypoint_follower', 'pythonpath')
[6.643s] INFO:colcon.colcon_core.shell:Creating environment hook '/home/yiminglinux/Documents/Ros2PP/install/my_waypoint_follower/share/my_waypoint_follower/hook/pythonpath.ps1'
[6.644s] INFO:colcon.colcon_core.shell:Creating environment descriptor '/home/yiminglinux/Documents/Ros2PP/install/my_waypoint_follower/share/my_waypoint_follower/hook/pythonpath.dsv'
[6.644s] INFO:colcon.colcon_core.shell:Creating environment hook '/home/yiminglinux/Documents/Ros2PP/install/my_waypoint_follower/share/my_waypoint_follower/hook/pythonpath.sh'
[6.645s] Level 1:colcon.colcon_core.environment:checking '/home/yiminglinux/Documents/Ros2PP/install/my_waypoint_follower/bin'
[6.645s] Level 1:colcon.colcon_core.environment:create_environment_scripts_only(my_waypoint_follower)
[6.703s] INFO:colcon.colcon_core.shell:Creating package script '/home/yiminglinux/Documents/Ros2PP/install/my_waypoint_follower/share/my_waypoint_follower/package.ps1'
[6.704s] INFO:colcon.colcon_core.shell:Creating package descriptor '/home/yiminglinux/Documents/Ros2PP/install/my_waypoint_follower/share/my_waypoint_follower/package.dsv'
[6.705s] INFO:colcon.colcon_core.shell:Creating package script '/home/yiminglinux/Documents/Ros2PP/install/my_waypoint_follower/share/my_waypoint_follower/package.sh'
[6.705s] INFO:colcon.colcon_core.shell:Creating package script '/home/yiminglinux/Documents/Ros2PP/install/my_waypoint_follower/share/my_waypoint_follower/package.bash'
[6.706s] INFO:colcon.colcon_core.shell:Creating package script '/home/yiminglinux/Documents/Ros2PP/install/my_waypoint_follower/share/my_waypoint_follower/package.zsh'
[6.707s] Level 1:colcon.colcon_core.environment:create_file_with_runtime_dependencies(/home/yiminglinux/Documents/Ros2PP/install/my_waypoint_follower/share/colcon-core/packages/my_waypoint_follower)
[6.707s] DEBUG:colcon.colcon_parallel_executor.executor.parallel:closing loop
[6.708s] DEBUG:colcon.colcon_parallel_executor.executor.parallel:loop closed
[6.708s] DEBUG:colcon.colcon_parallel_executor.executor.parallel:run_until_complete finished with '0'
[6.708s] DEBUG:colcon.colcon_core.event_reactor:joining thread
[6.765s] INFO:colcon.colcon_core.plugin_system:Skipping extension 'colcon_notification.desktop_notification.terminal_notifier': Not used on non-Darwin systems
[6.765s] INFO:colcon.colcon_core.plugin_system:Skipping extension 'colcon_notification.desktop_notification.win32': Not used on non-Windows systems
[6.765s] INFO:colcon.colcon_notification.desktop_notification:Sending desktop notification using 'notify2'
[6.780s] DEBUG:colcon.colcon_core.event_reactor:joined thread
[6.845s] INFO:colcon.colcon_core.shell:Creating prefix script '/home/yiminglinux/Documents/Ros2PP/install/local_setup.ps1'
[6.846s] INFO:colcon.colcon_core.shell:Creating prefix util module '/home/yiminglinux/Documents/Ros2PP/install/_local_setup_util_ps1.py'
[6.847s] INFO:colcon.colcon_core.shell:Creating prefix chain script '/home/yiminglinux/Documents/Ros2PP/install/setup.ps1'
[6.915s] INFO:colcon.colcon_core.shell:Creating prefix script '/home/yiminglinux/Documents/Ros2PP/install/local_setup.sh'
[6.916s] INFO:colcon.colcon_core.shell:Creating prefix util module '/home/yiminglinux/Documents/Ros2PP/install/_local_setup_util_sh.py'
[6.916s] INFO:colcon.colcon_core.shell:Creating prefix chain script '/home/yiminglinux/Documents/Ros2PP/install/setup.sh'
[6.979s] INFO:colcon.colcon_core.shell:Creating prefix script '/home/yiminglinux/Documents/Ros2PP/install/local_setup.bash'
[6.980s] INFO:colcon.colcon_core.shell:Creating prefix chain script '/home/yiminglinux/Documents/Ros2PP/install/setup.bash'
[7.057s] INFO:colcon.colcon_core.shell:Creating prefix script '/home/yiminglinux/Documents/Ros2PP/install/local_setup.zsh'
[7.058s] INFO:colcon.colcon_core.shell:Creating prefix chain script '/home/yiminglinux/Documents/Ros2PP/install/setup.zsh'
