[1.555s] Invoking command in '/home/yiminglinux/Documents/Ros2PP/build/my_waypoint_follower': PYTHONPATH=/home/yiminglinux/Documents/Ros2PP/build/my_waypoint_follower/prefix_override:/home/yiminglinux/Documents/Ros2PP/install/my_waypoint_follower/lib/python3.8/site-packages:${PYTHONPATH} /usr/bin/python3 setup.py develop --editable --build-directory /home/yiminglinux/Documents/Ros2PP/build/my_waypoint_follower/build --no-deps install_data
[1.853s] running develop
[2.053s] running egg_info
[2.053s] writing my_waypoint_follower.egg-info/PKG-INFO
[2.053s] writing dependency_links to my_waypoint_follower.egg-info/dependency_links.txt
[2.053s] writing entry points to my_waypoint_follower.egg-info/entry_points.txt
[2.054s] writing requirements to my_waypoint_follower.egg-info/requires.txt
[2.054s] writing top-level names to my_waypoint_follower.egg-info/top_level.txt
[2.087s] reading manifest file 'my_waypoint_follower.egg-info/SOURCES.txt'
[2.088s] writing manifest file 'my_waypoint_follower.egg-info/SOURCES.txt'
[2.119s] running build_ext
[2.120s] Creating /home/yiminglinux/Documents/Ros2PP/install/my_waypoint_follower/lib/python3.8/site-packages/my-waypoint-follower.egg-link (link to .)
[2.120s] Installing MPC_ros script to /home/yiminglinux/Documents/Ros2PP/install/my_waypoint_follower/lib/my_waypoint_follower
[2.121s] Installing MPC_ros_tuning script to /home/yiminglinux/Documents/Ros2PP/install/my_waypoint_follower/lib/my_waypoint_follower
[2.121s] Installing Opt_MPC script to /home/yiminglinux/Documents/Ros2PP/install/my_waypoint_follower/lib/my_waypoint_follower
[2.121s] Installing Opt_PurePursuit script to /home/yiminglinux/Documents/Ros2PP/install/my_waypoint_follower/lib/my_waypoint_follower
[2.121s] Installing purePursuit_ros script to /home/yiminglinux/Documents/Ros2PP/install/my_waypoint_follower/lib/my_waypoint_follower
[2.121s] 
[2.121s] Installed /home/yiminglinux/Documents/Ros2PP/build/my_waypoint_follower
[2.122s] running install_data
[2.153s] Invoked command in '/home/yiminglinux/Documents/Ros2PP/build/my_waypoint_follower' returned '0': PYTHONPATH=/home/yiminglinux/Documents/Ros2PP/build/my_waypoint_follower/prefix_override:/home/yiminglinux/Documents/Ros2PP/install/my_waypoint_follower/lib/python3.8/site-packages:${PYTHONPATH} /usr/bin/python3 setup.py develop --editable --build-directory /home/yiminglinux/Documents/Ros2PP/build/my_waypoint_follower/build --no-deps install_data
