[32.213s] DEBUG:colcon:Command line arguments: ['/usr/bin/colcon', 'build', '--symlink-install']
[32.213s] DEBUG:colcon:Parsed command line arguments: Namespace(allow_overriding=[], ament_cmake_args=None, base_paths=['.'], build_base='build', catkin_cmake_args=None, catkin_skip_building_tests=False, cmake_args=None, cmake_clean_cache=False, cmake_clean_first=False, cmake_force_configure=False, cmake_target=None, cmake_target_skip_unavailable=False, continue_on_error=False, event_handlers=None, executor='parallel', ignore_user_meta=False, install_base='install', log_base=None, log_level=None, main=<bound method BuildVerb.main of <colcon_core.verb.build.BuildVerb object at 0xffff8e7dd7c0>>, merge_install=False, metas=['./colcon.meta'], packages_above=None, packages_above_and_dependencies=None, packages_above_depth=None, packages_end=None, packages_ignore=None, packages_ignore_regex=None, packages_select=None, packages_select_build_failed=False, packages_select_by_dep=None, packages_select_regex=None, packages_select_test_failures=False, packages_skip=None, packages_skip_build_finished=False, packages_skip_by_dep=None, packages_skip_regex=None, packages_skip_test_passed=False, packages_skip_up_to=None, packages_start=None, packages_up_to=None, packages_up_to_regex=None, parallel_workers=4, paths=None, symlink_install=True, test_result_base=None, verb_extension=<colcon_core.verb.build.BuildVerb object at 0xffff8e7dd7c0>, verb_name='build', verb_parser=<colcon_defaults.argument_parser.defaults.DefaultArgumentsDecorator object at 0xffff8e7dd730>)
[33.725s] Level 1:colcon.colcon_core.package_discovery:discover_packages(colcon_meta) check parameters
[33.726s] Level 1:colcon.colcon_core.package_discovery:discover_packages(recursive) check parameters
[33.726s] Level 1:colcon.colcon_core.package_discovery:discover_packages(ignore) check parameters
[33.726s] Level 1:colcon.colcon_core.package_discovery:discover_packages(path) check parameters
[33.726s] Level 1:colcon.colcon_core.package_discovery:discover_packages(colcon_meta) discover
[33.726s] Level 1:colcon.colcon_core.package_discovery:discover_packages(recursive) discover
[33.726s] INFO:colcon.colcon_core.package_discovery:Crawling recursively for packages in '/home/jetson/Documents/Ros2PP'
[33.727s] Level 1:colcon.colcon_core.package_identification:_identify(.) by extensions ['ignore', 'ignore_ament_install']
[33.727s] Level 1:colcon.colcon_core.package_identification:_identify(.) by extension 'ignore'
[33.728s] Level 1:colcon.colcon_core.package_identification:_identify(.) by extension 'ignore_ament_install'
[33.728s] Level 1:colcon.colcon_core.package_identification:_identify(.) by extensions ['colcon_pkg']
[33.728s] Level 1:colcon.colcon_core.package_identification:_identify(.) by extension 'colcon_pkg'
[33.728s] Level 1:colcon.colcon_core.package_identification:_identify(.) by extensions ['colcon_meta']
[33.728s] Level 1:colcon.colcon_core.package_identification:_identify(.) by extension 'colcon_meta'
[33.728s] Level 1:colcon.colcon_core.package_identification:_identify(.) by extensions ['ros']
[33.728s] Level 1:colcon.colcon_core.package_identification:_identify(.) by extension 'ros'
[33.925s] Level 1:colcon.colcon_core.package_identification:_identify(.) by extensions ['cmake', 'python']
[33.926s] Level 1:colcon.colcon_core.package_identification:_identify(.) by extension 'cmake'
[33.926s] Level 1:colcon.colcon_core.package_identification:_identify(.) by extension 'python'
[33.926s] Level 1:colcon.colcon_core.package_identification:_identify(.) by extensions ['python_setup_py']
[33.926s] Level 1:colcon.colcon_core.package_identification:_identify(.) by extension 'python_setup_py'
[33.927s] Level 1:colcon.colcon_core.package_identification:_identify(build) by extensions ['ignore', 'ignore_ament_install']
[33.927s] Level 1:colcon.colcon_core.package_identification:_identify(build) by extension 'ignore'
[33.927s] Level 1:colcon.colcon_core.package_identification:_identify(build) ignored
[33.928s] Level 1:colcon.colcon_core.package_identification:_identify(install) by extensions ['ignore', 'ignore_ament_install']
[33.928s] Level 1:colcon.colcon_core.package_identification:_identify(install) by extension 'ignore'
[33.928s] Level 1:colcon.colcon_core.package_identification:_identify(install) ignored
[33.929s] Level 1:colcon.colcon_core.package_identification:_identify(log) by extensions ['ignore', 'ignore_ament_install']
[33.929s] Level 1:colcon.colcon_core.package_identification:_identify(log) by extension 'ignore'
[33.929s] Level 1:colcon.colcon_core.package_identification:_identify(log) ignored
[33.929s] Level 1:colcon.colcon_core.package_identification:_identify(src) by extensions ['ignore', 'ignore_ament_install']
[33.930s] Level 1:colcon.colcon_core.package_identification:_identify(src) by extension 'ignore'
[33.930s] Level 1:colcon.colcon_core.package_identification:_identify(src) by extension 'ignore_ament_install'
[33.930s] Level 1:colcon.colcon_core.package_identification:_identify(src) by extensions ['colcon_pkg']
[33.930s] Level 1:colcon.colcon_core.package_identification:_identify(src) by extension 'colcon_pkg'
[33.930s] Level 1:colcon.colcon_core.package_identification:_identify(src) by extensions ['colcon_meta']
[33.931s] Level 1:colcon.colcon_core.package_identification:_identify(src) by extension 'colcon_meta'
[33.931s] Level 1:colcon.colcon_core.package_identification:_identify(src) by extensions ['ros']
[33.931s] Level 1:colcon.colcon_core.package_identification:_identify(src) by extension 'ros'
[33.931s] Level 1:colcon.colcon_core.package_identification:_identify(src) by extensions ['cmake', 'python']
[33.931s] Level 1:colcon.colcon_core.package_identification:_identify(src) by extension 'cmake'
[33.932s] Level 1:colcon.colcon_core.package_identification:_identify(src) by extension 'python'
[33.932s] Level 1:colcon.colcon_core.package_identification:_identify(src) by extensions ['python_setup_py']
[33.932s] Level 1:colcon.colcon_core.package_identification:_identify(src) by extension 'python_setup_py'
[33.932s] Level 1:colcon.colcon_core.package_identification:_identify(src/my_waypoint_follower) by extensions ['ignore', 'ignore_ament_install']
[33.932s] Level 1:colcon.colcon_core.package_identification:_identify(src/my_waypoint_follower) by extension 'ignore'
[33.933s] Level 1:colcon.colcon_core.package_identification:_identify(src/my_waypoint_follower) by extension 'ignore_ament_install'
[33.933s] Level 1:colcon.colcon_core.package_identification:_identify(src/my_waypoint_follower) by extensions ['colcon_pkg']
[33.933s] Level 1:colcon.colcon_core.package_identification:_identify(src/my_waypoint_follower) by extension 'colcon_pkg'
[33.933s] Level 1:colcon.colcon_core.package_identification:_identify(src/my_waypoint_follower) by extensions ['colcon_meta']
[33.933s] Level 1:colcon.colcon_core.package_identification:_identify(src/my_waypoint_follower) by extension 'colcon_meta'
[33.934s] Level 1:colcon.colcon_core.package_identification:_identify(src/my_waypoint_follower) by extensions ['ros']
[33.934s] Level 1:colcon.colcon_core.package_identification:_identify(src/my_waypoint_follower) by extension 'ros'
[34.081s] DEBUG:colcon.colcon_core.package_identification:Package 'src/my_waypoint_follower' with type 'ros.ament_python' and name 'my_waypoint_follower'
[34.081s] Level 1:colcon.colcon_core.package_discovery:discover_packages(recursive) using defaults
[34.081s] Level 1:colcon.colcon_core.package_discovery:discover_packages(ignore) discover
[34.081s] Level 1:colcon.colcon_core.package_discovery:discover_packages(ignore) using defaults
[34.082s] Level 1:colcon.colcon_core.package_discovery:discover_packages(path) discover
[34.082s] Level 1:colcon.colcon_core.package_discovery:discover_packages(path) using defaults
[37.005s] Level 1:colcon.colcon_core.package_discovery:discover_packages(prefix_path) check parameters
[37.006s] Level 1:colcon.colcon_core.package_discovery:discover_packages(prefix_path) discover
[38.256s] DEBUG:colcon.colcon_installed_package_information.package_discovery:Found 1 installed packages in /home/jetson/Documents/Ros2PP/install
[38.715s] DEBUG:colcon.colcon_installed_package_information.package_discovery:Found 24 installed packages in /home/jetson/f1tenth_ws/install
[39.196s] DEBUG:colcon.colcon_installed_package_information.package_discovery:Found 326 installed packages in /home/jetson/ros2_foxy/install
[39.708s] DEBUG:colcon.colcon_installed_package_information.package_discovery:Found 365 installed packages in /opt/ros/foxy
[39.763s] Level 1:colcon.colcon_core.package_discovery:discover_packages(prefix_path) using defaults
[42.459s] Level 5:colcon.colcon_core.verb:set package 'my_waypoint_follower' build argument 'cmake_args' from command line to 'None'
[42.459s] Level 5:colcon.colcon_core.verb:set package 'my_waypoint_follower' build argument 'cmake_target' from command line to 'None'
[42.459s] Level 5:colcon.colcon_core.verb:set package 'my_waypoint_follower' build argument 'cmake_target_skip_unavailable' from command line to 'False'
[42.459s] Level 5:colcon.colcon_core.verb:set package 'my_waypoint_follower' build argument 'cmake_clean_cache' from command line to 'False'
[42.459s] Level 5:colcon.colcon_core.verb:set package 'my_waypoint_follower' build argument 'cmake_clean_first' from command line to 'False'
[42.460s] Level 5:colcon.colcon_core.verb:set package 'my_waypoint_follower' build argument 'cmake_force_configure' from command line to 'False'
[42.460s] Level 5:colcon.colcon_core.verb:set package 'my_waypoint_follower' build argument 'ament_cmake_args' from command line to 'None'
[42.460s] Level 5:colcon.colcon_core.verb:set package 'my_waypoint_follower' build argument 'catkin_cmake_args' from command line to 'None'
[42.460s] Level 5:colcon.colcon_core.verb:set package 'my_waypoint_follower' build argument 'catkin_skip_building_tests' from command line to 'False'
[42.460s] DEBUG:colcon.colcon_core.verb:Building package 'my_waypoint_follower' with the following arguments: {'ament_cmake_args': None, 'build_base': '/home/jetson/Documents/Ros2PP/build/my_waypoint_follower', 'catkin_cmake_args': None, 'catkin_skip_building_tests': False, 'cmake_args': None, 'cmake_clean_cache': False, 'cmake_clean_first': False, 'cmake_force_configure': False, 'cmake_target': None, 'cmake_target_skip_unavailable': False, 'install_base': '/home/jetson/Documents/Ros2PP/install/my_waypoint_follower', 'merge_install': False, 'path': '/home/jetson/Documents/Ros2PP/src/my_waypoint_follower', 'symlink_install': True, 'test_result_base': None}
[42.895s] INFO:colcon.colcon_core.executor:Executing jobs using 'parallel' executor
[43.335s] DEBUG:colcon.colcon_parallel_executor.executor.parallel:run_until_complete
[43.336s] INFO:colcon.colcon_ros.task.ament_python.build:Building ROS package in '/home/jetson/Documents/Ros2PP/src/my_waypoint_follower' with build type 'ament_python'
[43.337s] Level 1:colcon.colcon_core.shell:create_environment_hook('my_waypoint_follower', 'ament_prefix_path')
[43.965s] INFO:colcon.colcon_core.plugin_system:Skipping extension 'colcon_core.shell.bat': Not used on non-Windows systems
[43.966s] INFO:colcon.colcon_core.shell:Creating environment hook '/home/jetson/Documents/Ros2PP/install/my_waypoint_follower/share/my_waypoint_follower/hook/ament_prefix_path.ps1'
[43.971s] INFO:colcon.colcon_core.shell:Creating environment descriptor '/home/jetson/Documents/Ros2PP/install/my_waypoint_follower/share/my_waypoint_follower/hook/ament_prefix_path.dsv'
[43.973s] INFO:colcon.colcon_core.shell:Creating environment hook '/home/jetson/Documents/Ros2PP/install/my_waypoint_follower/share/my_waypoint_follower/hook/ament_prefix_path.sh'
[44.443s] INFO:colcon.colcon_core.shell:Skip shell extension 'powershell' for command environment: Not usable outside of PowerShell
[44.444s] DEBUG:colcon.colcon_core.shell:Skip shell extension 'dsv' for command environment
[49.812s] INFO:colcon.colcon_core.task.python.build:Building Python package in '/home/jetson/Documents/Ros2PP/src/my_waypoint_follower'
[50.302s] INFO:colcon.colcon_core.shell:Skip shell extension 'powershell' for command environment: Not usable outside of PowerShell
[50.302s] DEBUG:colcon.colcon_core.shell:Skip shell extension 'dsv' for command environment
[59.310s] DEBUG:colcon.colcon_core.event_handler.log_command:Invoking command in '/home/jetson/Documents/Ros2PP/build/my_waypoint_follower': PYTHONPATH=/home/jetson/Documents/Ros2PP/build/my_waypoint_follower/prefix_override:/home/jetson/Documents/Ros2PP/install/my_waypoint_follower/lib/python3.8/site-packages:${PYTHONPATH} /usr/bin/python3 setup.py develop --editable --build-directory /home/jetson/Documents/Ros2PP/build/my_waypoint_follower/build --no-deps install_data
[64.258s] Level 1:colcon.colcon_core.shell:create_environment_hook('my_waypoint_follower', 'pythonpath_develop')
[64.261s] DEBUG:colcon.colcon_core.event_handler.log_command:Invoked command in '/home/jetson/Documents/Ros2PP/build/my_waypoint_follower' returned '0': PYTHONPATH=/home/jetson/Documents/Ros2PP/build/my_waypoint_follower/prefix_override:/home/jetson/Documents/Ros2PP/install/my_waypoint_follower/lib/python3.8/site-packages:${PYTHONPATH} /usr/bin/python3 setup.py develop --editable --build-directory /home/jetson/Documents/Ros2PP/build/my_waypoint_follower/build --no-deps install_data
[64.778s] INFO:colcon.colcon_core.shell:Creating environment hook '/home/jetson/Documents/Ros2PP/build/my_waypoint_follower/share/my_waypoint_follower/hook/pythonpath_develop.ps1'
[64.782s] INFO:colcon.colcon_core.shell:Creating environment descriptor '/home/jetson/Documents/Ros2PP/build/my_waypoint_follower/share/my_waypoint_follower/hook/pythonpath_develop.dsv'
[64.789s] INFO:colcon.colcon_core.shell:Creating environment hook '/home/jetson/Documents/Ros2PP/build/my_waypoint_follower/share/my_waypoint_follower/hook/pythonpath_develop.sh'
[65.568s] Level 1:colcon.colcon_core.environment:checking '/home/jetson/Documents/Ros2PP/install/my_waypoint_follower' for CMake module files
[65.570s] Level 1:colcon.colcon_core.environment:checking '/home/jetson/Documents/Ros2PP/install/my_waypoint_follower' for CMake config files
[65.574s] Level 1:colcon.colcon_core.environment:checking '/home/jetson/Documents/Ros2PP/install/my_waypoint_follower/lib'
[65.576s] Level 1:colcon.colcon_core.environment:checking '/home/jetson/Documents/Ros2PP/install/my_waypoint_follower/bin'
[65.576s] Level 1:colcon.colcon_core.environment:checking '/home/jetson/Documents/Ros2PP/install/my_waypoint_follower/lib/pkgconfig/my_waypoint_follower.pc'
[65.578s] Level 1:colcon.colcon_core.environment:checking '/home/jetson/Documents/Ros2PP/install/my_waypoint_follower/lib/python3.8/site-packages'
[65.578s] Level 1:colcon.colcon_core.shell:create_environment_hook('my_waypoint_follower', 'pythonpath')
[66.072s] INFO:colcon.colcon_core.shell:Creating environment hook '/home/jetson/Documents/Ros2PP/install/my_waypoint_follower/share/my_waypoint_follower/hook/pythonpath.ps1'
[66.074s] INFO:colcon.colcon_core.shell:Creating environment descriptor '/home/jetson/Documents/Ros2PP/install/my_waypoint_follower/share/my_waypoint_follower/hook/pythonpath.dsv'
[66.078s] INFO:colcon.colcon_core.shell:Creating environment hook '/home/jetson/Documents/Ros2PP/install/my_waypoint_follower/share/my_waypoint_follower/hook/pythonpath.sh'
[66.080s] Level 1:colcon.colcon_core.environment:checking '/home/jetson/Documents/Ros2PP/install/my_waypoint_follower/bin'
[66.081s] Level 1:colcon.colcon_core.environment:create_environment_scripts_only(my_waypoint_follower)
[66.566s] INFO:colcon.colcon_core.shell:Creating package script '/home/jetson/Documents/Ros2PP/install/my_waypoint_follower/share/my_waypoint_follower/package.ps1'
[66.707s] INFO:colcon.colcon_core.shell:Creating package descriptor '/home/jetson/Documents/Ros2PP/install/my_waypoint_follower/share/my_waypoint_follower/package.dsv'
[66.711s] INFO:colcon.colcon_core.shell:Creating package script '/home/jetson/Documents/Ros2PP/install/my_waypoint_follower/share/my_waypoint_follower/package.sh'
[66.715s] INFO:colcon.colcon_core.shell:Creating package script '/home/jetson/Documents/Ros2PP/install/my_waypoint_follower/share/my_waypoint_follower/package.bash'
[66.721s] INFO:colcon.colcon_core.shell:Creating package script '/home/jetson/Documents/Ros2PP/install/my_waypoint_follower/share/my_waypoint_follower/package.zsh'
[66.724s] Level 1:colcon.colcon_core.environment:create_file_with_runtime_dependencies(/home/jetson/Documents/Ros2PP/install/my_waypoint_follower/share/colcon-core/packages/my_waypoint_follower)
[66.726s] DEBUG:colcon.colcon_parallel_executor.executor.parallel:closing loop
[66.728s] DEBUG:colcon.colcon_parallel_executor.executor.parallel:loop closed
[66.728s] DEBUG:colcon.colcon_parallel_executor.executor.parallel:run_until_complete finished with '0'
[66.729s] DEBUG:colcon.colcon_core.event_reactor:joining thread
[67.560s] INFO:colcon.colcon_core.plugin_system:Skipping extension 'colcon_notification.desktop_notification.terminal_notifier': Not used on non-Darwin systems
[67.561s] INFO:colcon.colcon_core.plugin_system:Skipping extension 'colcon_notification.desktop_notification.win32': Not used on non-Windows systems
[67.561s] INFO:colcon.colcon_notification.desktop_notification:Sending desktop notification using 'notify2'
[67.663s] DEBUG:colcon.colcon_core.event_reactor:joined thread
[68.177s] INFO:colcon.colcon_core.shell:Creating prefix script '/home/jetson/Documents/Ros2PP/install/local_setup.ps1'
[68.318s] INFO:colcon.colcon_core.shell:Creating prefix util module '/home/jetson/Documents/Ros2PP/install/_local_setup_util_ps1.py'
[68.324s] INFO:colcon.colcon_core.shell:Creating prefix chain script '/home/jetson/Documents/Ros2PP/install/setup.ps1'
[68.902s] INFO:colcon.colcon_core.shell:Creating prefix script '/home/jetson/Documents/Ros2PP/install/local_setup.sh'
[68.905s] INFO:colcon.colcon_core.shell:Creating prefix util module '/home/jetson/Documents/Ros2PP/install/_local_setup_util_sh.py'
[68.907s] INFO:colcon.colcon_core.shell:Creating prefix chain script '/home/jetson/Documents/Ros2PP/install/setup.sh'
[69.605s] INFO:colcon.colcon_core.shell:Creating prefix script '/home/jetson/Documents/Ros2PP/install/local_setup.bash'
[69.608s] INFO:colcon.colcon_core.shell:Creating prefix chain script '/home/jetson/Documents/Ros2PP/install/setup.bash'
[70.304s] INFO:colcon.colcon_core.shell:Creating prefix script '/home/jetson/Documents/Ros2PP/install/local_setup.zsh'
[70.307s] INFO:colcon.colcon_core.shell:Creating prefix chain script '/home/jetson/Documents/Ros2PP/install/setup.zsh'
