[31.002s] DEBUG:colcon:Command line arguments: ['/usr/bin/colcon', 'build', '--symlink-install']
[31.003s] DEBUG:colcon:Parsed command line arguments: Namespace(allow_overriding=[], ament_cmake_args=None, base_paths=['.'], build_base='build', catkin_cmake_args=None, catkin_skip_building_tests=False, cmake_args=None, cmake_clean_cache=False, cmake_clean_first=False, cmake_force_configure=False, cmake_target=None, cmake_target_skip_unavailable=False, continue_on_error=False, event_handlers=None, executor='parallel', ignore_user_meta=False, install_base='install', log_base=None, log_level=None, main=<bound method BuildVerb.main of <colcon_core.verb.build.BuildVerb object at 0xffff9e98f670>>, merge_install=False, metas=['./colcon.meta'], packages_above=None, packages_above_and_dependencies=None, packages_above_depth=None, packages_end=None, packages_ignore=None, packages_ignore_regex=None, packages_select=None, packages_select_build_failed=False, packages_select_by_dep=None, packages_select_regex=None, packages_select_test_failures=False, packages_skip=None, packages_skip_build_finished=False, packages_skip_by_dep=None, packages_skip_regex=None, packages_skip_test_passed=False, packages_skip_up_to=None, packages_start=None, packages_up_to=None, packages_up_to_regex=None, parallel_workers=4, paths=None, symlink_install=True, test_result_base=None, verb_extension=<colcon_core.verb.build.BuildVerb object at 0xffff9e98f670>, verb_name='build', verb_parser=<colcon_defaults.argument_parser.defaults.DefaultArgumentsDecorator object at 0xffff9e98d130>)
[32.512s] Level 1:colcon.colcon_core.package_discovery:discover_packages(colcon_meta) check parameters
[32.512s] Level 1:colcon.colcon_core.package_discovery:discover_packages(recursive) check parameters
[32.512s] Level 1:colcon.colcon_core.package_discovery:discover_packages(ignore) check parameters
[32.513s] Level 1:colcon.colcon_core.package_discovery:discover_packages(path) check parameters
[32.513s] Level 1:colcon.colcon_core.package_discovery:discover_packages(colcon_meta) discover
[32.513s] Level 1:colcon.colcon_core.package_discovery:discover_packages(recursive) discover
[32.513s] INFO:colcon.colcon_core.package_discovery:Crawling recursively for packages in '/home/jetson/Documents/Ros2PP'
[32.514s] Level 1:colcon.colcon_core.package_identification:_identify(.) by extensions ['ignore', 'ignore_ament_install']
[32.514s] Level 1:colcon.colcon_core.package_identification:_identify(.) by extension 'ignore'
[32.514s] Level 1:colcon.colcon_core.package_identification:_identify(.) by extension 'ignore_ament_install'
[32.514s] Level 1:colcon.colcon_core.package_identification:_identify(.) by extensions ['colcon_pkg']
[32.515s] Level 1:colcon.colcon_core.package_identification:_identify(.) by extension 'colcon_pkg'
[32.515s] Level 1:colcon.colcon_core.package_identification:_identify(.) by extensions ['colcon_meta']
[32.515s] Level 1:colcon.colcon_core.package_identification:_identify(.) by extension 'colcon_meta'
[32.515s] Level 1:colcon.colcon_core.package_identification:_identify(.) by extensions ['ros']
[32.515s] Level 1:colcon.colcon_core.package_identification:_identify(.) by extension 'ros'
[32.712s] Level 1:colcon.colcon_core.package_identification:_identify(.) by extensions ['cmake', 'python']
[32.713s] Level 1:colcon.colcon_core.package_identification:_identify(.) by extension 'cmake'
[32.713s] Level 1:colcon.colcon_core.package_identification:_identify(.) by extension 'python'
[32.713s] Level 1:colcon.colcon_core.package_identification:_identify(.) by extensions ['python_setup_py']
[32.713s] Level 1:colcon.colcon_core.package_identification:_identify(.) by extension 'python_setup_py'
[32.714s] Level 1:colcon.colcon_core.package_identification:_identify(build) by extensions ['ignore', 'ignore_ament_install']
[32.714s] Level 1:colcon.colcon_core.package_identification:_identify(build) by extension 'ignore'
[32.714s] Level 1:colcon.colcon_core.package_identification:_identify(build) ignored
[32.715s] Level 1:colcon.colcon_core.package_identification:_identify(install) by extensions ['ignore', 'ignore_ament_install']
[32.715s] Level 1:colcon.colcon_core.package_identification:_identify(install) by extension 'ignore'
[32.715s] Level 1:colcon.colcon_core.package_identification:_identify(install) ignored
[32.716s] Level 1:colcon.colcon_core.package_identification:_identify(log) by extensions ['ignore', 'ignore_ament_install']
[32.716s] Level 1:colcon.colcon_core.package_identification:_identify(log) by extension 'ignore'
[32.717s] Level 1:colcon.colcon_core.package_identification:_identify(log) ignored
[32.717s] Level 1:colcon.colcon_core.package_identification:_identify(src) by extensions ['ignore', 'ignore_ament_install']
[32.717s] Level 1:colcon.colcon_core.package_identification:_identify(src) by extension 'ignore'
[32.717s] Level 1:colcon.colcon_core.package_identification:_identify(src) by extension 'ignore_ament_install'
[32.718s] Level 1:colcon.colcon_core.package_identification:_identify(src) by extensions ['colcon_pkg']
[32.718s] Level 1:colcon.colcon_core.package_identification:_identify(src) by extension 'colcon_pkg'
[32.718s] Level 1:colcon.colcon_core.package_identification:_identify(src) by extensions ['colcon_meta']
[32.718s] Level 1:colcon.colcon_core.package_identification:_identify(src) by extension 'colcon_meta'
[32.718s] Level 1:colcon.colcon_core.package_identification:_identify(src) by extensions ['ros']
[32.718s] Level 1:colcon.colcon_core.package_identification:_identify(src) by extension 'ros'
[32.719s] Level 1:colcon.colcon_core.package_identification:_identify(src) by extensions ['cmake', 'python']
[32.719s] Level 1:colcon.colcon_core.package_identification:_identify(src) by extension 'cmake'
[32.719s] Level 1:colcon.colcon_core.package_identification:_identify(src) by extension 'python'
[32.719s] Level 1:colcon.colcon_core.package_identification:_identify(src) by extensions ['python_setup_py']
[32.719s] Level 1:colcon.colcon_core.package_identification:_identify(src) by extension 'python_setup_py'
[32.720s] Level 1:colcon.colcon_core.package_identification:_identify(src/my_waypoint_follower) by extensions ['ignore', 'ignore_ament_install']
[32.720s] Level 1:colcon.colcon_core.package_identification:_identify(src/my_waypoint_follower) by extension 'ignore'
[32.720s] Level 1:colcon.colcon_core.package_identification:_identify(src/my_waypoint_follower) by extension 'ignore_ament_install'
[32.721s] Level 1:colcon.colcon_core.package_identification:_identify(src/my_waypoint_follower) by extensions ['colcon_pkg']
[32.721s] Level 1:colcon.colcon_core.package_identification:_identify(src/my_waypoint_follower) by extension 'colcon_pkg'
[32.721s] Level 1:colcon.colcon_core.package_identification:_identify(src/my_waypoint_follower) by extensions ['colcon_meta']
[32.721s] Level 1:colcon.colcon_core.package_identification:_identify(src/my_waypoint_follower) by extension 'colcon_meta'
[32.721s] Level 1:colcon.colcon_core.package_identification:_identify(src/my_waypoint_follower) by extensions ['ros']
[32.721s] Level 1:colcon.colcon_core.package_identification:_identify(src/my_waypoint_follower) by extension 'ros'
[32.871s] DEBUG:colcon.colcon_core.package_identification:Package 'src/my_waypoint_follower' with type 'ros.ament_python' and name 'my_waypoint_follower'
[32.872s] Level 1:colcon.colcon_core.package_discovery:discover_packages(recursive) using defaults
[32.872s] Level 1:colcon.colcon_core.package_discovery:discover_packages(ignore) discover
[32.872s] Level 1:colcon.colcon_core.package_discovery:discover_packages(ignore) using defaults
[32.872s] Level 1:colcon.colcon_core.package_discovery:discover_packages(path) discover
[32.872s] Level 1:colcon.colcon_core.package_discovery:discover_packages(path) using defaults
[35.729s] Level 1:colcon.colcon_core.package_discovery:discover_packages(prefix_path) check parameters
[35.730s] Level 1:colcon.colcon_core.package_discovery:discover_packages(prefix_path) discover
[36.950s] DEBUG:colcon.colcon_installed_package_information.package_discovery:Found 24 installed packages in /home/jetson/f1tenth_ws/install
[37.420s] DEBUG:colcon.colcon_installed_package_information.package_discovery:Found 326 installed packages in /home/jetson/ros2_foxy/install
[37.906s] DEBUG:colcon.colcon_installed_package_information.package_discovery:Found 365 installed packages in /opt/ros/foxy
[37.961s] Level 1:colcon.colcon_core.package_discovery:discover_packages(prefix_path) using defaults
[40.617s] Level 5:colcon.colcon_core.verb:set package 'my_waypoint_follower' build argument 'cmake_args' from command line to 'None'
[40.618s] Level 5:colcon.colcon_core.verb:set package 'my_waypoint_follower' build argument 'cmake_target' from command line to 'None'
[40.618s] Level 5:colcon.colcon_core.verb:set package 'my_waypoint_follower' build argument 'cmake_target_skip_unavailable' from command line to 'False'
[40.618s] Level 5:colcon.colcon_core.verb:set package 'my_waypoint_follower' build argument 'cmake_clean_cache' from command line to 'False'
[40.618s] Level 5:colcon.colcon_core.verb:set package 'my_waypoint_follower' build argument 'cmake_clean_first' from command line to 'False'
[40.618s] Level 5:colcon.colcon_core.verb:set package 'my_waypoint_follower' build argument 'cmake_force_configure' from command line to 'False'
[40.618s] Level 5:colcon.colcon_core.verb:set package 'my_waypoint_follower' build argument 'ament_cmake_args' from command line to 'None'
[40.618s] Level 5:colcon.colcon_core.verb:set package 'my_waypoint_follower' build argument 'catkin_cmake_args' from command line to 'None'
[40.619s] Level 5:colcon.colcon_core.verb:set package 'my_waypoint_follower' build argument 'catkin_skip_building_tests' from command line to 'False'
[40.619s] DEBUG:colcon.colcon_core.verb:Building package 'my_waypoint_follower' with the following arguments: {'ament_cmake_args': None, 'build_base': '/home/jetson/Documents/Ros2PP/build/my_waypoint_follower', 'catkin_cmake_args': None, 'catkin_skip_building_tests': False, 'cmake_args': None, 'cmake_clean_cache': False, 'cmake_clean_first': False, 'cmake_force_configure': False, 'cmake_target': None, 'cmake_target_skip_unavailable': False, 'install_base': '/home/jetson/Documents/Ros2PP/install/my_waypoint_follower', 'merge_install': False, 'path': '/home/jetson/Documents/Ros2PP/src/my_waypoint_follower', 'symlink_install': True, 'test_result_base': None}
[41.045s] INFO:colcon.colcon_core.executor:Executing jobs using 'parallel' executor
[41.472s] DEBUG:colcon.colcon_parallel_executor.executor.parallel:run_until_complete
[41.610s] INFO:colcon.colcon_ros.task.ament_python.build:Building ROS package in '/home/jetson/Documents/Ros2PP/src/my_waypoint_follower' with build type 'ament_python'
[41.611s] Level 1:colcon.colcon_core.shell:create_environment_hook('my_waypoint_follower', 'ament_prefix_path')
[42.232s] INFO:colcon.colcon_core.plugin_system:Skipping extension 'colcon_core.shell.bat': Not used on non-Windows systems
[42.233s] INFO:colcon.colcon_core.shell:Creating environment hook '/home/jetson/Documents/Ros2PP/install/my_waypoint_follower/share/my_waypoint_follower/hook/ament_prefix_path.ps1'
[42.237s] INFO:colcon.colcon_core.shell:Creating environment descriptor '/home/jetson/Documents/Ros2PP/install/my_waypoint_follower/share/my_waypoint_follower/hook/ament_prefix_path.dsv'
[42.239s] INFO:colcon.colcon_core.shell:Creating environment hook '/home/jetson/Documents/Ros2PP/install/my_waypoint_follower/share/my_waypoint_follower/hook/ament_prefix_path.sh'
[42.696s] INFO:colcon.colcon_core.shell:Skip shell extension 'powershell' for command environment: Not usable outside of PowerShell
[42.696s] DEBUG:colcon.colcon_core.shell:Skip shell extension 'dsv' for command environment
[47.537s] INFO:colcon.colcon_core.task.python.build:Building Python package in '/home/jetson/Documents/Ros2PP/src/my_waypoint_follower'
[48.017s] INFO:colcon.colcon_core.shell:Skip shell extension 'powershell' for command environment: Not usable outside of PowerShell
[48.018s] DEBUG:colcon.colcon_core.shell:Skip shell extension 'dsv' for command environment
[55.792s] DEBUG:colcon.colcon_core.event_handler.log_command:Invoking command in '/home/jetson/Documents/Ros2PP/build/my_waypoint_follower': PYTHONPATH=/home/jetson/Documents/Ros2PP/build/my_waypoint_follower/prefix_override:/home/jetson/Documents/Ros2PP/install/my_waypoint_follower/lib/python3.8/site-packages:${PYTHONPATH} /usr/bin/python3 setup.py develop --editable --build-directory /home/jetson/Documents/Ros2PP/build/my_waypoint_follower/build --no-deps install_data
[60.303s] Level 1:colcon.colcon_core.shell:create_environment_hook('my_waypoint_follower', 'pythonpath_develop')
[60.307s] DEBUG:colcon.colcon_core.event_handler.log_command:Invoked command in '/home/jetson/Documents/Ros2PP/build/my_waypoint_follower' returned '0': PYTHONPATH=/home/jetson/Documents/Ros2PP/build/my_waypoint_follower/prefix_override:/home/jetson/Documents/Ros2PP/install/my_waypoint_follower/lib/python3.8/site-packages:${PYTHONPATH} /usr/bin/python3 setup.py develop --editable --build-directory /home/jetson/Documents/Ros2PP/build/my_waypoint_follower/build --no-deps install_data
[60.781s] INFO:colcon.colcon_core.shell:Creating environment hook '/home/jetson/Documents/Ros2PP/build/my_waypoint_follower/share/my_waypoint_follower/hook/pythonpath_develop.ps1'
[60.784s] INFO:colcon.colcon_core.shell:Creating environment descriptor '/home/jetson/Documents/Ros2PP/build/my_waypoint_follower/share/my_waypoint_follower/hook/pythonpath_develop.dsv'
[60.791s] INFO:colcon.colcon_core.shell:Creating environment hook '/home/jetson/Documents/Ros2PP/build/my_waypoint_follower/share/my_waypoint_follower/hook/pythonpath_develop.sh'
[61.418s] Level 1:colcon.colcon_core.environment:checking '/home/jetson/Documents/Ros2PP/install/my_waypoint_follower' for CMake module files
[61.420s] Level 1:colcon.colcon_core.environment:checking '/home/jetson/Documents/Ros2PP/install/my_waypoint_follower' for CMake config files
[61.423s] Level 1:colcon.colcon_core.environment:checking '/home/jetson/Documents/Ros2PP/install/my_waypoint_follower/lib'
[61.424s] Level 1:colcon.colcon_core.environment:checking '/home/jetson/Documents/Ros2PP/install/my_waypoint_follower/bin'
[61.424s] Level 1:colcon.colcon_core.environment:checking '/home/jetson/Documents/Ros2PP/install/my_waypoint_follower/lib/pkgconfig/my_waypoint_follower.pc'
[61.425s] Level 1:colcon.colcon_core.environment:checking '/home/jetson/Documents/Ros2PP/install/my_waypoint_follower/lib/python3.8/site-packages'
[61.425s] Level 1:colcon.colcon_core.shell:create_environment_hook('my_waypoint_follower', 'pythonpath')
[61.897s] INFO:colcon.colcon_core.shell:Creating environment hook '/home/jetson/Documents/Ros2PP/install/my_waypoint_follower/share/my_waypoint_follower/hook/pythonpath.ps1'
[61.899s] INFO:colcon.colcon_core.shell:Creating environment descriptor '/home/jetson/Documents/Ros2PP/install/my_waypoint_follower/share/my_waypoint_follower/hook/pythonpath.dsv'
[61.907s] INFO:colcon.colcon_core.shell:Creating environment hook '/home/jetson/Documents/Ros2PP/install/my_waypoint_follower/share/my_waypoint_follower/hook/pythonpath.sh'
[61.909s] Level 1:colcon.colcon_core.environment:checking '/home/jetson/Documents/Ros2PP/install/my_waypoint_follower/bin'
[61.910s] Level 1:colcon.colcon_core.environment:create_environment_scripts_only(my_waypoint_follower)
[62.366s] INFO:colcon.colcon_core.shell:Creating package script '/home/jetson/Documents/Ros2PP/install/my_waypoint_follower/share/my_waypoint_follower/package.ps1'
[62.507s] INFO:colcon.colcon_core.shell:Creating package descriptor '/home/jetson/Documents/Ros2PP/install/my_waypoint_follower/share/my_waypoint_follower/package.dsv'
[62.511s] INFO:colcon.colcon_core.shell:Creating package script '/home/jetson/Documents/Ros2PP/install/my_waypoint_follower/share/my_waypoint_follower/package.sh'
[62.514s] INFO:colcon.colcon_core.shell:Creating package script '/home/jetson/Documents/Ros2PP/install/my_waypoint_follower/share/my_waypoint_follower/package.bash'
[62.519s] INFO:colcon.colcon_core.shell:Creating package script '/home/jetson/Documents/Ros2PP/install/my_waypoint_follower/share/my_waypoint_follower/package.zsh'
[62.523s] Level 1:colcon.colcon_core.environment:create_file_with_runtime_dependencies(/home/jetson/Documents/Ros2PP/install/my_waypoint_follower/share/colcon-core/packages/my_waypoint_follower)
[62.525s] DEBUG:colcon.colcon_parallel_executor.executor.parallel:closing loop
[62.527s] DEBUG:colcon.colcon_parallel_executor.executor.parallel:loop closed
[62.527s] DEBUG:colcon.colcon_parallel_executor.executor.parallel:run_until_complete finished with '0'
[62.527s] DEBUG:colcon.colcon_core.event_reactor:joining thread
[63.179s] INFO:colcon.colcon_core.plugin_system:Skipping extension 'colcon_notification.desktop_notification.terminal_notifier': Not used on non-Darwin systems
[63.180s] INFO:colcon.colcon_core.plugin_system:Skipping extension 'colcon_notification.desktop_notification.win32': Not used on non-Windows systems
[63.180s] INFO:colcon.colcon_notification.desktop_notification:Sending desktop notification using 'notify2'
[63.257s] DEBUG:colcon.colcon_core.event_reactor:joined thread
[63.751s] INFO:colcon.colcon_core.shell:Creating prefix script '/home/jetson/Documents/Ros2PP/install/local_setup.ps1'
[63.891s] INFO:colcon.colcon_core.shell:Creating prefix util module '/home/jetson/Documents/Ros2PP/install/_local_setup_util_ps1.py'
[63.896s] INFO:colcon.colcon_core.shell:Creating prefix chain script '/home/jetson/Documents/Ros2PP/install/setup.ps1'
[64.544s] INFO:colcon.colcon_core.shell:Creating prefix script '/home/jetson/Documents/Ros2PP/install/local_setup.sh'
[64.547s] INFO:colcon.colcon_core.shell:Creating prefix util module '/home/jetson/Documents/Ros2PP/install/_local_setup_util_sh.py'
[64.549s] INFO:colcon.colcon_core.shell:Creating prefix chain script '/home/jetson/Documents/Ros2PP/install/setup.sh'
[65.199s] INFO:colcon.colcon_core.shell:Creating prefix script '/home/jetson/Documents/Ros2PP/install/local_setup.bash'
[65.201s] INFO:colcon.colcon_core.shell:Creating prefix chain script '/home/jetson/Documents/Ros2PP/install/setup.bash'
[65.846s] INFO:colcon.colcon_core.shell:Creating prefix script '/home/jetson/Documents/Ros2PP/install/local_setup.zsh'
[65.848s] INFO:colcon.colcon_core.shell:Creating prefix chain script '/home/jetson/Documents/Ros2PP/install/setup.zsh'
