running develop
running egg_info
creating my_waypoint_follower.egg-info
writing my_waypoint_follower.egg-info/PKG-INFO
writing dependency_links to my_waypoint_follower.egg-info/dependency_links.txt
writing entry points to my_waypoint_follower.egg-info/entry_points.txt
writing requirements to my_waypoint_follower.egg-info/requires.txt
writing top-level names to my_waypoint_follower.egg-info/top_level.txt
writing manifest file 'my_waypoint_follower.egg-info/SOURCES.txt'
reading manifest file 'my_waypoint_follower.egg-info/SOURCES.txt'
writing manifest file 'my_waypoint_follower.egg-info/SOURCES.txt'
running build_ext
Creating /home/yiminglinux/Documents/Ros2PP/install/my_waypoint_follower/lib/python3.8/site-packages/site.py
Creating /home/yiminglinux/Documents/Ros2PP/install/my_waypoint_follower/lib/python3.8/site-packages/my-waypoint-follower.egg-link (link to .)
Installing pose_subscriber script to /home/yiminglinux/Documents/Ros2PP/install/my_waypoint_follower/lib/my_waypoint_follower

Installed /home/yiminglinux/Documents/Ros2PP/build/my_waypoint_follower
running install_data
creating /home/yiminglinux/Documents/Ros2PP/install/my_waypoint_follower/share/ament_index
creating /home/yiminglinux/Documents/Ros2PP/install/my_waypoint_follower/share/ament_index/resource_index
creating /home/yiminglinux/Documents/Ros2PP/install/my_waypoint_follower/share/ament_index/resource_index/packages
copying resource/my_waypoint_follower -> /home/yiminglinux/Documents/Ros2PP/install/my_waypoint_follower/share/ament_index/resource_index/packages
copying package.xml -> /home/yiminglinux/Documents/Ros2PP/install/my_waypoint_follower/share/my_waypoint_follower
