[0.676s] Invoking command in '/home/yiminglinux/Documents/Ros2PP/build/my_waypoint_follower': PYTHONPATH=/home/yiminglinux/Documents/Ros2PP/build/my_waypoint_follower/prefix_override:/home/yiminglinux/Documents/Ros2PP/install/my_waypoint_follower/lib/python3.8/site-packages:${PYTHONPATH} /usr/bin/python3 setup.py develop --editable --build-directory /home/yiminglinux/Documents/Ros2PP/build/my_waypoint_follower/build --no-deps install_data
[0.928s] running develop
[1.079s] running egg_info
[1.080s] creating my_waypoint_follower.egg-info
[1.080s] writing my_waypoint_follower.egg-info/PKG-INFO
[1.080s] writing dependency_links to my_waypoint_follower.egg-info/dependency_links.txt
[1.080s] writing entry points to my_waypoint_follower.egg-info/entry_points.txt
[1.080s] writing requirements to my_waypoint_follower.egg-info/requires.txt
[1.080s] writing top-level names to my_waypoint_follower.egg-info/top_level.txt
[1.082s] writing manifest file 'my_waypoint_follower.egg-info/SOURCES.txt'
[1.115s] reading manifest file 'my_waypoint_follower.egg-info/SOURCES.txt'
[1.115s] writing manifest file 'my_waypoint_follower.egg-info/SOURCES.txt'
[1.156s] running build_ext
[1.156s] Creating /home/yiminglinux/Documents/Ros2PP/install/my_waypoint_follower/lib/python3.8/site-packages/site.py
[1.159s] Creating /home/yiminglinux/Documents/Ros2PP/install/my_waypoint_follower/lib/python3.8/site-packages/my-waypoint-follower.egg-link (link to .)
[1.160s] Installing pose_subscriber script to /home/yiminglinux/Documents/Ros2PP/install/my_waypoint_follower/lib/my_waypoint_follower
[1.161s] 
[1.161s] Installed /home/yiminglinux/Documents/Ros2PP/build/my_waypoint_follower
[1.161s] running install_data
[1.161s] creating /home/yiminglinux/Documents/Ros2PP/install/my_waypoint_follower/share/ament_index
[1.161s] creating /home/yiminglinux/Documents/Ros2PP/install/my_waypoint_follower/share/ament_index/resource_index
[1.162s] creating /home/yiminglinux/Documents/Ros2PP/install/my_waypoint_follower/share/ament_index/resource_index/packages
[1.162s] copying resource/my_waypoint_follower -> /home/yiminglinux/Documents/Ros2PP/install/my_waypoint_follower/share/ament_index/resource_index/packages
[1.162s] copying package.xml -> /home/yiminglinux/Documents/Ros2PP/install/my_waypoint_follower/share/my_waypoint_follower
[1.191s] Invoked command in '/home/yiminglinux/Documents/Ros2PP/build/my_waypoint_follower' returned '0': PYTHONPATH=/home/yiminglinux/Documents/Ros2PP/build/my_waypoint_follower/prefix_override:/home/yiminglinux/Documents/Ros2PP/install/my_waypoint_follower/lib/python3.8/site-packages:${PYTHONPATH} /usr/bin/python3 setup.py develop --editable --build-directory /home/yiminglinux/Documents/Ros2PP/build/my_waypoint_follower/build --no-deps install_data
